[2026-06-17T14:34:52.930+0000] {local_task_job_runner.py:120} INFO - ::group::Pre task execution logs
[2026-06-17T14:34:52.960+0000] {taskinstance.py:2076} INFO - Dependencies all met for dep_context=non-requeueable deps ti=<TaskInstance: warehouse_etl.internal_movement scheduled__2026-06-16T08:00:00+00:00 [queued]>
[2026-06-17T14:34:52.970+0000] {taskinstance.py:2076} INFO - Dependencies all met for dep_context=requeueable deps ti=<TaskInstance: warehouse_etl.internal_movement scheduled__2026-06-16T08:00:00+00:00 [queued]>
[2026-06-17T14:34:52.971+0000] {taskinstance.py:2306} INFO - Starting attempt 1 of 2
[2026-06-17T14:34:52.985+0000] {taskinstance.py:2330} INFO - Executing <Task(PythonOperator): internal_movement> on 2026-06-16 08:00:00+00:00
[2026-06-17T14:34:52.992+0000] {standard_task_runner.py:64} INFO - Started process 4925 to run task
[2026-06-17T14:34:52.997+0000] {standard_task_runner.py:90} INFO - Running: ['***', 'tasks', 'run', 'warehouse_etl', 'internal_movement', 'scheduled__2026-06-16T08:00:00+00:00', '--job-id', '177', '--raw', '--subdir', 'DAGS_FOLDER/warehouse_dag.py', '--cfg-path', '/tmp/tmpxgwesl40']
[2026-06-17T14:34:53.002+0000] {standard_task_runner.py:91} INFO - Job 177: Subtask internal_movement
[2026-06-17T14:34:53.125+0000] {task_command.py:426} INFO - Running <TaskInstance: warehouse_etl.internal_movement scheduled__2026-06-16T08:00:00+00:00 [running]> on host 04e5673ffdd2
[2026-06-17T14:34:53.243+0000] {taskinstance.py:2648} INFO - Exporting env vars: AIRFLOW_CTX_DAG_OWNER='yusufjon' AIRFLOW_CTX_DAG_ID='warehouse_etl' AIRFLOW_CTX_TASK_ID='internal_movement' AIRFLOW_CTX_EXECUTION_DATE='2026-06-16T08:00:00+00:00' AIRFLOW_CTX_TRY_NUMBER='1' AIRFLOW_CTX_DAG_RUN_ID='scheduled__2026-06-16T08:00:00+00:00'
[2026-06-17T14:34:53.245+0000] {taskinstance.py:430} INFO - ::endgroup::
[2026-06-17T14:34:53.258+0000] {logging_mixin.py:188} INFO - === Internal Movement pipeline ===
[2026-06-17T14:34:53.261+0000] {logging_mixin.py:188} INFO - [FETCH] https://smartup.online/b/anor/mxsx/mkw/movement$export
[2026-06-17T14:34:55.105+0000] {logging_mixin.py:188} INFO - [OK] 0 ta yozuv olindi
[2026-06-17T14:34:55.117+0000] {logging_mixin.py:188} INFO - Ma'lumot kelmadi, pipeline to'xtatildi.
[2026-06-17T14:34:55.119+0000] {python.py:237} INFO - Done. Returned value was: None
[2026-06-17T14:34:55.120+0000] {taskinstance.py:441} INFO - ::group::Post task execution logs
[2026-06-17T14:34:55.140+0000] {taskinstance.py:1206} INFO - Marking task as SUCCESS. dag_id=warehouse_etl, task_id=internal_movement, run_id=scheduled__2026-06-16T08:00:00+00:00, execution_date=20260616T080000, start_date=20260617T143452, end_date=20260617T143455
[2026-06-17T14:34:55.181+0000] {local_task_job_runner.py:243} INFO - Task exited with return code 0
[2026-06-17T14:34:55.213+0000] {taskinstance.py:3503} INFO - 0 downstream tasks scheduled from follow-on schedule check
[2026-06-17T14:34:55.219+0000] {local_task_job_runner.py:222} INFO - ::endgroup::
