[2026-06-17T13:16:52.236+0000] {local_task_job_runner.py:120} INFO - ::group::Pre task execution logs
[2026-06-17T13:16:52.311+0000] {taskinstance.py:2076} INFO - Dependencies all met for dep_context=non-requeueable deps ti=<TaskInstance: references_etl.workspaces manual__2026-06-17T13:16:50.080699+00:00 [queued]>
[2026-06-17T13:16:52.338+0000] {taskinstance.py:2076} INFO - Dependencies all met for dep_context=requeueable deps ti=<TaskInstance: references_etl.workspaces manual__2026-06-17T13:16:50.080699+00:00 [queued]>
[2026-06-17T13:16:52.342+0000] {taskinstance.py:2306} INFO - Starting attempt 1 of 2
[2026-06-17T13:16:52.368+0000] {taskinstance.py:2330} INFO - Executing <Task(PythonOperator): workspaces> on 2026-06-17 13:16:50.080699+00:00
[2026-06-17T13:16:52.383+0000] {standard_task_runner.py:64} INFO - Started process 2155 to run task
[2026-06-17T13:16:52.393+0000] {standard_task_runner.py:90} INFO - Running: ['***', 'tasks', 'run', 'references_etl', 'workspaces', 'manual__2026-06-17T13:16:50.080699+00:00', '--job-id', '147', '--raw', '--subdir', 'DAGS_FOLDER/references_dag.py', '--cfg-path', '/tmp/tmpq4w3qsoc']
[2026-06-17T13:16:52.401+0000] {standard_task_runner.py:91} INFO - Job 147: Subtask workspaces
[2026-06-17T13:16:52.601+0000] {task_command.py:426} INFO - Running <TaskInstance: references_etl.workspaces manual__2026-06-17T13:16:50.080699+00:00 [running]> on host 04e5673ffdd2
[2026-06-17T13:16:52.927+0000] {taskinstance.py:2648} INFO - Exporting env vars: AIRFLOW_CTX_DAG_OWNER='yusufjon' AIRFLOW_CTX_DAG_ID='references_etl' AIRFLOW_CTX_TASK_ID='workspaces' AIRFLOW_CTX_EXECUTION_DATE='2026-06-17T13:16:50.080699+00:00' AIRFLOW_CTX_TRY_NUMBER='1' AIRFLOW_CTX_DAG_RUN_ID='manual__2026-06-17T13:16:50.080699+00:00'
[2026-06-17T13:16:52.929+0000] {taskinstance.py:430} INFO - ::endgroup::
[2026-06-17T13:16:52.961+0000] {logging_mixin.py:188} INFO - === Workspace pipeline ===
[2026-06-17T13:16:52.966+0000] {logging_mixin.py:188} INFO - [FETCH] https://smartup.online/b/anor/mxsx/mrf/room$export
[2026-06-17T13:16:55.641+0000] {logging_mixin.py:188} INFO - [OK] 62 ta yozuv olindi
[2026-06-17T13:16:56.111+0000] {logging_mixin.py:188} INFO - [DB] 'workspaces' — 55 ta qator yuklandi.
[2026-06-17T13:16:56.112+0000] {logging_mixin.py:188} INFO - === Workspace pipeline tugadi ===
[2026-06-17T13:16:56.113+0000] {python.py:237} INFO - Done. Returned value was: None
[2026-06-17T13:16:56.114+0000] {taskinstance.py:441} INFO - ::group::Post task execution logs
[2026-06-17T13:16:56.137+0000] {taskinstance.py:1206} INFO - Marking task as SUCCESS. dag_id=references_etl, task_id=workspaces, run_id=manual__2026-06-17T13:16:50.080699+00:00, execution_date=20260617T131650, start_date=20260617T131652, end_date=20260617T131656
[2026-06-17T13:16:56.178+0000] {local_task_job_runner.py:243} INFO - Task exited with return code 0
[2026-06-17T13:16:56.224+0000] {taskinstance.py:3503} INFO - 0 downstream tasks scheduled from follow-on schedule check
[2026-06-17T13:16:56.231+0000] {local_task_job_runner.py:222} INFO - ::endgroup::
