[2026-06-19T08:19:16.351+0000] {local_task_job_runner.py:120} INFO - ::group::Pre task execution logs
[2026-06-19T08:19:16.432+0000] {taskinstance.py:2076} INFO - Dependencies all met for dep_context=non-requeueable deps ti=<TaskInstance: references_etl.inventory_price scheduled__2026-06-18T06:00:00+00:00 [queued]>
[2026-06-19T08:19:16.455+0000] {taskinstance.py:2076} INFO - Dependencies all met for dep_context=requeueable deps ti=<TaskInstance: references_etl.inventory_price scheduled__2026-06-18T06:00:00+00:00 [queued]>
[2026-06-19T08:19:16.461+0000] {taskinstance.py:2306} INFO - Starting attempt 2 of 2
[2026-06-19T08:19:16.501+0000] {taskinstance.py:2330} INFO - Executing <Task(PythonOperator): inventory_price> on 2026-06-18 06:00:00+00:00
[2026-06-19T08:19:16.520+0000] {standard_task_runner.py:64} INFO - Started process 9918 to run task
[2026-06-19T08:19:16.527+0000] {standard_task_runner.py:90} INFO - Running: ['***', 'tasks', 'run', 'references_etl', 'inventory_price', 'scheduled__2026-06-18T06:00:00+00:00', '--job-id', '258', '--raw', '--subdir', 'DAGS_FOLDER/references_dag.py', '--cfg-path', '/tmp/tmplee_ln89']
[2026-06-19T08:19:16.558+0000] {standard_task_runner.py:91} INFO - Job 258: Subtask inventory_price
[2026-06-19T08:19:16.794+0000] {task_command.py:426} INFO - Running <TaskInstance: references_etl.inventory_price scheduled__2026-06-18T06:00:00+00:00 [running]> on host 04e5673ffdd2
[2026-06-19T08:19:17.394+0000] {taskinstance.py:2648} INFO - Exporting env vars: AIRFLOW_CTX_DAG_OWNER='yusufjon' AIRFLOW_CTX_DAG_ID='references_etl' AIRFLOW_CTX_TASK_ID='inventory_price' AIRFLOW_CTX_EXECUTION_DATE='2026-06-18T06:00:00+00:00' AIRFLOW_CTX_TRY_NUMBER='2' AIRFLOW_CTX_DAG_RUN_ID='scheduled__2026-06-18T06:00:00+00:00'
[2026-06-19T08:19:17.409+0000] {taskinstance.py:430} INFO - ::endgroup::
[2026-06-19T08:19:17.479+0000] {logging_mixin.py:188} INFO - === Inventory Price pipeline ===
[2026-06-19T08:19:17.509+0000] {logging_mixin.py:188} INFO - [FETCH] https://smartup.online/b/anor/api/v2/mkf/product_price$export
[2026-06-19T08:19:21.216+0000] {logging_mixin.py:188} INFO - [OK] 1208 ta yozuv olindi
[2026-06-19T08:19:21.944+0000] {logging_mixin.py:188} INFO - [DB] 'inventory_prices' — 400 ta qator yuklandi.
[2026-06-19T08:19:22.322+0000] {logging_mixin.py:188} INFO - [DB] 'inventory_price_detail' — 340 ta qator yuklandi.
[2026-06-19T08:19:22.323+0000] {logging_mixin.py:188} INFO - === Inventory Price pipeline tugadi ===
[2026-06-19T08:19:22.324+0000] {python.py:237} INFO - Done. Returned value was: None
[2026-06-19T08:19:22.325+0000] {taskinstance.py:441} INFO - ::group::Post task execution logs
[2026-06-19T08:19:22.344+0000] {taskinstance.py:1206} INFO - Marking task as SUCCESS. dag_id=references_etl, task_id=inventory_price, run_id=scheduled__2026-06-18T06:00:00+00:00, execution_date=20260618T060000, start_date=20260619T081916, end_date=20260619T081922
[2026-06-19T08:19:22.391+0000] {local_task_job_runner.py:243} INFO - Task exited with return code 0
[2026-06-19T08:19:22.409+0000] {local_task_job_runner.py:222} INFO - ::endgroup::
