[2026-06-19T08:19:18.240+0000] {local_task_job_runner.py:120} INFO - ::group::Pre task execution logs
[2026-06-19T08:19:18.350+0000] {taskinstance.py:2076} INFO - Dependencies all met for dep_context=non-requeueable deps ti=<TaskInstance: references_etl.contracts scheduled__2026-06-18T06:00:00+00:00 [queued]>
[2026-06-19T08:19:18.388+0000] {taskinstance.py:2076} INFO - Dependencies all met for dep_context=requeueable deps ti=<TaskInstance: references_etl.contracts scheduled__2026-06-18T06:00:00+00:00 [queued]>
[2026-06-19T08:19:18.396+0000] {taskinstance.py:2306} INFO - Starting attempt 2 of 2
[2026-06-19T08:19:18.511+0000] {taskinstance.py:2330} INFO - Executing <Task(PythonOperator): contracts> on 2026-06-18 06:00:00+00:00
[2026-06-19T08:19:18.548+0000] {standard_task_runner.py:64} INFO - Started process 9935 to run task
[2026-06-19T08:19:18.556+0000] {standard_task_runner.py:90} INFO - Running: ['***', 'tasks', 'run', 'references_etl', 'contracts', 'scheduled__2026-06-18T06:00:00+00:00', '--job-id', '275', '--raw', '--subdir', 'DAGS_FOLDER/references_dag.py', '--cfg-path', '/tmp/tmpjbenvfjd']
[2026-06-19T08:19:18.592+0000] {standard_task_runner.py:91} INFO - Job 275: Subtask contracts
[2026-06-19T08:19:18.894+0000] {task_command.py:426} INFO - Running <TaskInstance: references_etl.contracts scheduled__2026-06-18T06:00:00+00:00 [running]> on host 04e5673ffdd2
[2026-06-19T08:19:19.181+0000] {taskinstance.py:2648} INFO - Exporting env vars: AIRFLOW_CTX_DAG_OWNER='yusufjon' AIRFLOW_CTX_DAG_ID='references_etl' AIRFLOW_CTX_TASK_ID='contracts' AIRFLOW_CTX_EXECUTION_DATE='2026-06-18T06:00:00+00:00' AIRFLOW_CTX_TRY_NUMBER='2' AIRFLOW_CTX_DAG_RUN_ID='scheduled__2026-06-18T06:00:00+00:00'
[2026-06-19T08:19:19.186+0000] {taskinstance.py:430} INFO - ::endgroup::
[2026-06-19T08:19:19.217+0000] {logging_mixin.py:188} INFO - === Contract pipeline ===
[2026-06-19T08:19:19.224+0000] {logging_mixin.py:188} INFO - [FETCH] https://smartup.online/b/anor/mxsx/mkf/contract$export
[2026-06-19T08:19:22.479+0000] {logging_mixin.py:188} INFO - [OK] 68 ta yozuv olindi
[2026-06-19T08:19:23.085+0000] {logging_mixin.py:188} INFO - [DB] 'contracts' — 58 ta qator yuklandi.
[2026-06-19T08:19:23.086+0000] {logging_mixin.py:188} INFO - [SKIP] 'sub_contracts' bo'sh, o'tkazib yuborildi.
[2026-06-19T08:19:23.087+0000] {logging_mixin.py:188} INFO - === Contract pipeline tugadi ===
[2026-06-19T08:19:23.089+0000] {python.py:237} INFO - Done. Returned value was: None
[2026-06-19T08:19:23.091+0000] {taskinstance.py:441} INFO - ::group::Post task execution logs
[2026-06-19T08:19:23.113+0000] {taskinstance.py:1206} INFO - Marking task as SUCCESS. dag_id=references_etl, task_id=contracts, run_id=scheduled__2026-06-18T06:00:00+00:00, execution_date=20260618T060000, start_date=20260619T081918, end_date=20260619T081923
[2026-06-19T08:19:23.150+0000] {local_task_job_runner.py:243} INFO - Task exited with return code 0
[2026-06-19T08:19:23.180+0000] {taskinstance.py:3503} INFO - 0 downstream tasks scheduled from follow-on schedule check
[2026-06-19T08:19:23.183+0000] {local_task_job_runner.py:222} INFO - ::endgroup::
