[2026-06-18T10:03:11.233+0000] {local_task_job_runner.py:120} INFO - ::group::Pre task execution logs
[2026-06-18T10:03:11.458+0000] {taskinstance.py:2076} INFO - Dependencies all met for dep_context=non-requeueable deps ti=<TaskInstance: references_etl.services scheduled__2026-06-17T06:00:00+00:00 [queued]>
[2026-06-18T10:03:11.506+0000] {taskinstance.py:2076} INFO - Dependencies all met for dep_context=requeueable deps ti=<TaskInstance: references_etl.services scheduled__2026-06-17T06:00:00+00:00 [queued]>
[2026-06-18T10:03:11.523+0000] {taskinstance.py:2306} INFO - Starting attempt 2 of 2
[2026-06-18T10:03:11.564+0000] {taskinstance.py:2330} INFO - Executing <Task(PythonOperator): services> on 2026-06-17 06:00:00+00:00
[2026-06-18T10:03:11.593+0000] {standard_task_runner.py:64} INFO - Started process 7433 to run task
[2026-06-18T10:03:11.628+0000] {standard_task_runner.py:90} INFO - Running: ['***', 'tasks', 'run', 'references_etl', 'services', 'scheduled__2026-06-17T06:00:00+00:00', '--job-id', '231', '--raw', '--subdir', 'DAGS_FOLDER/references_dag.py', '--cfg-path', '/tmp/tmpxi5pzk89']
[2026-06-18T10:03:11.671+0000] {standard_task_runner.py:91} INFO - Job 231: Subtask services
[2026-06-18T10:03:12.099+0000] {task_command.py:426} INFO - Running <TaskInstance: references_etl.services scheduled__2026-06-17T06:00:00+00:00 [running]> on host 04e5673ffdd2
[2026-06-18T10:03:12.382+0000] {taskinstance.py:2648} INFO - Exporting env vars: AIRFLOW_CTX_DAG_OWNER='yusufjon' AIRFLOW_CTX_DAG_ID='references_etl' AIRFLOW_CTX_TASK_ID='services' AIRFLOW_CTX_EXECUTION_DATE='2026-06-17T06:00:00+00:00' AIRFLOW_CTX_TRY_NUMBER='2' AIRFLOW_CTX_DAG_RUN_ID='scheduled__2026-06-17T06:00:00+00:00'
[2026-06-18T10:03:12.385+0000] {taskinstance.py:430} INFO - ::endgroup::
[2026-06-18T10:03:12.402+0000] {logging_mixin.py:188} INFO - === Service pipeline ===
[2026-06-18T10:03:12.409+0000] {logging_mixin.py:188} INFO - [FETCH] https://smartup.online/b/anor/mxsx/mr/service$export
[2026-06-18T10:03:15.401+0000] {logging_mixin.py:188} INFO - [OK] 40 ta yozuv olindi
[2026-06-18T10:03:16.006+0000] {logging_mixin.py:188} INFO - [DB] 'services' — 39 ta qator yuklandi.
[2026-06-18T10:03:16.216+0000] {logging_mixin.py:188} INFO - [DB] 'service_group' — 10 ta qator yuklandi.
[2026-06-18T10:03:16.219+0000] {logging_mixin.py:188} INFO - === Service pipeline tugadi ===
[2026-06-18T10:03:16.225+0000] {python.py:237} INFO - Done. Returned value was: None
[2026-06-18T10:03:16.231+0000] {taskinstance.py:441} INFO - ::group::Post task execution logs
[2026-06-18T10:03:16.251+0000] {taskinstance.py:1206} INFO - Marking task as SUCCESS. dag_id=references_etl, task_id=services, run_id=scheduled__2026-06-17T06:00:00+00:00, execution_date=20260617T060000, start_date=20260618T100311, end_date=20260618T100316
[2026-06-18T10:03:16.313+0000] {local_task_job_runner.py:243} INFO - Task exited with return code 0
[2026-06-18T10:03:16.344+0000] {taskinstance.py:3503} INFO - 0 downstream tasks scheduled from follow-on schedule check
[2026-06-18T10:03:16.356+0000] {local_task_job_runner.py:222} INFO - ::endgroup::
