[2026-06-17T13:16:52.241+0000] {local_task_job_runner.py:120} INFO - ::group::Pre task execution logs
[2026-06-17T13:16:52.312+0000] {taskinstance.py:2076} INFO - Dependencies all met for dep_context=non-requeueable deps ti=<TaskInstance: references_etl.price_type manual__2026-06-17T13:16:50.080699+00:00 [queued]>
[2026-06-17T13:16:52.329+0000] {taskinstance.py:2076} INFO - Dependencies all met for dep_context=requeueable deps ti=<TaskInstance: references_etl.price_type manual__2026-06-17T13:16:50.080699+00:00 [queued]>
[2026-06-17T13:16:52.332+0000] {taskinstance.py:2306} INFO - Starting attempt 1 of 2
[2026-06-17T13:16:52.358+0000] {taskinstance.py:2330} INFO - Executing <Task(PythonOperator): price_type> on 2026-06-17 13:16:50.080699+00:00
[2026-06-17T13:16:52.371+0000] {standard_task_runner.py:64} INFO - Started process 2154 to run task
[2026-06-17T13:16:52.381+0000] {standard_task_runner.py:90} INFO - Running: ['***', 'tasks', 'run', 'references_etl', 'price_type', 'manual__2026-06-17T13:16:50.080699+00:00', '--job-id', '146', '--raw', '--subdir', 'DAGS_FOLDER/references_dag.py', '--cfg-path', '/tmp/tmpf_jasqr_']
[2026-06-17T13:16:52.390+0000] {standard_task_runner.py:91} INFO - Job 146: Subtask price_type
[2026-06-17T13:16:52.570+0000] {task_command.py:426} INFO - Running <TaskInstance: references_etl.price_type manual__2026-06-17T13:16:50.080699+00:00 [running]> on host 04e5673ffdd2
[2026-06-17T13:16:52.840+0000] {taskinstance.py:2648} INFO - Exporting env vars: AIRFLOW_CTX_DAG_OWNER='yusufjon' AIRFLOW_CTX_DAG_ID='references_etl' AIRFLOW_CTX_TASK_ID='price_type' AIRFLOW_CTX_EXECUTION_DATE='2026-06-17T13:16:50.080699+00:00' AIRFLOW_CTX_TRY_NUMBER='1' AIRFLOW_CTX_DAG_RUN_ID='manual__2026-06-17T13:16:50.080699+00:00'
[2026-06-17T13:16:52.852+0000] {taskinstance.py:430} INFO - ::endgroup::
[2026-06-17T13:16:52.890+0000] {logging_mixin.py:188} INFO - === Price Type pipeline ===
[2026-06-17T13:16:52.904+0000] {logging_mixin.py:188} INFO - [FETCH] https://smartup.online/b/anor/api/v2/mkr/price_type$export
[2026-06-17T13:16:54.302+0000] {logging_mixin.py:188} INFO - [OK] 100 ta yozuv olindi
[2026-06-17T13:16:54.989+0000] {logging_mixin.py:188} INFO - [DB] 'price_types' — 24 ta qator yuklandi.
[2026-06-17T13:16:54.990+0000] {logging_mixin.py:188} INFO - === Price Type pipeline tugadi ===
[2026-06-17T13:16:54.991+0000] {python.py:237} INFO - Done. Returned value was: None
[2026-06-17T13:16:54.992+0000] {taskinstance.py:441} INFO - ::group::Post task execution logs
[2026-06-17T13:16:55.014+0000] {taskinstance.py:1206} INFO - Marking task as SUCCESS. dag_id=references_etl, task_id=price_type, run_id=manual__2026-06-17T13:16:50.080699+00:00, execution_date=20260617T131650, start_date=20260617T131652, end_date=20260617T131655
[2026-06-17T13:16:55.093+0000] {local_task_job_runner.py:243} INFO - Task exited with return code 0
[2026-06-17T13:16:55.172+0000] {taskinstance.py:3503} INFO - 0 downstream tasks scheduled from follow-on schedule check
[2026-06-17T13:16:55.184+0000] {local_task_job_runner.py:222} INFO - ::endgroup::
