[2026-06-18T10:03:10.273+0000] {local_task_job_runner.py:120} INFO - ::group::Pre task execution logs
[2026-06-18T10:03:10.452+0000] {taskinstance.py:2076} INFO - Dependencies all met for dep_context=non-requeueable deps ti=<TaskInstance: references_etl.price_type scheduled__2026-06-17T06:00:00+00:00 [queued]>
[2026-06-18T10:03:10.495+0000] {taskinstance.py:2076} INFO - Dependencies all met for dep_context=requeueable deps ti=<TaskInstance: references_etl.price_type scheduled__2026-06-17T06:00:00+00:00 [queued]>
[2026-06-18T10:03:10.509+0000] {taskinstance.py:2306} INFO - Starting attempt 2 of 2
[2026-06-18T10:03:10.593+0000] {taskinstance.py:2330} INFO - Executing <Task(PythonOperator): price_type> on 2026-06-17 06:00:00+00:00
[2026-06-18T10:03:10.642+0000] {standard_task_runner.py:64} INFO - Started process 7432 to run task
[2026-06-18T10:03:10.667+0000] {standard_task_runner.py:90} INFO - Running: ['***', 'tasks', 'run', 'references_etl', 'price_type', 'scheduled__2026-06-17T06:00:00+00:00', '--job-id', '225', '--raw', '--subdir', 'DAGS_FOLDER/references_dag.py', '--cfg-path', '/tmp/tmpmkmwhxp8']
[2026-06-18T10:03:10.739+0000] {standard_task_runner.py:91} INFO - Job 225: Subtask price_type
[2026-06-18T10:03:11.026+0000] {task_command.py:426} INFO - Running <TaskInstance: references_etl.price_type scheduled__2026-06-17T06:00:00+00:00 [running]> on host 04e5673ffdd2
[2026-06-18T10:03:11.441+0000] {taskinstance.py:2648} INFO - Exporting env vars: AIRFLOW_CTX_DAG_OWNER='yusufjon' AIRFLOW_CTX_DAG_ID='references_etl' AIRFLOW_CTX_TASK_ID='price_type' AIRFLOW_CTX_EXECUTION_DATE='2026-06-17T06:00:00+00:00' AIRFLOW_CTX_TRY_NUMBER='2' AIRFLOW_CTX_DAG_RUN_ID='scheduled__2026-06-17T06:00:00+00:00'
[2026-06-18T10:03:11.461+0000] {taskinstance.py:430} INFO - ::endgroup::
[2026-06-18T10:03:11.526+0000] {logging_mixin.py:188} INFO - === Price Type pipeline ===
[2026-06-18T10:03:11.648+0000] {logging_mixin.py:188} INFO - [FETCH] https://smartup.online/b/anor/api/v2/mkr/price_type$export
[2026-06-18T10:03:12.560+0000] {logging_mixin.py:188} INFO - [OK] 100 ta yozuv olindi
[2026-06-18T10:03:13.755+0000] {logging_mixin.py:188} INFO - [DB] 'price_types' — 24 ta qator yuklandi.
[2026-06-18T10:03:13.756+0000] {logging_mixin.py:188} INFO - === Price Type pipeline tugadi ===
[2026-06-18T10:03:13.756+0000] {python.py:237} INFO - Done. Returned value was: None
[2026-06-18T10:03:13.757+0000] {taskinstance.py:441} INFO - ::group::Post task execution logs
[2026-06-18T10:03:13.777+0000] {taskinstance.py:1206} INFO - Marking task as SUCCESS. dag_id=references_etl, task_id=price_type, run_id=scheduled__2026-06-17T06:00:00+00:00, execution_date=20260617T060000, start_date=20260618T100310, end_date=20260618T100313
[2026-06-18T10:03:13.845+0000] {local_task_job_runner.py:243} INFO - Task exited with return code 0
[2026-06-18T10:03:13.870+0000] {taskinstance.py:3503} INFO - 0 downstream tasks scheduled from follow-on schedule check
[2026-06-18T10:03:13.872+0000] {local_task_job_runner.py:222} INFO - ::endgroup::
