[2026-06-19T08:19:16.274+0000] {local_task_job_runner.py:120} INFO - ::group::Pre task execution logs
[2026-06-19T08:19:16.358+0000] {taskinstance.py:2076} INFO - Dependencies all met for dep_context=non-requeueable deps ti=<TaskInstance: warehouse_etl.internal_movement scheduled__2026-06-18T06:00:00+00:00 [queued]>
[2026-06-19T08:19:16.378+0000] {taskinstance.py:2076} INFO - Dependencies all met for dep_context=requeueable deps ti=<TaskInstance: warehouse_etl.internal_movement scheduled__2026-06-18T06:00:00+00:00 [queued]>
[2026-06-19T08:19:16.383+0000] {taskinstance.py:2306} INFO - Starting attempt 2 of 2
[2026-06-19T08:19:16.424+0000] {taskinstance.py:2330} INFO - Executing <Task(PythonOperator): internal_movement> on 2026-06-18 06:00:00+00:00
[2026-06-19T08:19:16.443+0000] {standard_task_runner.py:64} INFO - Started process 9917 to run task
[2026-06-19T08:19:16.451+0000] {standard_task_runner.py:90} INFO - Running: ['***', 'tasks', 'run', 'warehouse_etl', 'internal_movement', 'scheduled__2026-06-18T06:00:00+00:00', '--job-id', '257', '--raw', '--subdir', 'DAGS_FOLDER/warehouse_dag.py', '--cfg-path', '/tmp/tmprhyxlhwz']
[2026-06-19T08:19:16.462+0000] {standard_task_runner.py:91} INFO - Job 257: Subtask internal_movement
[2026-06-19T08:19:16.669+0000] {task_command.py:426} INFO - Running <TaskInstance: warehouse_etl.internal_movement scheduled__2026-06-18T06:00:00+00:00 [running]> on host 04e5673ffdd2
[2026-06-19T08:19:17.084+0000] {taskinstance.py:2648} INFO - Exporting env vars: AIRFLOW_CTX_DAG_OWNER='yusufjon' AIRFLOW_CTX_DAG_ID='warehouse_etl' AIRFLOW_CTX_TASK_ID='internal_movement' AIRFLOW_CTX_EXECUTION_DATE='2026-06-18T06:00:00+00:00' AIRFLOW_CTX_TRY_NUMBER='2' AIRFLOW_CTX_DAG_RUN_ID='scheduled__2026-06-18T06:00:00+00:00'
[2026-06-19T08:19:17.092+0000] {taskinstance.py:430} INFO - ::endgroup::
[2026-06-19T08:19:17.136+0000] {logging_mixin.py:188} INFO - === Internal Movement pipeline ===
[2026-06-19T08:19:17.153+0000] {logging_mixin.py:188} INFO - [FETCH] https://smartup.online/b/anor/mxsx/mkw/movement$export
[2026-06-19T08:19:20.474+0000] {logging_mixin.py:188} INFO - [OK] 0 ta yozuv olindi
[2026-06-19T08:19:20.482+0000] {logging_mixin.py:188} INFO - Ma'lumot kelmadi, pipeline to'xtatildi.
[2026-06-19T08:19:20.483+0000] {python.py:237} INFO - Done. Returned value was: None
[2026-06-19T08:19:20.484+0000] {taskinstance.py:441} INFO - ::group::Post task execution logs
[2026-06-19T08:19:20.510+0000] {taskinstance.py:1206} INFO - Marking task as SUCCESS. dag_id=warehouse_etl, task_id=internal_movement, run_id=scheduled__2026-06-18T06:00:00+00:00, execution_date=20260618T060000, start_date=20260619T081916, end_date=20260619T081920
[2026-06-19T08:19:20.559+0000] {local_task_job_runner.py:243} INFO - Task exited with return code 0
[2026-06-19T08:19:20.593+0000] {taskinstance.py:3503} INFO - 0 downstream tasks scheduled from follow-on schedule check
[2026-06-19T08:19:20.598+0000] {local_task_job_runner.py:222} INFO - ::endgroup::
