[2026-06-17T13:16:52.266+0000] {local_task_job_runner.py:120} INFO - ::group::Pre task execution logs
[2026-06-17T13:16:52.344+0000] {taskinstance.py:2076} INFO - Dependencies all met for dep_context=non-requeueable deps ti=<TaskInstance: references_etl.inventory_price manual__2026-06-17T13:16:50.080699+00:00 [queued]>
[2026-06-17T13:16:52.366+0000] {taskinstance.py:2076} INFO - Dependencies all met for dep_context=requeueable deps ti=<TaskInstance: references_etl.inventory_price manual__2026-06-17T13:16:50.080699+00:00 [queued]>
[2026-06-17T13:16:52.372+0000] {taskinstance.py:2306} INFO - Starting attempt 1 of 2
[2026-06-17T13:16:52.405+0000] {taskinstance.py:2330} INFO - Executing <Task(PythonOperator): inventory_price> on 2026-06-17 13:16:50.080699+00:00
[2026-06-17T13:16:52.420+0000] {standard_task_runner.py:64} INFO - Started process 2158 to run task
[2026-06-17T13:16:52.440+0000] {standard_task_runner.py:90} INFO - Running: ['***', 'tasks', 'run', 'references_etl', 'inventory_price', 'manual__2026-06-17T13:16:50.080699+00:00', '--job-id', '151', '--raw', '--subdir', 'DAGS_FOLDER/references_dag.py', '--cfg-path', '/tmp/tmpasfxk6_e']
[2026-06-17T13:16:52.446+0000] {standard_task_runner.py:91} INFO - Job 151: Subtask inventory_price
[2026-06-17T13:16:52.635+0000] {task_command.py:426} INFO - Running <TaskInstance: references_etl.inventory_price manual__2026-06-17T13:16:50.080699+00:00 [running]> on host 04e5673ffdd2
[2026-06-17T13:16:52.963+0000] {taskinstance.py:2648} INFO - Exporting env vars: AIRFLOW_CTX_DAG_OWNER='yusufjon' AIRFLOW_CTX_DAG_ID='references_etl' AIRFLOW_CTX_TASK_ID='inventory_price' AIRFLOW_CTX_EXECUTION_DATE='2026-06-17T13:16:50.080699+00:00' AIRFLOW_CTX_TRY_NUMBER='1' AIRFLOW_CTX_DAG_RUN_ID='manual__2026-06-17T13:16:50.080699+00:00'
[2026-06-17T13:16:52.966+0000] {taskinstance.py:430} INFO - ::endgroup::
[2026-06-17T13:16:52.990+0000] {logging_mixin.py:188} INFO - === Inventory Price pipeline ===
[2026-06-17T13:16:53.000+0000] {logging_mixin.py:188} INFO - [FETCH] https://smartup.online/b/anor/api/v2/mkf/product_price$export
[2026-06-17T13:16:56.720+0000] {logging_mixin.py:188} INFO - [OK] 1208 ta yozuv olindi
[2026-06-17T13:16:57.323+0000] {logging_mixin.py:188} INFO - [DB] 'inventory_prices' — 400 ta qator yuklandi.
[2026-06-17T13:16:57.557+0000] {logging_mixin.py:188} INFO - [DB] 'inventory_price_detail' — 340 ta qator yuklandi.
[2026-06-17T13:16:57.560+0000] {logging_mixin.py:188} INFO - === Inventory Price pipeline tugadi ===
[2026-06-17T13:16:57.563+0000] {python.py:237} INFO - Done. Returned value was: None
[2026-06-17T13:16:57.564+0000] {taskinstance.py:441} INFO - ::group::Post task execution logs
[2026-06-17T13:16:57.580+0000] {taskinstance.py:1206} INFO - Marking task as SUCCESS. dag_id=references_etl, task_id=inventory_price, run_id=manual__2026-06-17T13:16:50.080699+00:00, execution_date=20260617T131650, start_date=20260617T131652, end_date=20260617T131657
[2026-06-17T13:16:57.631+0000] {local_task_job_runner.py:243} INFO - Task exited with return code 0
[2026-06-17T13:16:57.657+0000] {taskinstance.py:3503} INFO - 0 downstream tasks scheduled from follow-on schedule check
[2026-06-17T13:16:57.660+0000] {local_task_job_runner.py:222} INFO - ::endgroup::
