[2026-06-17T13:16:52.272+0000] {local_task_job_runner.py:120} INFO - ::group::Pre task execution logs
[2026-06-17T13:16:52.344+0000] {taskinstance.py:2076} INFO - Dependencies all met for dep_context=non-requeueable deps ti=<TaskInstance: references_etl.products manual__2026-06-17T13:16:50.080699+00:00 [queued]>
[2026-06-17T13:16:52.364+0000] {taskinstance.py:2076} INFO - Dependencies all met for dep_context=requeueable deps ti=<TaskInstance: references_etl.products manual__2026-06-17T13:16:50.080699+00:00 [queued]>
[2026-06-17T13:16:52.367+0000] {taskinstance.py:2306} INFO - Starting attempt 1 of 2
[2026-06-17T13:16:52.409+0000] {taskinstance.py:2330} INFO - Executing <Task(PythonOperator): products> on 2026-06-17 13:16:50.080699+00:00
[2026-06-17T13:16:52.427+0000] {standard_task_runner.py:64} INFO - Started process 2159 to run task
[2026-06-17T13:16:52.440+0000] {standard_task_runner.py:90} INFO - Running: ['***', 'tasks', 'run', 'references_etl', 'products', 'manual__2026-06-17T13:16:50.080699+00:00', '--job-id', '150', '--raw', '--subdir', 'DAGS_FOLDER/references_dag.py', '--cfg-path', '/tmp/tmpb7_72aio']
[2026-06-17T13:16:52.447+0000] {standard_task_runner.py:91} INFO - Job 150: Subtask products
[2026-06-17T13:16:52.646+0000] {task_command.py:426} INFO - Running <TaskInstance: references_etl.products manual__2026-06-17T13:16:50.080699+00:00 [running]> on host 04e5673ffdd2
[2026-06-17T13:16:52.908+0000] {taskinstance.py:2648} INFO - Exporting env vars: AIRFLOW_CTX_DAG_OWNER='yusufjon' AIRFLOW_CTX_DAG_ID='references_etl' AIRFLOW_CTX_TASK_ID='products' AIRFLOW_CTX_EXECUTION_DATE='2026-06-17T13:16:50.080699+00:00' AIRFLOW_CTX_TRY_NUMBER='1' AIRFLOW_CTX_DAG_RUN_ID='manual__2026-06-17T13:16:50.080699+00:00'
[2026-06-17T13:16:52.913+0000] {taskinstance.py:430} INFO - ::endgroup::
[2026-06-17T13:16:52.951+0000] {logging_mixin.py:188} INFO - === Products pipeline ===
[2026-06-17T13:16:52.957+0000] {logging_mixin.py:188} INFO - [FETCH] https://smartup.online/b/anor/mxsx/mr/inventory$export
[2026-06-17T13:17:23.199+0000] {logging_mixin.py:188} INFO - [OK] 17887 ta yozuv olindi
[2026-06-17T13:17:27.187+0000] {logging_mixin.py:188} INFO - [DB] 'products' — 3117 ta qator yuklandi.
[2026-06-17T13:17:27.619+0000] {logging_mixin.py:188} INFO - [DB] 'product_group' — 8733 ta qator yuklandi.
[2026-06-17T13:17:27.884+0000] {logging_mixin.py:188} INFO - [DB] 'product_inventory_kind' — 3134 ta qator yuklandi.
[2026-06-17T13:17:28.065+0000] {logging_mixin.py:188} INFO - [DB] 'product_sector' — 110 ta qator yuklandi.
[2026-06-17T13:17:28.066+0000] {logging_mixin.py:188} INFO - === Products pipeline tugadi ===
[2026-06-17T13:17:28.080+0000] {python.py:237} INFO - Done. Returned value was: None
[2026-06-17T13:17:28.081+0000] {taskinstance.py:441} INFO - ::group::Post task execution logs
[2026-06-17T13:17:28.101+0000] {taskinstance.py:1206} INFO - Marking task as SUCCESS. dag_id=references_etl, task_id=products, run_id=manual__2026-06-17T13:16:50.080699+00:00, execution_date=20260617T131650, start_date=20260617T131652, end_date=20260617T131728
[2026-06-17T13:17:28.136+0000] {local_task_job_runner.py:243} INFO - Task exited with return code 0
[2026-06-17T13:17:28.169+0000] {taskinstance.py:3503} INFO - 0 downstream tasks scheduled from follow-on schedule check
[2026-06-17T13:17:28.172+0000] {local_task_job_runner.py:222} INFO - ::endgroup::
