[2026-06-19T08:19:17.436+0000] {local_task_job_runner.py:120} INFO - ::group::Pre task execution logs
[2026-06-19T08:19:17.643+0000] {taskinstance.py:2076} INFO - Dependencies all met for dep_context=non-requeueable deps ti=<TaskInstance: warehouse_etl.warehouse_input scheduled__2026-06-18T06:00:00+00:00 [queued]>
[2026-06-19T08:19:17.691+0000] {taskinstance.py:2076} INFO - Dependencies all met for dep_context=requeueable deps ti=<TaskInstance: warehouse_etl.warehouse_input scheduled__2026-06-18T06:00:00+00:00 [queued]>
[2026-06-19T08:19:17.714+0000] {taskinstance.py:2306} INFO - Starting attempt 2 of 2
[2026-06-19T08:19:17.757+0000] {taskinstance.py:2330} INFO - Executing <Task(PythonOperator): warehouse_input> on 2026-06-18 06:00:00+00:00
[2026-06-19T08:19:17.783+0000] {standard_task_runner.py:64} INFO - Started process 9930 to run task
[2026-06-19T08:19:17.800+0000] {standard_task_runner.py:90} INFO - Running: ['***', 'tasks', 'run', 'warehouse_etl', 'warehouse_input', 'scheduled__2026-06-18T06:00:00+00:00', '--job-id', '269', '--raw', '--subdir', 'DAGS_FOLDER/warehouse_dag.py', '--cfg-path', '/tmp/tmpt46pk_cy']
[2026-06-19T08:19:17.848+0000] {standard_task_runner.py:91} INFO - Job 269: Subtask warehouse_input
[2026-06-19T08:19:18.396+0000] {task_command.py:426} INFO - Running <TaskInstance: warehouse_etl.warehouse_input scheduled__2026-06-18T06:00:00+00:00 [running]> on host 04e5673ffdd2
[2026-06-19T08:19:18.839+0000] {taskinstance.py:2648} INFO - Exporting env vars: AIRFLOW_CTX_DAG_OWNER='yusufjon' AIRFLOW_CTX_DAG_ID='warehouse_etl' AIRFLOW_CTX_TASK_ID='warehouse_input' AIRFLOW_CTX_EXECUTION_DATE='2026-06-18T06:00:00+00:00' AIRFLOW_CTX_TRY_NUMBER='2' AIRFLOW_CTX_DAG_RUN_ID='scheduled__2026-06-18T06:00:00+00:00'
[2026-06-19T08:19:18.846+0000] {taskinstance.py:430} INFO - ::endgroup::
[2026-06-19T08:19:18.886+0000] {logging_mixin.py:188} INFO - === Warehouse Input pipeline ===
[2026-06-19T08:19:18.914+0000] {logging_mixin.py:188} INFO - [FETCH] https://smartup.online/b/anor/mxsx/mkw/input$export
[2026-06-19T08:19:22.136+0000] {logging_mixin.py:188} INFO - [OK] 1 ta yozuv olindi
[2026-06-19T08:19:22.793+0000] {logging_mixin.py:188} INFO - [DB] 'warehouse_inputs' — 1 ta qator yuklandi.
[2026-06-19T08:19:23.020+0000] {logging_mixin.py:188} INFO - [DB] 'warehouse_input_items' — 1 ta qator yuklandi.
[2026-06-19T08:19:23.021+0000] {logging_mixin.py:188} INFO - === Warehouse Input pipeline tugadi ===
[2026-06-19T08:19:23.031+0000] {python.py:237} INFO - Done. Returned value was: None
[2026-06-19T08:19:23.034+0000] {taskinstance.py:441} INFO - ::group::Post task execution logs
[2026-06-19T08:19:23.057+0000] {taskinstance.py:1206} INFO - Marking task as SUCCESS. dag_id=warehouse_etl, task_id=warehouse_input, run_id=scheduled__2026-06-18T06:00:00+00:00, execution_date=20260618T060000, start_date=20260619T081917, end_date=20260619T081923
[2026-06-19T08:19:23.130+0000] {local_task_job_runner.py:243} INFO - Task exited with return code 0
[2026-06-19T08:19:23.160+0000] {taskinstance.py:3503} INFO - 0 downstream tasks scheduled from follow-on schedule check
[2026-06-19T08:19:23.163+0000] {local_task_job_runner.py:222} INFO - ::endgroup::
