[2026-06-17T13:16:52.395+0000] {local_task_job_runner.py:120} INFO - ::group::Pre task execution logs
[2026-06-17T13:16:52.478+0000] {taskinstance.py:2076} INFO - Dependencies all met for dep_context=non-requeueable deps ti=<TaskInstance: references_etl.person_group manual__2026-06-17T13:16:50.080699+00:00 [queued]>
[2026-06-17T13:16:52.503+0000] {taskinstance.py:2076} INFO - Dependencies all met for dep_context=requeueable deps ti=<TaskInstance: references_etl.person_group manual__2026-06-17T13:16:50.080699+00:00 [queued]>
[2026-06-17T13:16:52.509+0000] {taskinstance.py:2306} INFO - Starting attempt 1 of 2
[2026-06-17T13:16:52.546+0000] {taskinstance.py:2330} INFO - Executing <Task(PythonOperator): person_group> on 2026-06-17 13:16:50.080699+00:00
[2026-06-17T13:16:52.564+0000] {standard_task_runner.py:64} INFO - Started process 2165 to run task
[2026-06-17T13:16:52.571+0000] {standard_task_runner.py:90} INFO - Running: ['***', 'tasks', 'run', 'references_etl', 'person_group', 'manual__2026-06-17T13:16:50.080699+00:00', '--job-id', '157', '--raw', '--subdir', 'DAGS_FOLDER/references_dag.py', '--cfg-path', '/tmp/tmpto5jauk0']
[2026-06-17T13:16:52.586+0000] {standard_task_runner.py:91} INFO - Job 157: Subtask person_group
[2026-06-17T13:16:52.783+0000] {task_command.py:426} INFO - Running <TaskInstance: references_etl.person_group manual__2026-06-17T13:16:50.080699+00:00 [running]> on host 04e5673ffdd2
[2026-06-17T13:16:53.054+0000] {taskinstance.py:2648} INFO - Exporting env vars: AIRFLOW_CTX_DAG_OWNER='yusufjon' AIRFLOW_CTX_DAG_ID='references_etl' AIRFLOW_CTX_TASK_ID='person_group' AIRFLOW_CTX_EXECUTION_DATE='2026-06-17T13:16:50.080699+00:00' AIRFLOW_CTX_TRY_NUMBER='1' AIRFLOW_CTX_DAG_RUN_ID='manual__2026-06-17T13:16:50.080699+00:00'
[2026-06-17T13:16:53.055+0000] {taskinstance.py:430} INFO - ::endgroup::
[2026-06-17T13:16:53.074+0000] {logging_mixin.py:188} INFO - === Person Group pipeline ===
[2026-06-17T13:16:53.078+0000] {logging_mixin.py:188} INFO - [FETCH] https://smartup.online/b/anor/mxsx/mr/person_group$export
[2026-06-17T13:16:57.085+0000] {logging_mixin.py:188} INFO - [OK] 32 ta yozuv olindi
[2026-06-17T13:16:57.618+0000] {logging_mixin.py:188} INFO - [DB] 'person_groups' — 22 ta qator yuklandi.
[2026-06-17T13:16:57.818+0000] {logging_mixin.py:188} INFO - [DB] 'person_group_types' — 48 ta qator yuklandi.
[2026-06-17T13:16:57.819+0000] {logging_mixin.py:188} INFO - === Person Group pipeline tugadi ===
[2026-06-17T13:16:57.821+0000] {python.py:237} INFO - Done. Returned value was: None
[2026-06-17T13:16:57.823+0000] {taskinstance.py:441} INFO - ::group::Post task execution logs
[2026-06-17T13:16:57.843+0000] {taskinstance.py:1206} INFO - Marking task as SUCCESS. dag_id=references_etl, task_id=person_group, run_id=manual__2026-06-17T13:16:50.080699+00:00, execution_date=20260617T131650, start_date=20260617T131652, end_date=20260617T131657
[2026-06-17T13:16:57.904+0000] {local_task_job_runner.py:243} INFO - Task exited with return code 0
[2026-06-17T13:16:57.936+0000] {taskinstance.py:3503} INFO - 0 downstream tasks scheduled from follow-on schedule check
[2026-06-17T13:16:57.940+0000] {local_task_job_runner.py:222} INFO - ::endgroup::
