[2026-06-17T12:41:48.208+0000] {local_task_job_runner.py:120} INFO - ::group::Pre task execution logs
[2026-06-17T12:41:48.278+0000] {taskinstance.py:2076} INFO - Dependencies all met for dep_context=non-requeueable deps ti=<TaskInstance: references_etl.inventory_price scheduled__2026-06-16T06:00:00+00:00 [queued]>
[2026-06-17T12:41:48.297+0000] {taskinstance.py:2076} INFO - Dependencies all met for dep_context=requeueable deps ti=<TaskInstance: references_etl.inventory_price scheduled__2026-06-16T06:00:00+00:00 [queued]>
[2026-06-17T12:41:48.299+0000] {taskinstance.py:2306} INFO - Starting attempt 2 of 2
[2026-06-17T12:41:48.333+0000] {taskinstance.py:2330} INFO - Executing <Task(PythonOperator): inventory_price> on 2026-06-16 06:00:00+00:00
[2026-06-17T12:41:48.342+0000] {standard_task_runner.py:64} INFO - Started process 589 to run task
[2026-06-17T12:41:48.350+0000] {standard_task_runner.py:90} INFO - Running: ['***', 'tasks', 'run', 'references_etl', 'inventory_price', 'scheduled__2026-06-16T06:00:00+00:00', '--job-id', '28', '--raw', '--subdir', 'DAGS_FOLDER/references_dag.py', '--cfg-path', '/tmp/tmp194kjxyn']
[2026-06-17T12:41:48.359+0000] {standard_task_runner.py:91} INFO - Job 28: Subtask inventory_price
[2026-06-17T12:41:48.520+0000] {task_command.py:426} INFO - Running <TaskInstance: references_etl.inventory_price scheduled__2026-06-16T06:00:00+00:00 [running]> on host 04e5673ffdd2
[2026-06-17T12:41:48.734+0000] {taskinstance.py:2648} INFO - Exporting env vars: AIRFLOW_CTX_DAG_OWNER='yusufjon' AIRFLOW_CTX_DAG_ID='references_etl' AIRFLOW_CTX_TASK_ID='inventory_price' AIRFLOW_CTX_EXECUTION_DATE='2026-06-16T06:00:00+00:00' AIRFLOW_CTX_TRY_NUMBER='2' AIRFLOW_CTX_DAG_RUN_ID='scheduled__2026-06-16T06:00:00+00:00'
[2026-06-17T12:41:48.737+0000] {taskinstance.py:430} INFO - ::endgroup::
[2026-06-17T12:41:48.763+0000] {logging_mixin.py:188} INFO - === Inventory Price pipeline ===
[2026-06-17T12:41:48.765+0000] {taskinstance.py:441} INFO - ::group::Post task execution logs
[2026-06-17T12:41:48.773+0000] {taskinstance.py:2905} ERROR - Task failed with exception
Traceback (most recent call last):
  File "/home/airflow/.local/lib/python3.11/site-packages/airflow/models/taskinstance.py", line 465, in _execute_task
    result = _execute_callable(context=context, **execute_callable_kwargs)
             ^^^^^^^^^^^^^^^^^^^^^^^^^^^^^^^^^^^^^^^^^^^^^^^^^^^^^^^^^^^^^
  File "/home/airflow/.local/lib/python3.11/site-packages/airflow/models/taskinstance.py", line 432, in _execute_callable
    return execute_callable(context=context, **execute_callable_kwargs)
           ^^^^^^^^^^^^^^^^^^^^^^^^^^^^^^^^^^^^^^^^^^^^^^^^^^^^^^^^^^^^
  File "/home/airflow/.local/lib/python3.11/site-packages/airflow/models/baseoperator.py", line 401, in wrapper
    return func(self, *args, **kwargs)
           ^^^^^^^^^^^^^^^^^^^^^^^^^^^
  File "/home/airflow/.local/lib/python3.11/site-packages/airflow/operators/python.py", line 235, in execute
    return_value = self.execute_callable()
                   ^^^^^^^^^^^^^^^^^^^^^^^
  File "/home/airflow/.local/lib/python3.11/site-packages/airflow/operators/python.py", line 252, in execute_callable
    return self.python_callable(*self.op_args, **self.op_kwargs)
           ^^^^^^^^^^^^^^^^^^^^^^^^^^^^^^^^^^^^^^^^^^^^^^^^^^^^^
  File "/opt/etl/pipelines/inventory_price.py", line 56, in run
    raw = fetch(ENDPOINTS["inventory_price"], get_headers(), key="inventory")
                                              ^^^^^^^^^^^^^
  File "/opt/etl/config.py", line 43, in get_headers
    with open("auth.json") as f:
         ^^^^^^^^^^^^^^^^^
FileNotFoundError: [Errno 2] No such file or directory: 'auth.json'
[2026-06-17T12:41:48.826+0000] {taskinstance.py:1206} INFO - Marking task as FAILED. dag_id=references_etl, task_id=inventory_price, run_id=scheduled__2026-06-16T06:00:00+00:00, execution_date=20260616T060000, start_date=20260617T124148, end_date=20260617T124148
[2026-06-17T12:41:48.851+0000] {standard_task_runner.py:110} ERROR - Failed to execute job 28 for task inventory_price ([Errno 2] No such file or directory: 'auth.json'; 589)
[2026-06-17T12:41:48.899+0000] {local_task_job_runner.py:243} INFO - Task exited with return code 1
[2026-06-17T12:41:48.925+0000] {local_task_job_runner.py:222} INFO - ::endgroup::
