[2026-06-17T12:51:06.740+0000] {local_task_job_runner.py:120} INFO - ::group::Pre task execution logs
[2026-06-17T12:51:06.813+0000] {taskinstance.py:2076} INFO - Dependencies all met for dep_context=non-requeueable deps ti=<TaskInstance: references_etl.services manual__2026-06-17T12:51:04.181674+00:00 [queued]>
[2026-06-17T12:51:06.842+0000] {taskinstance.py:2076} INFO - Dependencies all met for dep_context=requeueable deps ti=<TaskInstance: references_etl.services manual__2026-06-17T12:51:04.181674+00:00 [queued]>
[2026-06-17T12:51:06.848+0000] {taskinstance.py:2306} INFO - Starting attempt 1 of 2
[2026-06-17T12:51:06.877+0000] {taskinstance.py:2330} INFO - Executing <Task(PythonOperator): services> on 2026-06-17 12:51:04.181674+00:00
[2026-06-17T12:51:06.889+0000] {standard_task_runner.py:64} INFO - Started process 1027 to run task
[2026-06-17T12:51:06.905+0000] {standard_task_runner.py:90} INFO - Running: ['***', 'tasks', 'run', 'references_etl', 'services', 'manual__2026-06-17T12:51:04.181674+00:00', '--job-id', '71', '--raw', '--subdir', 'DAGS_FOLDER/references_dag.py', '--cfg-path', '/tmp/tmppov7m7np']
[2026-06-17T12:51:06.916+0000] {standard_task_runner.py:91} INFO - Job 71: Subtask services
[2026-06-17T12:51:07.089+0000] {task_command.py:426} INFO - Running <TaskInstance: references_etl.services manual__2026-06-17T12:51:04.181674+00:00 [running]> on host 04e5673ffdd2
[2026-06-17T12:51:07.295+0000] {taskinstance.py:2648} INFO - Exporting env vars: AIRFLOW_CTX_DAG_OWNER='yusufjon' AIRFLOW_CTX_DAG_ID='references_etl' AIRFLOW_CTX_TASK_ID='services' AIRFLOW_CTX_EXECUTION_DATE='2026-06-17T12:51:04.181674+00:00' AIRFLOW_CTX_TRY_NUMBER='1' AIRFLOW_CTX_DAG_RUN_ID='manual__2026-06-17T12:51:04.181674+00:00'
[2026-06-17T12:51:07.297+0000] {taskinstance.py:430} INFO - ::endgroup::
[2026-06-17T12:51:07.322+0000] {logging_mixin.py:188} INFO - === Service pipeline ===
[2026-06-17T12:51:07.325+0000] {taskinstance.py:441} INFO - ::group::Post task execution logs
[2026-06-17T12:51:07.329+0000] {taskinstance.py:2905} ERROR - Task failed with exception
Traceback (most recent call last):
  File "/home/airflow/.local/lib/python3.11/site-packages/airflow/models/taskinstance.py", line 465, in _execute_task
    result = _execute_callable(context=context, **execute_callable_kwargs)
             ^^^^^^^^^^^^^^^^^^^^^^^^^^^^^^^^^^^^^^^^^^^^^^^^^^^^^^^^^^^^^
  File "/home/airflow/.local/lib/python3.11/site-packages/airflow/models/taskinstance.py", line 432, in _execute_callable
    return execute_callable(context=context, **execute_callable_kwargs)
           ^^^^^^^^^^^^^^^^^^^^^^^^^^^^^^^^^^^^^^^^^^^^^^^^^^^^^^^^^^^^
  File "/home/airflow/.local/lib/python3.11/site-packages/airflow/models/baseoperator.py", line 401, in wrapper
    return func(self, *args, **kwargs)
           ^^^^^^^^^^^^^^^^^^^^^^^^^^^
  File "/home/airflow/.local/lib/python3.11/site-packages/airflow/operators/python.py", line 235, in execute
    return_value = self.execute_callable()
                   ^^^^^^^^^^^^^^^^^^^^^^^
  File "/home/airflow/.local/lib/python3.11/site-packages/airflow/operators/python.py", line 252, in execute_callable
    return self.python_callable(*self.op_args, **self.op_kwargs)
           ^^^^^^^^^^^^^^^^^^^^^^^^^^^^^^^^^^^^^^^^^^^^^^^^^^^^^
  File "/opt/etl/pipelines/services.py", line 57, in run
    raw = fetch(ENDPOINTS["service"], get_headers(), key="service")
                                      ^^^^^^^^^^^^^
  File "/opt/etl/config.py", line 43, in get_headers
    with open("auth.json") as f:
         ^^^^^^^^^^^^^^^^^
FileNotFoundError: [Errno 2] No such file or directory: 'auth.json'
[2026-06-17T12:51:07.378+0000] {taskinstance.py:1206} INFO - Marking task as UP_FOR_RETRY. dag_id=references_etl, task_id=services, run_id=manual__2026-06-17T12:51:04.181674+00:00, execution_date=20260617T125104, start_date=20260617T125106, end_date=20260617T125107
[2026-06-17T12:51:07.411+0000] {standard_task_runner.py:110} ERROR - Failed to execute job 71 for task services ([Errno 2] No such file or directory: 'auth.json'; 1027)
[2026-06-17T12:51:07.453+0000] {local_task_job_runner.py:243} INFO - Task exited with return code 1
[2026-06-17T12:51:07.480+0000] {taskinstance.py:3503} INFO - 0 downstream tasks scheduled from follow-on schedule check
[2026-06-17T12:51:07.482+0000] {local_task_job_runner.py:222} INFO - ::endgroup::
