[2026-06-17T13:09:00.081+0000] {local_task_job_runner.py:120} INFO - ::group::Pre task execution logs
[2026-06-17T13:09:00.173+0000] {taskinstance.py:2076} INFO - Dependencies all met for dep_context=non-requeueable deps ti=<TaskInstance: references_etl.inventory_price manual__2026-06-17T13:08:57.433986+00:00 [queued]>
[2026-06-17T13:09:00.193+0000] {taskinstance.py:2076} INFO - Dependencies all met for dep_context=requeueable deps ti=<TaskInstance: references_etl.inventory_price manual__2026-06-17T13:08:57.433986+00:00 [queued]>
[2026-06-17T13:09:00.197+0000] {taskinstance.py:2306} INFO - Starting attempt 1 of 2
[2026-06-17T13:09:00.236+0000] {taskinstance.py:2330} INFO - Executing <Task(PythonOperator): inventory_price> on 2026-06-17 13:08:57.433986+00:00
[2026-06-17T13:09:00.254+0000] {standard_task_runner.py:64} INFO - Started process 1823 to run task
[2026-06-17T13:09:00.266+0000] {standard_task_runner.py:90} INFO - Running: ['***', 'tasks', 'run', 'references_etl', 'inventory_price', 'manual__2026-06-17T13:08:57.433986+00:00', '--job-id', '133', '--raw', '--subdir', 'DAGS_FOLDER/references_dag.py', '--cfg-path', '/tmp/tmpe9j3gqzt']
[2026-06-17T13:09:00.276+0000] {standard_task_runner.py:91} INFO - Job 133: Subtask inventory_price
[2026-06-17T13:09:00.453+0000] {task_command.py:426} INFO - Running <TaskInstance: references_etl.inventory_price manual__2026-06-17T13:08:57.433986+00:00 [running]> on host 04e5673ffdd2
[2026-06-17T13:09:00.655+0000] {taskinstance.py:2648} INFO - Exporting env vars: AIRFLOW_CTX_DAG_OWNER='yusufjon' AIRFLOW_CTX_DAG_ID='references_etl' AIRFLOW_CTX_TASK_ID='inventory_price' AIRFLOW_CTX_EXECUTION_DATE='2026-06-17T13:08:57.433986+00:00' AIRFLOW_CTX_TRY_NUMBER='1' AIRFLOW_CTX_DAG_RUN_ID='manual__2026-06-17T13:08:57.433986+00:00'
[2026-06-17T13:09:00.658+0000] {taskinstance.py:430} INFO - ::endgroup::
[2026-06-17T13:09:00.682+0000] {logging_mixin.py:188} INFO - === Inventory Price pipeline ===
[2026-06-17T13:09:00.685+0000] {logging_mixin.py:188} INFO - [FETCH] https://smartup.online/b/anor/api/v2/mkf/product_price$export
[2026-06-17T13:09:04.232+0000] {logging_mixin.py:188} INFO - [OK] 1208 ta yozuv olindi
[2026-06-17T13:09:04.504+0000] {taskinstance.py:441} INFO - ::group::Post task execution logs
[2026-06-17T13:09:04.505+0000] {taskinstance.py:2905} ERROR - Task failed with exception
Traceback (most recent call last):
  File "/home/airflow/.local/lib/python3.11/site-packages/airflow/models/taskinstance.py", line 465, in _execute_task
    result = _execute_callable(context=context, **execute_callable_kwargs)
             ^^^^^^^^^^^^^^^^^^^^^^^^^^^^^^^^^^^^^^^^^^^^^^^^^^^^^^^^^^^^^
  File "/home/airflow/.local/lib/python3.11/site-packages/airflow/models/taskinstance.py", line 432, in _execute_callable
    return execute_callable(context=context, **execute_callable_kwargs)
           ^^^^^^^^^^^^^^^^^^^^^^^^^^^^^^^^^^^^^^^^^^^^^^^^^^^^^^^^^^^^
  File "/home/airflow/.local/lib/python3.11/site-packages/airflow/models/baseoperator.py", line 401, in wrapper
    return func(self, *args, **kwargs)
           ^^^^^^^^^^^^^^^^^^^^^^^^^^^
  File "/home/airflow/.local/lib/python3.11/site-packages/airflow/operators/python.py", line 235, in execute
    return_value = self.execute_callable()
                   ^^^^^^^^^^^^^^^^^^^^^^^
  File "/home/airflow/.local/lib/python3.11/site-packages/airflow/operators/python.py", line 252, in execute_callable
    return self.python_callable(*self.op_args, **self.op_kwargs)
           ^^^^^^^^^^^^^^^^^^^^^^^^^^^^^^^^^^^^^^^^^^^^^^^^^^^^^
  File "/opt/etl/pipelines/inventory_price.py", line 69, in run
    inventory_prices.to_excel(
  File "/home/airflow/.local/lib/python3.11/site-packages/pandas/core/generic.py", line 2345, in to_excel
    formatter.write(
  File "/home/airflow/.local/lib/python3.11/site-packages/pandas/io/formats/excel.py", line 946, in write
    writer = ExcelWriter(  # type: ignore[abstract]
             ^^^^^^^^^^^^^^^^^^^^^^^^^^^^^^^^^^^^^^
  File "/home/airflow/.local/lib/python3.11/site-packages/pandas/io/excel/_openpyxl.py", line 61, in __init__
    super().__init__(
  File "/home/airflow/.local/lib/python3.11/site-packages/pandas/io/excel/_base.py", line 1263, in __init__
    self._handles = get_handle(
                    ^^^^^^^^^^^
  File "/home/airflow/.local/lib/python3.11/site-packages/pandas/io/common.py", line 739, in get_handle
    check_parent_directory(str(handle))
  File "/home/airflow/.local/lib/python3.11/site-packages/pandas/io/common.py", line 604, in check_parent_directory
    raise OSError(rf"Cannot save file into a non-existent directory: '{parent}'")
OSError: Cannot save file into a non-existent directory: 'CleanedData'
[2026-06-17T13:09:04.534+0000] {taskinstance.py:1206} INFO - Marking task as UP_FOR_RETRY. dag_id=references_etl, task_id=inventory_price, run_id=manual__2026-06-17T13:08:57.433986+00:00, execution_date=20260617T130857, start_date=20260617T130900, end_date=20260617T130904
[2026-06-17T13:09:04.565+0000] {standard_task_runner.py:110} ERROR - Failed to execute job 133 for task inventory_price (Cannot save file into a non-existent directory: 'CleanedData'; 1823)
[2026-06-17T13:09:04.611+0000] {local_task_job_runner.py:243} INFO - Task exited with return code 1
[2026-06-17T13:09:04.630+0000] {local_task_job_runner.py:222} INFO - ::endgroup::
