[2026-06-18T10:03:10.275+0000] {local_task_job_runner.py:120} INFO - ::group::Pre task execution logs
[2026-06-18T10:03:10.347+0000] {taskinstance.py:2076} INFO - Dependencies all met for dep_context=non-requeueable deps ti=<TaskInstance: references_etl.legal_entity scheduled__2026-06-17T06:00:00+00:00 [queued]>
[2026-06-18T10:03:10.373+0000] {taskinstance.py:2076} INFO - Dependencies all met for dep_context=requeueable deps ti=<TaskInstance: references_etl.legal_entity scheduled__2026-06-17T06:00:00+00:00 [queued]>
[2026-06-18T10:03:10.399+0000] {taskinstance.py:2306} INFO - Starting attempt 2 of 2
[2026-06-18T10:03:10.449+0000] {taskinstance.py:2330} INFO - Executing <Task(PythonOperator): legal_entity> on 2026-06-17 06:00:00+00:00
[2026-06-18T10:03:10.488+0000] {standard_task_runner.py:64} INFO - Started process 7425 to run task
[2026-06-18T10:03:10.500+0000] {standard_task_runner.py:90} INFO - Running: ['***', 'tasks', 'run', 'references_etl', 'legal_entity', 'scheduled__2026-06-17T06:00:00+00:00', '--job-id', '230', '--raw', '--subdir', 'DAGS_FOLDER/references_dag.py', '--cfg-path', '/tmp/tmpcc4dvdw1']
[2026-06-18T10:03:10.547+0000] {standard_task_runner.py:91} INFO - Job 230: Subtask legal_entity
[2026-06-18T10:03:10.889+0000] {task_command.py:426} INFO - Running <TaskInstance: references_etl.legal_entity scheduled__2026-06-17T06:00:00+00:00 [running]> on host 04e5673ffdd2
[2026-06-18T10:03:11.296+0000] {taskinstance.py:2648} INFO - Exporting env vars: AIRFLOW_CTX_DAG_OWNER='yusufjon' AIRFLOW_CTX_DAG_ID='references_etl' AIRFLOW_CTX_TASK_ID='legal_entity' AIRFLOW_CTX_EXECUTION_DATE='2026-06-17T06:00:00+00:00' AIRFLOW_CTX_TRY_NUMBER='2' AIRFLOW_CTX_DAG_RUN_ID='scheduled__2026-06-17T06:00:00+00:00'
[2026-06-18T10:03:11.313+0000] {taskinstance.py:430} INFO - ::endgroup::
[2026-06-18T10:03:11.397+0000] {logging_mixin.py:188} INFO - === Legal Entity pipeline ===
[2026-06-18T10:03:11.526+0000] {logging_mixin.py:188} INFO - [FETCH] https://smartup.online/b/anor/mxsx/mr/legal_person$export
[2026-06-18T10:03:40.124+0000] {logging_mixin.py:188} INFO - [OK] 31847 ta yozuv olindi
[2026-06-18T10:03:53.819+0000] {logging_mixin.py:188} INFO - [DB] 'legal_entities' — 31847 ta qator yuklandi.
[2026-06-18T10:03:54.480+0000] {logging_mixin.py:188} INFO - [DB] 'legal_entity_group' — 37804 ta qator yuklandi.
[2026-06-18T10:03:54.614+0000] {logging_mixin.py:188} INFO - [DB] 'legal_entity_bank_account' — 281 ta qator yuklandi.
[2026-06-18T10:03:54.787+0000] {logging_mixin.py:188} INFO - [DB] 'legal_entity_room' — 3927 ta qator yuklandi.
[2026-06-18T10:03:54.787+0000] {logging_mixin.py:188} INFO - === Legal Entity pipeline tugadi ===
[2026-06-18T10:03:54.807+0000] {python.py:237} INFO - Done. Returned value was: None
[2026-06-18T10:03:54.808+0000] {taskinstance.py:441} INFO - ::group::Post task execution logs
[2026-06-18T10:03:54.817+0000] {taskinstance.py:1206} INFO - Marking task as SUCCESS. dag_id=references_etl, task_id=legal_entity, run_id=scheduled__2026-06-17T06:00:00+00:00, execution_date=20260617T060000, start_date=20260618T100310, end_date=20260618T100354
[2026-06-18T10:03:54.874+0000] {local_task_job_runner.py:243} INFO - Task exited with return code 0
[2026-06-18T10:03:54.889+0000] {taskinstance.py:3503} INFO - 0 downstream tasks scheduled from follow-on schedule check
[2026-06-18T10:03:54.892+0000] {local_task_job_runner.py:222} INFO - ::endgroup::
