[2026-06-17T12:55:05.939+0000] {local_task_job_runner.py:120} INFO - ::group::Pre task execution logs
[2026-06-17T12:55:06.018+0000] {taskinstance.py:2076} INFO - Dependencies all met for dep_context=non-requeueable deps ti=<TaskInstance: references_etl.producers manual__2026-06-17T12:50:00.495999+00:00 [queued]>
[2026-06-17T12:55:06.036+0000] {taskinstance.py:2076} INFO - Dependencies all met for dep_context=requeueable deps ti=<TaskInstance: references_etl.producers manual__2026-06-17T12:50:00.495999+00:00 [queued]>
[2026-06-17T12:55:06.038+0000] {taskinstance.py:2306} INFO - Starting attempt 2 of 2
[2026-06-17T12:55:06.065+0000] {taskinstance.py:2330} INFO - Executing <Task(PythonOperator): producers> on 2026-06-17 12:50:00.495999+00:00
[2026-06-17T12:55:06.075+0000] {standard_task_runner.py:64} INFO - Started process 1193 to run task
[2026-06-17T12:55:06.084+0000] {standard_task_runner.py:90} INFO - Running: ['***', 'tasks', 'run', 'references_etl', 'producers', 'manual__2026-06-17T12:50:00.495999+00:00', '--job-id', '85', '--raw', '--subdir', 'DAGS_FOLDER/references_dag.py', '--cfg-path', '/tmp/tmp7ozlzm8l']
[2026-06-17T12:55:06.090+0000] {standard_task_runner.py:91} INFO - Job 85: Subtask producers
[2026-06-17T12:55:06.237+0000] {task_command.py:426} INFO - Running <TaskInstance: references_etl.producers manual__2026-06-17T12:50:00.495999+00:00 [running]> on host 04e5673ffdd2
[2026-06-17T12:55:06.479+0000] {taskinstance.py:2648} INFO - Exporting env vars: AIRFLOW_CTX_DAG_OWNER='yusufjon' AIRFLOW_CTX_DAG_ID='references_etl' AIRFLOW_CTX_TASK_ID='producers' AIRFLOW_CTX_EXECUTION_DATE='2026-06-17T12:50:00.495999+00:00' AIRFLOW_CTX_TRY_NUMBER='2' AIRFLOW_CTX_DAG_RUN_ID='manual__2026-06-17T12:50:00.495999+00:00'
[2026-06-17T12:55:06.482+0000] {taskinstance.py:430} INFO - ::endgroup::
[2026-06-17T12:55:06.510+0000] {logging_mixin.py:188} INFO - === Producers pipeline ===
[2026-06-17T12:55:06.512+0000] {taskinstance.py:441} INFO - ::group::Post task execution logs
[2026-06-17T12:55:06.514+0000] {taskinstance.py:2905} ERROR - Task failed with exception
Traceback (most recent call last):
  File "/home/airflow/.local/lib/python3.11/site-packages/airflow/models/taskinstance.py", line 465, in _execute_task
    result = _execute_callable(context=context, **execute_callable_kwargs)
             ^^^^^^^^^^^^^^^^^^^^^^^^^^^^^^^^^^^^^^^^^^^^^^^^^^^^^^^^^^^^^
  File "/home/airflow/.local/lib/python3.11/site-packages/airflow/models/taskinstance.py", line 432, in _execute_callable
    return execute_callable(context=context, **execute_callable_kwargs)
           ^^^^^^^^^^^^^^^^^^^^^^^^^^^^^^^^^^^^^^^^^^^^^^^^^^^^^^^^^^^^
  File "/home/airflow/.local/lib/python3.11/site-packages/airflow/models/baseoperator.py", line 401, in wrapper
    return func(self, *args, **kwargs)
           ^^^^^^^^^^^^^^^^^^^^^^^^^^^
  File "/home/airflow/.local/lib/python3.11/site-packages/airflow/operators/python.py", line 235, in execute
    return_value = self.execute_callable()
                   ^^^^^^^^^^^^^^^^^^^^^^^
  File "/home/airflow/.local/lib/python3.11/site-packages/airflow/operators/python.py", line 252, in execute_callable
    return self.python_callable(*self.op_args, **self.op_kwargs)
           ^^^^^^^^^^^^^^^^^^^^^^^^^^^^^^^^^^^^^^^^^^^^^^^^^^^^^
  File "/opt/etl/pipelines/producers.py", line 28, in run
    raw = fetch(ENDPOINTS["producer"], get_headers(), key="producer")
                                       ^^^^^^^^^^^^^
  File "/opt/etl/config.py", line 43, in get_headers
    with open("auth.json") as f:
         ^^^^^^^^^^^^^^^^^
FileNotFoundError: [Errno 2] No such file or directory: 'auth.json'
[2026-06-17T12:55:06.574+0000] {taskinstance.py:1206} INFO - Marking task as FAILED. dag_id=references_etl, task_id=producers, run_id=manual__2026-06-17T12:50:00.495999+00:00, execution_date=20260617T125000, start_date=20260617T125506, end_date=20260617T125506
[2026-06-17T12:55:06.595+0000] {standard_task_runner.py:110} ERROR - Failed to execute job 85 for task producers ([Errno 2] No such file or directory: 'auth.json'; 1193)
[2026-06-17T12:55:06.634+0000] {local_task_job_runner.py:243} INFO - Task exited with return code 1
[2026-06-17T12:55:06.664+0000] {taskinstance.py:3503} INFO - 0 downstream tasks scheduled from follow-on schedule check
[2026-06-17T12:55:06.667+0000] {local_task_job_runner.py:222} INFO - ::endgroup::
