[2026-06-17T12:56:09.101+0000] {local_task_job_runner.py:120} INFO - ::group::Pre task execution logs
[2026-06-17T12:56:09.172+0000] {taskinstance.py:2076} INFO - Dependencies all met for dep_context=non-requeueable deps ti=<TaskInstance: references_etl.return_reason manual__2026-06-17T12:51:04.181674+00:00 [queued]>
[2026-06-17T12:56:09.191+0000] {taskinstance.py:2076} INFO - Dependencies all met for dep_context=requeueable deps ti=<TaskInstance: references_etl.return_reason manual__2026-06-17T12:51:04.181674+00:00 [queued]>
[2026-06-17T12:56:09.200+0000] {taskinstance.py:2306} INFO - Starting attempt 2 of 2
[2026-06-17T12:56:09.237+0000] {taskinstance.py:2330} INFO - Executing <Task(PythonOperator): return_reason> on 2026-06-17 12:51:04.181674+00:00
[2026-06-17T12:56:09.247+0000] {standard_task_runner.py:64} INFO - Started process 1261 to run task
[2026-06-17T12:56:09.255+0000] {standard_task_runner.py:90} INFO - Running: ['***', 'tasks', 'run', 'references_etl', 'return_reason', 'manual__2026-06-17T12:51:04.181674+00:00', '--job-id', '93', '--raw', '--subdir', 'DAGS_FOLDER/references_dag.py', '--cfg-path', '/tmp/tmpwscw6wpj']
[2026-06-17T12:56:09.262+0000] {standard_task_runner.py:91} INFO - Job 93: Subtask return_reason
[2026-06-17T12:56:09.442+0000] {task_command.py:426} INFO - Running <TaskInstance: references_etl.return_reason manual__2026-06-17T12:51:04.181674+00:00 [running]> on host 04e5673ffdd2
[2026-06-17T12:56:09.725+0000] {taskinstance.py:2648} INFO - Exporting env vars: AIRFLOW_CTX_DAG_OWNER='yusufjon' AIRFLOW_CTX_DAG_ID='references_etl' AIRFLOW_CTX_TASK_ID='return_reason' AIRFLOW_CTX_EXECUTION_DATE='2026-06-17T12:51:04.181674+00:00' AIRFLOW_CTX_TRY_NUMBER='2' AIRFLOW_CTX_DAG_RUN_ID='manual__2026-06-17T12:51:04.181674+00:00'
[2026-06-17T12:56:09.729+0000] {taskinstance.py:430} INFO - ::endgroup::
[2026-06-17T12:56:09.754+0000] {logging_mixin.py:188} INFO - === Return Reason pipeline ===
[2026-06-17T12:56:09.755+0000] {taskinstance.py:441} INFO - ::group::Post task execution logs
[2026-06-17T12:56:09.757+0000] {taskinstance.py:2905} ERROR - Task failed with exception
Traceback (most recent call last):
  File "/home/airflow/.local/lib/python3.11/site-packages/airflow/models/taskinstance.py", line 465, in _execute_task
    result = _execute_callable(context=context, **execute_callable_kwargs)
             ^^^^^^^^^^^^^^^^^^^^^^^^^^^^^^^^^^^^^^^^^^^^^^^^^^^^^^^^^^^^^
  File "/home/airflow/.local/lib/python3.11/site-packages/airflow/models/taskinstance.py", line 432, in _execute_callable
    return execute_callable(context=context, **execute_callable_kwargs)
           ^^^^^^^^^^^^^^^^^^^^^^^^^^^^^^^^^^^^^^^^^^^^^^^^^^^^^^^^^^^^
  File "/home/airflow/.local/lib/python3.11/site-packages/airflow/models/baseoperator.py", line 401, in wrapper
    return func(self, *args, **kwargs)
           ^^^^^^^^^^^^^^^^^^^^^^^^^^^
  File "/home/airflow/.local/lib/python3.11/site-packages/airflow/operators/python.py", line 235, in execute
    return_value = self.execute_callable()
                   ^^^^^^^^^^^^^^^^^^^^^^^
  File "/home/airflow/.local/lib/python3.11/site-packages/airflow/operators/python.py", line 252, in execute_callable
    return self.python_callable(*self.op_args, **self.op_kwargs)
           ^^^^^^^^^^^^^^^^^^^^^^^^^^^^^^^^^^^^^^^^^^^^^^^^^^^^^
  File "/opt/etl/pipelines/return_reason.py", line 48, in run
    get_headers(),
    ^^^^^^^^^^^^^
  File "/opt/etl/config.py", line 43, in get_headers
    with open("auth.json") as f:
         ^^^^^^^^^^^^^^^^^
FileNotFoundError: [Errno 2] No such file or directory: 'auth.json'
[2026-06-17T12:56:09.803+0000] {taskinstance.py:1206} INFO - Marking task as FAILED. dag_id=references_etl, task_id=return_reason, run_id=manual__2026-06-17T12:51:04.181674+00:00, execution_date=20260617T125104, start_date=20260617T125609, end_date=20260617T125609
[2026-06-17T12:56:09.830+0000] {standard_task_runner.py:110} ERROR - Failed to execute job 93 for task return_reason ([Errno 2] No such file or directory: 'auth.json'; 1261)
[2026-06-17T12:56:09.876+0000] {local_task_job_runner.py:243} INFO - Task exited with return code 1
[2026-06-17T12:56:09.895+0000] {local_task_job_runner.py:222} INFO - ::endgroup::
