[2026-06-17T12:42:18.325+0000] {local_task_job_runner.py:120} INFO - ::group::Pre task execution logs
[2026-06-17T12:42:18.423+0000] {taskinstance.py:2076} INFO - Dependencies all met for dep_context=non-requeueable deps ti=<TaskInstance: references_etl.price_type manual__2026-06-17T12:37:12.761490+00:00 [queued]>
[2026-06-17T12:42:18.442+0000] {taskinstance.py:2076} INFO - Dependencies all met for dep_context=requeueable deps ti=<TaskInstance: references_etl.price_type manual__2026-06-17T12:37:12.761490+00:00 [queued]>
[2026-06-17T12:42:18.444+0000] {taskinstance.py:2306} INFO - Starting attempt 2 of 2
[2026-06-17T12:42:18.470+0000] {taskinstance.py:2330} INFO - Executing <Task(PythonOperator): price_type> on 2026-06-17 12:37:12.761490+00:00
[2026-06-17T12:42:18.480+0000] {standard_task_runner.py:64} INFO - Started process 652 to run task
[2026-06-17T12:42:18.488+0000] {standard_task_runner.py:90} INFO - Running: ['***', 'tasks', 'run', 'references_etl', 'price_type', 'manual__2026-06-17T12:37:12.761490+00:00', '--job-id', '46', '--raw', '--subdir', 'DAGS_FOLDER/references_dag.py', '--cfg-path', '/tmp/tmpzhobum_g']
[2026-06-17T12:42:18.497+0000] {standard_task_runner.py:91} INFO - Job 46: Subtask price_type
[2026-06-17T12:42:18.670+0000] {task_command.py:426} INFO - Running <TaskInstance: references_etl.price_type manual__2026-06-17T12:37:12.761490+00:00 [running]> on host 04e5673ffdd2
[2026-06-17T12:42:18.872+0000] {taskinstance.py:2648} INFO - Exporting env vars: AIRFLOW_CTX_DAG_OWNER='yusufjon' AIRFLOW_CTX_DAG_ID='references_etl' AIRFLOW_CTX_TASK_ID='price_type' AIRFLOW_CTX_EXECUTION_DATE='2026-06-17T12:37:12.761490+00:00' AIRFLOW_CTX_TRY_NUMBER='2' AIRFLOW_CTX_DAG_RUN_ID='manual__2026-06-17T12:37:12.761490+00:00'
[2026-06-17T12:42:18.876+0000] {taskinstance.py:430} INFO - ::endgroup::
[2026-06-17T12:42:18.897+0000] {logging_mixin.py:188} INFO - === Price Type pipeline ===
[2026-06-17T12:42:18.901+0000] {taskinstance.py:441} INFO - ::group::Post task execution logs
[2026-06-17T12:42:18.902+0000] {taskinstance.py:2905} ERROR - Task failed with exception
Traceback (most recent call last):
  File "/home/airflow/.local/lib/python3.11/site-packages/airflow/models/taskinstance.py", line 465, in _execute_task
    result = _execute_callable(context=context, **execute_callable_kwargs)
             ^^^^^^^^^^^^^^^^^^^^^^^^^^^^^^^^^^^^^^^^^^^^^^^^^^^^^^^^^^^^^
  File "/home/airflow/.local/lib/python3.11/site-packages/airflow/models/taskinstance.py", line 432, in _execute_callable
    return execute_callable(context=context, **execute_callable_kwargs)
           ^^^^^^^^^^^^^^^^^^^^^^^^^^^^^^^^^^^^^^^^^^^^^^^^^^^^^^^^^^^^
  File "/home/airflow/.local/lib/python3.11/site-packages/airflow/models/baseoperator.py", line 401, in wrapper
    return func(self, *args, **kwargs)
           ^^^^^^^^^^^^^^^^^^^^^^^^^^^
  File "/home/airflow/.local/lib/python3.11/site-packages/airflow/operators/python.py", line 235, in execute
    return_value = self.execute_callable()
                   ^^^^^^^^^^^^^^^^^^^^^^^
  File "/home/airflow/.local/lib/python3.11/site-packages/airflow/operators/python.py", line 252, in execute_callable
    return self.python_callable(*self.op_args, **self.op_kwargs)
           ^^^^^^^^^^^^^^^^^^^^^^^^^^^^^^^^^^^^^^^^^^^^^^^^^^^^^
  File "/opt/etl/pipelines/price_type.py", line 39, in run
    raw = fetch(ENDPOINTS["price_type"], get_headers(), key="data")
                                         ^^^^^^^^^^^^^
  File "/opt/etl/config.py", line 43, in get_headers
    with open("auth.json") as f:
         ^^^^^^^^^^^^^^^^^
FileNotFoundError: [Errno 2] No such file or directory: 'auth.json'
[2026-06-17T12:42:18.949+0000] {taskinstance.py:1206} INFO - Marking task as FAILED. dag_id=references_etl, task_id=price_type, run_id=manual__2026-06-17T12:37:12.761490+00:00, execution_date=20260617T123712, start_date=20260617T124218, end_date=20260617T124218
[2026-06-17T12:42:18.973+0000] {standard_task_runner.py:110} ERROR - Failed to execute job 46 for task price_type ([Errno 2] No such file or directory: 'auth.json'; 652)
[2026-06-17T12:42:18.994+0000] {local_task_job_runner.py:243} INFO - Task exited with return code 1
[2026-06-17T12:42:19.023+0000] {taskinstance.py:3503} INFO - 0 downstream tasks scheduled from follow-on schedule check
[2026-06-17T12:42:19.026+0000] {local_task_job_runner.py:222} INFO - ::endgroup::
