[2026-06-18T10:03:09.664+0000] {local_task_job_runner.py:120} INFO - ::group::Pre task execution logs
[2026-06-18T10:03:09.754+0000] {taskinstance.py:2076} INFO - Dependencies all met for dep_context=non-requeueable deps ti=<TaskInstance: warehouse_etl.writeoff scheduled__2026-06-17T06:00:00+00:00 [queued]>
[2026-06-18T10:03:09.780+0000] {taskinstance.py:2076} INFO - Dependencies all met for dep_context=requeueable deps ti=<TaskInstance: warehouse_etl.writeoff scheduled__2026-06-17T06:00:00+00:00 [queued]>
[2026-06-18T10:03:09.793+0000] {taskinstance.py:2306} INFO - Starting attempt 2 of 2
[2026-06-18T10:03:09.848+0000] {taskinstance.py:2330} INFO - Executing <Task(PythonOperator): writeoff> on 2026-06-17 06:00:00+00:00
[2026-06-18T10:03:09.877+0000] {standard_task_runner.py:64} INFO - Started process 7418 to run task
[2026-06-18T10:03:09.895+0000] {standard_task_runner.py:90} INFO - Running: ['***', 'tasks', 'run', 'warehouse_etl', 'writeoff', 'scheduled__2026-06-17T06:00:00+00:00', '--job-id', '219', '--raw', '--subdir', 'DAGS_FOLDER/warehouse_dag.py', '--cfg-path', '/tmp/tmp7qdud7o7']
[2026-06-18T10:03:09.928+0000] {standard_task_runner.py:91} INFO - Job 219: Subtask writeoff
[2026-06-18T10:03:10.355+0000] {task_command.py:426} INFO - Running <TaskInstance: warehouse_etl.writeoff scheduled__2026-06-17T06:00:00+00:00 [running]> on host 04e5673ffdd2
[2026-06-18T10:03:10.911+0000] {taskinstance.py:2648} INFO - Exporting env vars: AIRFLOW_CTX_DAG_OWNER='yusufjon' AIRFLOW_CTX_DAG_ID='warehouse_etl' AIRFLOW_CTX_TASK_ID='writeoff' AIRFLOW_CTX_EXECUTION_DATE='2026-06-17T06:00:00+00:00' AIRFLOW_CTX_TRY_NUMBER='2' AIRFLOW_CTX_DAG_RUN_ID='scheduled__2026-06-17T06:00:00+00:00'
[2026-06-18T10:03:10.936+0000] {taskinstance.py:430} INFO - ::endgroup::
[2026-06-18T10:03:10.992+0000] {logging_mixin.py:188} INFO - === Writeoff pipeline ===
[2026-06-18T10:03:11.038+0000] {logging_mixin.py:188} INFO - [FETCH] https://smartup.online/b/anor/mxsx/mkw/writeoff$export
[2026-06-18T10:03:15.402+0000] {logging_mixin.py:188} INFO - [OK] 1 ta yozuv olindi
[2026-06-18T10:03:15.957+0000] {logging_mixin.py:188} INFO - [DB] 'writeoffs' — 1 ta qator yuklandi.
[2026-06-18T10:03:16.176+0000] {logging_mixin.py:188} INFO - [DB] 'writeoff_items' — 1 ta qator yuklandi.
[2026-06-18T10:03:16.178+0000] {logging_mixin.py:188} INFO - === Writeoff pipeline tugadi ===
[2026-06-18T10:03:16.179+0000] {python.py:237} INFO - Done. Returned value was: None
[2026-06-18T10:03:16.182+0000] {taskinstance.py:441} INFO - ::group::Post task execution logs
[2026-06-18T10:03:16.201+0000] {taskinstance.py:1206} INFO - Marking task as SUCCESS. dag_id=warehouse_etl, task_id=writeoff, run_id=scheduled__2026-06-17T06:00:00+00:00, execution_date=20260617T060000, start_date=20260618T100309, end_date=20260618T100316
[2026-06-18T10:03:16.263+0000] {local_task_job_runner.py:243} INFO - Task exited with return code 0
[2026-06-18T10:03:16.302+0000] {taskinstance.py:3503} INFO - 0 downstream tasks scheduled from follow-on schedule check
[2026-06-18T10:03:16.310+0000] {local_task_job_runner.py:222} INFO - ::endgroup::
