[2026-06-17T13:03:25.620+0000] {local_task_job_runner.py:120} INFO - ::group::Pre task execution logs
[2026-06-17T13:03:25.686+0000] {taskinstance.py:2076} INFO - Dependencies all met for dep_context=non-requeueable deps ti=<TaskInstance: references_etl.services manual__2026-06-17T12:58:16.234878+00:00 [queued]>
[2026-06-17T13:03:25.701+0000] {taskinstance.py:2076} INFO - Dependencies all met for dep_context=requeueable deps ti=<TaskInstance: references_etl.services manual__2026-06-17T12:58:16.234878+00:00 [queued]>
[2026-06-17T13:03:25.703+0000] {taskinstance.py:2306} INFO - Starting attempt 2 of 2
[2026-06-17T13:03:25.723+0000] {taskinstance.py:2330} INFO - Executing <Task(PythonOperator): services> on 2026-06-17 12:58:16.234878+00:00
[2026-06-17T13:03:25.736+0000] {standard_task_runner.py:64} INFO - Started process 1585 to run task
[2026-06-17T13:03:25.740+0000] {standard_task_runner.py:90} INFO - Running: ['***', 'tasks', 'run', 'references_etl', 'services', 'manual__2026-06-17T12:58:16.234878+00:00', '--job-id', '116', '--raw', '--subdir', 'DAGS_FOLDER/references_dag.py', '--cfg-path', '/tmp/tmpdcc172jw']
[2026-06-17T13:03:25.744+0000] {standard_task_runner.py:91} INFO - Job 116: Subtask services
[2026-06-17T13:03:25.875+0000] {task_command.py:426} INFO - Running <TaskInstance: references_etl.services manual__2026-06-17T12:58:16.234878+00:00 [running]> on host 04e5673ffdd2
[2026-06-17T13:03:26.031+0000] {taskinstance.py:2648} INFO - Exporting env vars: AIRFLOW_CTX_DAG_OWNER='yusufjon' AIRFLOW_CTX_DAG_ID='references_etl' AIRFLOW_CTX_TASK_ID='services' AIRFLOW_CTX_EXECUTION_DATE='2026-06-17T12:58:16.234878+00:00' AIRFLOW_CTX_TRY_NUMBER='2' AIRFLOW_CTX_DAG_RUN_ID='manual__2026-06-17T12:58:16.234878+00:00'
[2026-06-17T13:03:26.033+0000] {taskinstance.py:430} INFO - ::endgroup::
[2026-06-17T13:03:26.056+0000] {logging_mixin.py:188} INFO - === Service pipeline ===
[2026-06-17T13:03:26.060+0000] {logging_mixin.py:188} INFO - [FETCH] https://smartup.online/b/anor/mxsx/mr/service$export
[2026-06-17T13:03:32.106+0000] {taskinstance.py:441} INFO - ::group::Post task execution logs
[2026-06-17T13:03:32.110+0000] {taskinstance.py:2905} ERROR - Task failed with exception
Traceback (most recent call last):
  File "/home/airflow/.local/lib/python3.11/site-packages/airflow/models/taskinstance.py", line 465, in _execute_task
    result = _execute_callable(context=context, **execute_callable_kwargs)
             ^^^^^^^^^^^^^^^^^^^^^^^^^^^^^^^^^^^^^^^^^^^^^^^^^^^^^^^^^^^^^
  File "/home/airflow/.local/lib/python3.11/site-packages/airflow/models/taskinstance.py", line 432, in _execute_callable
    return execute_callable(context=context, **execute_callable_kwargs)
           ^^^^^^^^^^^^^^^^^^^^^^^^^^^^^^^^^^^^^^^^^^^^^^^^^^^^^^^^^^^^
  File "/home/airflow/.local/lib/python3.11/site-packages/airflow/models/baseoperator.py", line 401, in wrapper
    return func(self, *args, **kwargs)
           ^^^^^^^^^^^^^^^^^^^^^^^^^^^
  File "/home/airflow/.local/lib/python3.11/site-packages/airflow/operators/python.py", line 235, in execute
    return_value = self.execute_callable()
                   ^^^^^^^^^^^^^^^^^^^^^^^
  File "/home/airflow/.local/lib/python3.11/site-packages/airflow/operators/python.py", line 252, in execute_callable
    return self.python_callable(*self.op_args, **self.op_kwargs)
           ^^^^^^^^^^^^^^^^^^^^^^^^^^^^^^^^^^^^^^^^^^^^^^^^^^^^^
  File "/opt/etl/pipelines/services.py", line 57, in run
    raw = fetch(ENDPOINTS["service"], get_headers(), key="service")
          ^^^^^^^^^^^^^^^^^^^^^^^^^^^^^^^^^^^^^^^^^^^^^^^^^^^^^^^^^
  File "/opt/etl/client.py", line 131, in fetch
    raise Exception(f"[XATO] Status: {response.status_code} — {response.text}")
Exception: [XATO] Status: 400 — {"error_code":"A02-24-122","message":"Неверный формат даты в фильтре"}

[2026-06-17T13:03:32.158+0000] {taskinstance.py:1206} INFO - Marking task as FAILED. dag_id=references_etl, task_id=services, run_id=manual__2026-06-17T12:58:16.234878+00:00, execution_date=20260617T125816, start_date=20260617T130325, end_date=20260617T130332
[2026-06-17T13:03:32.213+0000] {standard_task_runner.py:110} ERROR - Failed to execute job 116 for task services ([XATO] Status: 400 — {"error_code":"A02-24-122","message":"Неверный формат даты в фильтре"}
; 1585)
[2026-06-17T13:03:32.268+0000] {local_task_job_runner.py:243} INFO - Task exited with return code 1
[2026-06-17T13:03:32.311+0000] {taskinstance.py:3503} INFO - 0 downstream tasks scheduled from follow-on schedule check
[2026-06-17T13:03:32.323+0000] {local_task_job_runner.py:222} INFO - ::endgroup::
