[2026-06-19T08:19:17.657+0000] {local_task_job_runner.py:120} INFO - ::group::Pre task execution logs
[2026-06-19T08:19:18.033+0000] {taskinstance.py:2076} INFO - Dependencies all met for dep_context=non-requeueable deps ti=<TaskInstance: references_etl.services scheduled__2026-06-18T06:00:00+00:00 [queued]>
[2026-06-19T08:19:18.065+0000] {taskinstance.py:2076} INFO - Dependencies all met for dep_context=requeueable deps ti=<TaskInstance: references_etl.services scheduled__2026-06-18T06:00:00+00:00 [queued]>
[2026-06-19T08:19:18.066+0000] {taskinstance.py:2306} INFO - Starting attempt 2 of 2
[2026-06-19T08:19:18.166+0000] {taskinstance.py:2330} INFO - Executing <Task(PythonOperator): services> on 2026-06-18 06:00:00+00:00
[2026-06-19T08:19:18.199+0000] {standard_task_runner.py:64} INFO - Started process 9934 to run task
[2026-06-19T08:19:18.213+0000] {standard_task_runner.py:90} INFO - Running: ['***', 'tasks', 'run', 'references_etl', 'services', 'scheduled__2026-06-18T06:00:00+00:00', '--job-id', '274', '--raw', '--subdir', 'DAGS_FOLDER/references_dag.py', '--cfg-path', '/tmp/tmpwup05plm']
[2026-06-19T08:19:18.227+0000] {standard_task_runner.py:91} INFO - Job 274: Subtask services
[2026-06-19T08:19:18.673+0000] {task_command.py:426} INFO - Running <TaskInstance: references_etl.services scheduled__2026-06-18T06:00:00+00:00 [running]> on host 04e5673ffdd2
[2026-06-19T08:19:18.943+0000] {taskinstance.py:2648} INFO - Exporting env vars: AIRFLOW_CTX_DAG_OWNER='yusufjon' AIRFLOW_CTX_DAG_ID='references_etl' AIRFLOW_CTX_TASK_ID='services' AIRFLOW_CTX_EXECUTION_DATE='2026-06-18T06:00:00+00:00' AIRFLOW_CTX_TRY_NUMBER='2' AIRFLOW_CTX_DAG_RUN_ID='scheduled__2026-06-18T06:00:00+00:00'
[2026-06-19T08:19:18.949+0000] {taskinstance.py:430} INFO - ::endgroup::
[2026-06-19T08:19:18.990+0000] {logging_mixin.py:188} INFO - === Service pipeline ===
[2026-06-19T08:19:19.004+0000] {logging_mixin.py:188} INFO - [FETCH] https://smartup.online/b/anor/mxsx/mr/service$export
[2026-06-19T08:19:21.511+0000] {logging_mixin.py:188} INFO - [OK] 40 ta yozuv olindi
[2026-06-19T08:19:22.118+0000] {logging_mixin.py:188} INFO - [DB] 'services' — 39 ta qator yuklandi.
[2026-06-19T08:19:22.361+0000] {logging_mixin.py:188} INFO - [DB] 'service_group' — 10 ta qator yuklandi.
[2026-06-19T08:19:22.364+0000] {logging_mixin.py:188} INFO - === Service pipeline tugadi ===
[2026-06-19T08:19:22.369+0000] {python.py:237} INFO - Done. Returned value was: None
[2026-06-19T08:19:22.371+0000] {taskinstance.py:441} INFO - ::group::Post task execution logs
[2026-06-19T08:19:22.391+0000] {taskinstance.py:1206} INFO - Marking task as SUCCESS. dag_id=references_etl, task_id=services, run_id=scheduled__2026-06-18T06:00:00+00:00, execution_date=20260618T060000, start_date=20260619T081918, end_date=20260619T081922
[2026-06-19T08:19:22.442+0000] {local_task_job_runner.py:243} INFO - Task exited with return code 0
[2026-06-19T08:19:22.472+0000] {local_task_job_runner.py:222} INFO - ::endgroup::
