[2026-06-17T12:51:06.616+0000] {local_task_job_runner.py:120} INFO - ::group::Pre task execution logs
[2026-06-17T12:51:06.689+0000] {taskinstance.py:2076} INFO - Dependencies all met for dep_context=non-requeueable deps ti=<TaskInstance: references_etl.person_group manual__2026-06-17T12:51:04.181674+00:00 [queued]>
[2026-06-17T12:51:06.710+0000] {taskinstance.py:2076} INFO - Dependencies all met for dep_context=requeueable deps ti=<TaskInstance: references_etl.person_group manual__2026-06-17T12:51:04.181674+00:00 [queued]>
[2026-06-17T12:51:06.712+0000] {taskinstance.py:2306} INFO - Starting attempt 1 of 2
[2026-06-17T12:51:06.742+0000] {taskinstance.py:2330} INFO - Executing <Task(PythonOperator): person_group> on 2026-06-17 12:51:04.181674+00:00
[2026-06-17T12:51:06.754+0000] {standard_task_runner.py:64} INFO - Started process 1019 to run task
[2026-06-17T12:51:06.768+0000] {standard_task_runner.py:90} INFO - Running: ['***', 'tasks', 'run', 'references_etl', 'person_group', 'manual__2026-06-17T12:51:04.181674+00:00', '--job-id', '63', '--raw', '--subdir', 'DAGS_FOLDER/references_dag.py', '--cfg-path', '/tmp/tmp65uoqh_h']
[2026-06-17T12:51:06.776+0000] {standard_task_runner.py:91} INFO - Job 63: Subtask person_group
[2026-06-17T12:51:06.957+0000] {task_command.py:426} INFO - Running <TaskInstance: references_etl.person_group manual__2026-06-17T12:51:04.181674+00:00 [running]> on host 04e5673ffdd2
[2026-06-17T12:51:07.171+0000] {taskinstance.py:2648} INFO - Exporting env vars: AIRFLOW_CTX_DAG_OWNER='yusufjon' AIRFLOW_CTX_DAG_ID='references_etl' AIRFLOW_CTX_TASK_ID='person_group' AIRFLOW_CTX_EXECUTION_DATE='2026-06-17T12:51:04.181674+00:00' AIRFLOW_CTX_TRY_NUMBER='1' AIRFLOW_CTX_DAG_RUN_ID='manual__2026-06-17T12:51:04.181674+00:00'
[2026-06-17T12:51:07.176+0000] {taskinstance.py:430} INFO - ::endgroup::
[2026-06-17T12:51:07.204+0000] {logging_mixin.py:188} INFO - === Person Group pipeline ===
[2026-06-17T12:51:07.205+0000] {taskinstance.py:441} INFO - ::group::Post task execution logs
[2026-06-17T12:51:07.207+0000] {taskinstance.py:2905} ERROR - Task failed with exception
Traceback (most recent call last):
  File "/home/airflow/.local/lib/python3.11/site-packages/airflow/models/taskinstance.py", line 465, in _execute_task
    result = _execute_callable(context=context, **execute_callable_kwargs)
             ^^^^^^^^^^^^^^^^^^^^^^^^^^^^^^^^^^^^^^^^^^^^^^^^^^^^^^^^^^^^^
  File "/home/airflow/.local/lib/python3.11/site-packages/airflow/models/taskinstance.py", line 432, in _execute_callable
    return execute_callable(context=context, **execute_callable_kwargs)
           ^^^^^^^^^^^^^^^^^^^^^^^^^^^^^^^^^^^^^^^^^^^^^^^^^^^^^^^^^^^^
  File "/home/airflow/.local/lib/python3.11/site-packages/airflow/models/baseoperator.py", line 401, in wrapper
    return func(self, *args, **kwargs)
           ^^^^^^^^^^^^^^^^^^^^^^^^^^^
  File "/home/airflow/.local/lib/python3.11/site-packages/airflow/operators/python.py", line 235, in execute
    return_value = self.execute_callable()
                   ^^^^^^^^^^^^^^^^^^^^^^^
  File "/home/airflow/.local/lib/python3.11/site-packages/airflow/operators/python.py", line 252, in execute_callable
    return self.python_callable(*self.op_args, **self.op_kwargs)
           ^^^^^^^^^^^^^^^^^^^^^^^^^^^^^^^^^^^^^^^^^^^^^^^^^^^^^
  File "/opt/etl/pipelines/person_group.py", line 58, in run
    raw = fetch(ENDPOINTS["person_group"], get_headers(), key="person_group")
                                           ^^^^^^^^^^^^^
  File "/opt/etl/config.py", line 43, in get_headers
    with open("auth.json") as f:
         ^^^^^^^^^^^^^^^^^
FileNotFoundError: [Errno 2] No such file or directory: 'auth.json'
[2026-06-17T12:51:07.250+0000] {taskinstance.py:1206} INFO - Marking task as UP_FOR_RETRY. dag_id=references_etl, task_id=person_group, run_id=manual__2026-06-17T12:51:04.181674+00:00, execution_date=20260617T125104, start_date=20260617T125106, end_date=20260617T125107
[2026-06-17T12:51:07.275+0000] {standard_task_runner.py:110} ERROR - Failed to execute job 63 for task person_group ([Errno 2] No such file or directory: 'auth.json'; 1019)
[2026-06-17T12:51:07.304+0000] {local_task_job_runner.py:243} INFO - Task exited with return code 1
[2026-06-17T12:51:07.324+0000] {local_task_job_runner.py:222} INFO - ::endgroup::
