[2026-06-17T14:34:55.595+0000] {local_task_job_runner.py:120} INFO - ::group::Pre task execution logs
[2026-06-17T14:34:55.654+0000] {taskinstance.py:2076} INFO - Dependencies all met for dep_context=non-requeueable deps ti=<TaskInstance: warehouse_etl.internal_movement manual__2026-06-17T14:34:53.936302+00:00 [queued]>
[2026-06-17T14:34:55.667+0000] {taskinstance.py:2076} INFO - Dependencies all met for dep_context=requeueable deps ti=<TaskInstance: warehouse_etl.internal_movement manual__2026-06-17T14:34:53.936302+00:00 [queued]>
[2026-06-17T14:34:55.673+0000] {taskinstance.py:2306} INFO - Starting attempt 1 of 2
[2026-06-17T14:34:55.692+0000] {taskinstance.py:2330} INFO - Executing <Task(PythonOperator): internal_movement> on 2026-06-17 14:34:53.936302+00:00
[2026-06-17T14:34:55.701+0000] {standard_task_runner.py:64} INFO - Started process 4947 to run task
[2026-06-17T14:34:55.708+0000] {standard_task_runner.py:90} INFO - Running: ['***', 'tasks', 'run', 'warehouse_etl', 'internal_movement', 'manual__2026-06-17T14:34:53.936302+00:00', '--job-id', '183', '--raw', '--subdir', 'DAGS_FOLDER/warehouse_dag.py', '--cfg-path', '/tmp/tmph6t_if0b']
[2026-06-17T14:34:55.712+0000] {standard_task_runner.py:91} INFO - Job 183: Subtask internal_movement
[2026-06-17T14:34:55.842+0000] {task_command.py:426} INFO - Running <TaskInstance: warehouse_etl.internal_movement manual__2026-06-17T14:34:53.936302+00:00 [running]> on host 04e5673ffdd2
[2026-06-17T14:34:55.958+0000] {taskinstance.py:2648} INFO - Exporting env vars: AIRFLOW_CTX_DAG_OWNER='yusufjon' AIRFLOW_CTX_DAG_ID='warehouse_etl' AIRFLOW_CTX_TASK_ID='internal_movement' AIRFLOW_CTX_EXECUTION_DATE='2026-06-17T14:34:53.936302+00:00' AIRFLOW_CTX_TRY_NUMBER='1' AIRFLOW_CTX_DAG_RUN_ID='manual__2026-06-17T14:34:53.936302+00:00'
[2026-06-17T14:34:55.960+0000] {taskinstance.py:430} INFO - ::endgroup::
[2026-06-17T14:34:55.976+0000] {logging_mixin.py:188} INFO - === Internal Movement pipeline ===
[2026-06-17T14:34:55.978+0000] {logging_mixin.py:188} INFO - [FETCH] https://smartup.online/b/anor/mxsx/mkw/movement$export
[2026-06-17T14:34:58.526+0000] {logging_mixin.py:188} INFO - [OK] 0 ta yozuv olindi
[2026-06-17T14:34:58.536+0000] {logging_mixin.py:188} INFO - Ma'lumot kelmadi, pipeline to'xtatildi.
[2026-06-17T14:34:58.538+0000] {python.py:237} INFO - Done. Returned value was: None
[2026-06-17T14:34:58.540+0000] {taskinstance.py:441} INFO - ::group::Post task execution logs
[2026-06-17T14:34:58.566+0000] {taskinstance.py:1206} INFO - Marking task as SUCCESS. dag_id=warehouse_etl, task_id=internal_movement, run_id=manual__2026-06-17T14:34:53.936302+00:00, execution_date=20260617T143453, start_date=20260617T143455, end_date=20260617T143458
[2026-06-17T14:34:58.618+0000] {local_task_job_runner.py:243} INFO - Task exited with return code 0
[2026-06-17T14:34:58.638+0000] {taskinstance.py:3503} INFO - 0 downstream tasks scheduled from follow-on schedule check
[2026-06-17T14:34:58.643+0000] {local_task_job_runner.py:222} INFO - ::endgroup::
