[2026-06-18T10:03:09.619+0000] {local_task_job_runner.py:120} INFO - ::group::Pre task execution logs
[2026-06-18T10:03:09.723+0000] {taskinstance.py:2076} INFO - Dependencies all met for dep_context=non-requeueable deps ti=<TaskInstance: warehouse_etl.internal_movement scheduled__2026-06-17T06:00:00+00:00 [queued]>
[2026-06-18T10:03:09.777+0000] {taskinstance.py:2076} INFO - Dependencies all met for dep_context=requeueable deps ti=<TaskInstance: warehouse_etl.internal_movement scheduled__2026-06-17T06:00:00+00:00 [queued]>
[2026-06-18T10:03:09.787+0000] {taskinstance.py:2306} INFO - Starting attempt 2 of 2
[2026-06-18T10:03:09.824+0000] {taskinstance.py:2330} INFO - Executing <Task(PythonOperator): internal_movement> on 2026-06-17 06:00:00+00:00
[2026-06-18T10:03:09.851+0000] {standard_task_runner.py:64} INFO - Started process 7417 to run task
[2026-06-18T10:03:09.875+0000] {standard_task_runner.py:90} INFO - Running: ['***', 'tasks', 'run', 'warehouse_etl', 'internal_movement', 'scheduled__2026-06-17T06:00:00+00:00', '--job-id', '216', '--raw', '--subdir', 'DAGS_FOLDER/warehouse_dag.py', '--cfg-path', '/tmp/tmpwps0osmj']
[2026-06-18T10:03:09.896+0000] {standard_task_runner.py:91} INFO - Job 216: Subtask internal_movement
[2026-06-18T10:03:10.450+0000] {task_command.py:426} INFO - Running <TaskInstance: warehouse_etl.internal_movement scheduled__2026-06-17T06:00:00+00:00 [running]> on host 04e5673ffdd2
[2026-06-18T10:03:10.926+0000] {taskinstance.py:2648} INFO - Exporting env vars: AIRFLOW_CTX_DAG_OWNER='yusufjon' AIRFLOW_CTX_DAG_ID='warehouse_etl' AIRFLOW_CTX_TASK_ID='internal_movement' AIRFLOW_CTX_EXECUTION_DATE='2026-06-17T06:00:00+00:00' AIRFLOW_CTX_TRY_NUMBER='2' AIRFLOW_CTX_DAG_RUN_ID='scheduled__2026-06-17T06:00:00+00:00'
[2026-06-18T10:03:10.938+0000] {taskinstance.py:430} INFO - ::endgroup::
[2026-06-18T10:03:10.988+0000] {logging_mixin.py:188} INFO - === Internal Movement pipeline ===
[2026-06-18T10:03:11.044+0000] {logging_mixin.py:188} INFO - [FETCH] https://smartup.online/b/anor/mxsx/mkw/movement$export
[2026-06-18T10:03:14.602+0000] {logging_mixin.py:188} INFO - [OK] 0 ta yozuv olindi
[2026-06-18T10:03:14.611+0000] {logging_mixin.py:188} INFO - Ma'lumot kelmadi, pipeline to'xtatildi.
[2026-06-18T10:03:14.613+0000] {python.py:237} INFO - Done. Returned value was: None
[2026-06-18T10:03:14.619+0000] {taskinstance.py:441} INFO - ::group::Post task execution logs
[2026-06-18T10:03:14.639+0000] {taskinstance.py:1206} INFO - Marking task as SUCCESS. dag_id=warehouse_etl, task_id=internal_movement, run_id=scheduled__2026-06-17T06:00:00+00:00, execution_date=20260617T060000, start_date=20260618T100309, end_date=20260618T100314
[2026-06-18T10:03:14.693+0000] {local_task_job_runner.py:243} INFO - Task exited with return code 0
[2026-06-18T10:03:14.723+0000] {taskinstance.py:3503} INFO - 0 downstream tasks scheduled from follow-on schedule check
[2026-06-18T10:03:14.727+0000] {local_task_job_runner.py:222} INFO - ::endgroup::
