[2026-06-17T12:36:45.146+0000] {local_task_job_runner.py:120} INFO - ::group::Pre task execution logs
[2026-06-17T12:36:45.231+0000] {taskinstance.py:2076} INFO - Dependencies all met for dep_context=non-requeueable deps ti=<TaskInstance: references_etl.person_group scheduled__2026-06-16T06:00:00+00:00 [queued]>
[2026-06-17T12:36:45.251+0000] {taskinstance.py:2076} INFO - Dependencies all met for dep_context=requeueable deps ti=<TaskInstance: references_etl.person_group scheduled__2026-06-16T06:00:00+00:00 [queued]>
[2026-06-17T12:36:45.253+0000] {taskinstance.py:2306} INFO - Starting attempt 1 of 2
[2026-06-17T12:36:45.276+0000] {taskinstance.py:2330} INFO - Executing <Task(PythonOperator): person_group> on 2026-06-16 06:00:00+00:00
[2026-06-17T12:36:45.291+0000] {standard_task_runner.py:64} INFO - Started process 346 to run task
[2026-06-17T12:36:45.296+0000] {standard_task_runner.py:90} INFO - Running: ['***', 'tasks', 'run', 'references_etl', 'person_group', 'scheduled__2026-06-16T06:00:00+00:00', '--job-id', '12', '--raw', '--subdir', 'DAGS_FOLDER/references_dag.py', '--cfg-path', '/tmp/tmpzima0dlq']
[2026-06-17T12:36:45.304+0000] {standard_task_runner.py:91} INFO - Job 12: Subtask person_group
[2026-06-17T12:36:45.445+0000] {task_command.py:426} INFO - Running <TaskInstance: references_etl.person_group scheduled__2026-06-16T06:00:00+00:00 [running]> on host 04e5673ffdd2
[2026-06-17T12:36:45.651+0000] {taskinstance.py:2648} INFO - Exporting env vars: AIRFLOW_CTX_DAG_OWNER='yusufjon' AIRFLOW_CTX_DAG_ID='references_etl' AIRFLOW_CTX_TASK_ID='person_group' AIRFLOW_CTX_EXECUTION_DATE='2026-06-16T06:00:00+00:00' AIRFLOW_CTX_TRY_NUMBER='1' AIRFLOW_CTX_DAG_RUN_ID='scheduled__2026-06-16T06:00:00+00:00'
[2026-06-17T12:36:45.658+0000] {taskinstance.py:430} INFO - ::endgroup::
[2026-06-17T12:36:45.688+0000] {logging_mixin.py:188} INFO - === Person Group pipeline ===
[2026-06-17T12:36:45.690+0000] {taskinstance.py:441} INFO - ::group::Post task execution logs
[2026-06-17T12:36:45.692+0000] {taskinstance.py:2905} ERROR - Task failed with exception
Traceback (most recent call last):
  File "/home/airflow/.local/lib/python3.11/site-packages/airflow/models/taskinstance.py", line 465, in _execute_task
    result = _execute_callable(context=context, **execute_callable_kwargs)
             ^^^^^^^^^^^^^^^^^^^^^^^^^^^^^^^^^^^^^^^^^^^^^^^^^^^^^^^^^^^^^
  File "/home/airflow/.local/lib/python3.11/site-packages/airflow/models/taskinstance.py", line 432, in _execute_callable
    return execute_callable(context=context, **execute_callable_kwargs)
           ^^^^^^^^^^^^^^^^^^^^^^^^^^^^^^^^^^^^^^^^^^^^^^^^^^^^^^^^^^^^
  File "/home/airflow/.local/lib/python3.11/site-packages/airflow/models/baseoperator.py", line 401, in wrapper
    return func(self, *args, **kwargs)
           ^^^^^^^^^^^^^^^^^^^^^^^^^^^
  File "/home/airflow/.local/lib/python3.11/site-packages/airflow/operators/python.py", line 235, in execute
    return_value = self.execute_callable()
                   ^^^^^^^^^^^^^^^^^^^^^^^
  File "/home/airflow/.local/lib/python3.11/site-packages/airflow/operators/python.py", line 252, in execute_callable
    return self.python_callable(*self.op_args, **self.op_kwargs)
           ^^^^^^^^^^^^^^^^^^^^^^^^^^^^^^^^^^^^^^^^^^^^^^^^^^^^^
  File "/opt/etl/pipelines/person_group.py", line 58, in run
    raw = fetch(ENDPOINTS["person_group"], get_headers(), key="person_group")
                                           ^^^^^^^^^^^^^
  File "/opt/etl/config.py", line 43, in get_headers
    with open("auth.json") as f:
         ^^^^^^^^^^^^^^^^^
FileNotFoundError: [Errno 2] No such file or directory: 'auth.json'
[2026-06-17T12:36:45.788+0000] {taskinstance.py:1206} INFO - Marking task as UP_FOR_RETRY. dag_id=references_etl, task_id=person_group, run_id=scheduled__2026-06-16T06:00:00+00:00, execution_date=20260616T060000, start_date=20260617T123645, end_date=20260617T123645
[2026-06-17T12:36:45.808+0000] {standard_task_runner.py:110} ERROR - Failed to execute job 12 for task person_group ([Errno 2] No such file or directory: 'auth.json'; 346)
[2026-06-17T12:36:45.848+0000] {local_task_job_runner.py:243} INFO - Task exited with return code 1
[2026-06-17T12:36:45.879+0000] {taskinstance.py:3503} INFO - 0 downstream tasks scheduled from follow-on schedule check
[2026-06-17T12:36:45.882+0000] {local_task_job_runner.py:222} INFO - ::endgroup::
