[2026-06-17T12:37:15.045+0000] {local_task_job_runner.py:120} INFO - ::group::Pre task execution logs
[2026-06-17T12:37:15.109+0000] {taskinstance.py:2076} INFO - Dependencies all met for dep_context=non-requeueable deps ti=<TaskInstance: references_etl.return_reason manual__2026-06-17T12:37:12.761490+00:00 [queued]>
[2026-06-17T12:37:15.127+0000] {taskinstance.py:2076} INFO - Dependencies all met for dep_context=requeueable deps ti=<TaskInstance: references_etl.return_reason manual__2026-06-17T12:37:12.761490+00:00 [queued]>
[2026-06-17T12:37:15.129+0000] {taskinstance.py:2306} INFO - Starting attempt 1 of 2
[2026-06-17T12:37:15.153+0000] {taskinstance.py:2330} INFO - Executing <Task(PythonOperator): return_reason> on 2026-06-17 12:37:12.761490+00:00
[2026-06-17T12:37:15.168+0000] {standard_task_runner.py:64} INFO - Started process 394 to run task
[2026-06-17T12:37:15.179+0000] {standard_task_runner.py:90} INFO - Running: ['***', 'tasks', 'run', 'references_etl', 'return_reason', 'manual__2026-06-17T12:37:12.761490+00:00', '--job-id', '18', '--raw', '--subdir', 'DAGS_FOLDER/references_dag.py', '--cfg-path', '/tmp/tmpwgo88kcg']
[2026-06-17T12:37:15.184+0000] {standard_task_runner.py:91} INFO - Job 18: Subtask return_reason
[2026-06-17T12:37:15.330+0000] {task_command.py:426} INFO - Running <TaskInstance: references_etl.return_reason manual__2026-06-17T12:37:12.761490+00:00 [running]> on host 04e5673ffdd2
[2026-06-17T12:37:15.490+0000] {taskinstance.py:2648} INFO - Exporting env vars: AIRFLOW_CTX_DAG_OWNER='yusufjon' AIRFLOW_CTX_DAG_ID='references_etl' AIRFLOW_CTX_TASK_ID='return_reason' AIRFLOW_CTX_EXECUTION_DATE='2026-06-17T12:37:12.761490+00:00' AIRFLOW_CTX_TRY_NUMBER='1' AIRFLOW_CTX_DAG_RUN_ID='manual__2026-06-17T12:37:12.761490+00:00'
[2026-06-17T12:37:15.493+0000] {taskinstance.py:430} INFO - ::endgroup::
[2026-06-17T12:37:15.523+0000] {logging_mixin.py:188} INFO - === Return Reason pipeline ===
[2026-06-17T12:37:15.524+0000] {taskinstance.py:441} INFO - ::group::Post task execution logs
[2026-06-17T12:37:15.528+0000] {taskinstance.py:2905} ERROR - Task failed with exception
Traceback (most recent call last):
  File "/home/airflow/.local/lib/python3.11/site-packages/airflow/models/taskinstance.py", line 465, in _execute_task
    result = _execute_callable(context=context, **execute_callable_kwargs)
             ^^^^^^^^^^^^^^^^^^^^^^^^^^^^^^^^^^^^^^^^^^^^^^^^^^^^^^^^^^^^^
  File "/home/airflow/.local/lib/python3.11/site-packages/airflow/models/taskinstance.py", line 432, in _execute_callable
    return execute_callable(context=context, **execute_callable_kwargs)
           ^^^^^^^^^^^^^^^^^^^^^^^^^^^^^^^^^^^^^^^^^^^^^^^^^^^^^^^^^^^^
  File "/home/airflow/.local/lib/python3.11/site-packages/airflow/models/baseoperator.py", line 401, in wrapper
    return func(self, *args, **kwargs)
           ^^^^^^^^^^^^^^^^^^^^^^^^^^^
  File "/home/airflow/.local/lib/python3.11/site-packages/airflow/operators/python.py", line 235, in execute
    return_value = self.execute_callable()
                   ^^^^^^^^^^^^^^^^^^^^^^^
  File "/home/airflow/.local/lib/python3.11/site-packages/airflow/operators/python.py", line 252, in execute_callable
    return self.python_callable(*self.op_args, **self.op_kwargs)
           ^^^^^^^^^^^^^^^^^^^^^^^^^^^^^^^^^^^^^^^^^^^^^^^^^^^^^
  File "/opt/etl/pipelines/return_reason.py", line 48, in run
    get_headers(),
    ^^^^^^^^^^^^^
  File "/opt/etl/config.py", line 43, in get_headers
    with open("auth.json") as f:
         ^^^^^^^^^^^^^^^^^
FileNotFoundError: [Errno 2] No such file or directory: 'auth.json'
[2026-06-17T12:37:15.566+0000] {taskinstance.py:1206} INFO - Marking task as UP_FOR_RETRY. dag_id=references_etl, task_id=return_reason, run_id=manual__2026-06-17T12:37:12.761490+00:00, execution_date=20260617T123712, start_date=20260617T123715, end_date=20260617T123715
[2026-06-17T12:37:15.583+0000] {standard_task_runner.py:110} ERROR - Failed to execute job 18 for task return_reason ([Errno 2] No such file or directory: 'auth.json'; 394)
[2026-06-17T12:37:15.609+0000] {local_task_job_runner.py:243} INFO - Task exited with return code 1
[2026-06-17T12:37:15.648+0000] {taskinstance.py:3503} INFO - 0 downstream tasks scheduled from follow-on schedule check
[2026-06-17T12:37:15.652+0000] {local_task_job_runner.py:222} INFO - ::endgroup::
