[2026-06-17T13:49:29.502+0000] {local_task_job_runner.py:120} INFO - ::group::Pre task execution logs
[2026-06-17T13:49:29.545+0000] {taskinstance.py:2076} INFO - Dependencies all met for dep_context=non-requeueable deps ti=<TaskInstance: sales_etl.order manual__2026-06-17T13:49:28.218485+00:00 [queued]>
[2026-06-17T13:49:29.560+0000] {taskinstance.py:2076} INFO - Dependencies all met for dep_context=requeueable deps ti=<TaskInstance: sales_etl.order manual__2026-06-17T13:49:28.218485+00:00 [queued]>
[2026-06-17T13:49:29.563+0000] {taskinstance.py:2306} INFO - Starting attempt 1 of 2
[2026-06-17T13:49:29.578+0000] {taskinstance.py:2330} INFO - Executing <Task(PythonOperator): order> on 2026-06-17 13:49:28.218485+00:00
[2026-06-17T13:49:29.587+0000] {standard_task_runner.py:64} INFO - Started process 3318 to run task
[2026-06-17T13:49:29.592+0000] {standard_task_runner.py:90} INFO - Running: ['***', 'tasks', 'run', 'sales_etl', 'order', 'manual__2026-06-17T13:49:28.218485+00:00', '--job-id', '164', '--raw', '--subdir', 'DAGS_FOLDER/sales_dag.py', '--cfg-path', '/tmp/tmpls27mnow']
[2026-06-17T13:49:29.595+0000] {standard_task_runner.py:91} INFO - Job 164: Subtask order
[2026-06-17T13:49:29.711+0000] {task_command.py:426} INFO - Running <TaskInstance: sales_etl.order manual__2026-06-17T13:49:28.218485+00:00 [running]> on host 04e5673ffdd2
[2026-06-17T13:49:29.834+0000] {taskinstance.py:2648} INFO - Exporting env vars: AIRFLOW_CTX_DAG_OWNER='yusufjon' AIRFLOW_CTX_DAG_ID='sales_etl' AIRFLOW_CTX_TASK_ID='order' AIRFLOW_CTX_EXECUTION_DATE='2026-06-17T13:49:28.218485+00:00' AIRFLOW_CTX_TRY_NUMBER='1' AIRFLOW_CTX_DAG_RUN_ID='manual__2026-06-17T13:49:28.218485+00:00'
[2026-06-17T13:49:29.835+0000] {taskinstance.py:430} INFO - ::endgroup::
[2026-06-17T13:49:29.852+0000] {logging_mixin.py:188} INFO - === Orders pipeline ===
[2026-06-17T13:49:29.855+0000] {logging_mixin.py:188} INFO - [FETCH] https://smartup.online/b/trade/txs/tdeal/order$export
[2026-06-17T13:49:32.095+0000] {logging_mixin.py:188} INFO - [OK] 6 ta yozuv olindi
[2026-06-17T13:49:32.696+0000] {logging_mixin.py:188} INFO - [DB] 'orders' — 6 ta qator yuklandi.
[2026-06-17T13:49:32.937+0000] {logging_mixin.py:188} INFO - [DB] 'order_products' — 6 ta qator yuklandi.
[2026-06-17T13:49:33.133+0000] {logging_mixin.py:188} INFO - [DB] 'order_product_details' — 7 ta qator yuklandi.
[2026-06-17T13:49:33.134+0000] {logging_mixin.py:188} INFO - [SKIP] 'order_product_action_margins' bo'sh, o'tkazib yuborildi.
[2026-06-17T13:49:33.135+0000] {logging_mixin.py:188} INFO - [SKIP] 'order_gifts' bo'sh, o'tkazib yuborildi.
[2026-06-17T13:49:33.135+0000] {logging_mixin.py:188} INFO - [SKIP] 'order_actions' bo'sh, o'tkazib yuborildi.
[2026-06-17T13:49:33.136+0000] {logging_mixin.py:188} INFO - [SKIP] 'order_consignments' bo'sh, o'tkazib yuborildi.
[2026-06-17T13:49:33.136+0000] {logging_mixin.py:188} INFO - === Orders pipeline tugadi ===
[2026-06-17T13:49:33.137+0000] {python.py:237} INFO - Done. Returned value was: None
[2026-06-17T13:49:33.139+0000] {taskinstance.py:441} INFO - ::group::Post task execution logs
[2026-06-17T13:49:33.158+0000] {taskinstance.py:1206} INFO - Marking task as SUCCESS. dag_id=sales_etl, task_id=order, run_id=manual__2026-06-17T13:49:28.218485+00:00, execution_date=20260617T134928, start_date=20260617T134929, end_date=20260617T134933
[2026-06-17T13:49:33.191+0000] {local_task_job_runner.py:243} INFO - Task exited with return code 0
[2026-06-17T13:49:33.221+0000] {taskinstance.py:3503} INFO - 0 downstream tasks scheduled from follow-on schedule check
[2026-06-17T13:49:33.225+0000] {local_task_job_runner.py:222} INFO - ::endgroup::
