[2026-06-18T10:03:09.587+0000] {local_task_job_runner.py:120} INFO - ::group::Pre task execution logs
[2026-06-18T10:03:09.653+0000] {taskinstance.py:2076} INFO - Dependencies all met for dep_context=non-requeueable deps ti=<TaskInstance: warehouse_etl.purchase scheduled__2026-06-17T06:00:00+00:00 [queued]>
[2026-06-18T10:03:09.683+0000] {taskinstance.py:2076} INFO - Dependencies all met for dep_context=requeueable deps ti=<TaskInstance: warehouse_etl.purchase scheduled__2026-06-17T06:00:00+00:00 [queued]>
[2026-06-18T10:03:09.691+0000] {taskinstance.py:2306} INFO - Starting attempt 2 of 2
[2026-06-18T10:03:09.757+0000] {taskinstance.py:2330} INFO - Executing <Task(PythonOperator): purchase> on 2026-06-17 06:00:00+00:00
[2026-06-18T10:03:09.779+0000] {standard_task_runner.py:64} INFO - Started process 7415 to run task
[2026-06-18T10:03:09.786+0000] {standard_task_runner.py:90} INFO - Running: ['***', 'tasks', 'run', 'warehouse_etl', 'purchase', 'scheduled__2026-06-17T06:00:00+00:00', '--job-id', '214', '--raw', '--subdir', 'DAGS_FOLDER/warehouse_dag.py', '--cfg-path', '/tmp/tmpmnjp4fi1']
[2026-06-18T10:03:09.821+0000] {standard_task_runner.py:91} INFO - Job 214: Subtask purchase
[2026-06-18T10:03:10.275+0000] {task_command.py:426} INFO - Running <TaskInstance: warehouse_etl.purchase scheduled__2026-06-17T06:00:00+00:00 [running]> on host 04e5673ffdd2
[2026-06-18T10:03:10.914+0000] {taskinstance.py:2648} INFO - Exporting env vars: AIRFLOW_CTX_DAG_OWNER='yusufjon' AIRFLOW_CTX_DAG_ID='warehouse_etl' AIRFLOW_CTX_TASK_ID='purchase' AIRFLOW_CTX_EXECUTION_DATE='2026-06-17T06:00:00+00:00' AIRFLOW_CTX_TRY_NUMBER='2' AIRFLOW_CTX_DAG_RUN_ID='scheduled__2026-06-17T06:00:00+00:00'
[2026-06-18T10:03:10.941+0000] {taskinstance.py:430} INFO - ::endgroup::
[2026-06-18T10:03:11.051+0000] {logging_mixin.py:188} INFO - === Purchase pipeline ===
[2026-06-18T10:03:11.111+0000] {logging_mixin.py:188} INFO - [FETCH] https://smartup.online/b/anor/mxsx/mkw/purchase$export
[2026-06-18T10:03:14.587+0000] {logging_mixin.py:188} INFO - [OK] 1 ta yozuv olindi
[2026-06-18T10:03:15.097+0000] {logging_mixin.py:188} INFO - [DB] 'purchases' — 1 ta qator yuklandi.
[2026-06-18T10:03:15.391+0000] {logging_mixin.py:188} INFO - [DB] 'purchase_items' — 1 ta qator yuklandi.
[2026-06-18T10:03:15.392+0000] {logging_mixin.py:188} INFO - [SKIP] 'purchase_marking_codes' bo'sh, o'tkazib yuborildi.
[2026-06-18T10:03:15.393+0000] {logging_mixin.py:188} INFO - === Purchase pipeline tugadi ===
[2026-06-18T10:03:15.394+0000] {python.py:237} INFO - Done. Returned value was: None
[2026-06-18T10:03:15.396+0000] {taskinstance.py:441} INFO - ::group::Post task execution logs
[2026-06-18T10:03:15.418+0000] {taskinstance.py:1206} INFO - Marking task as SUCCESS. dag_id=warehouse_etl, task_id=purchase, run_id=scheduled__2026-06-17T06:00:00+00:00, execution_date=20260617T060000, start_date=20260618T100309, end_date=20260618T100315
[2026-06-18T10:03:15.498+0000] {local_task_job_runner.py:243} INFO - Task exited with return code 0
[2026-06-18T10:03:15.529+0000] {taskinstance.py:3503} INFO - 0 downstream tasks scheduled from follow-on schedule check
[2026-06-18T10:03:15.541+0000] {local_task_job_runner.py:222} INFO - ::endgroup::
