[2026-06-17T12:50:03.138+0000] {local_task_job_runner.py:120} INFO - ::group::Pre task execution logs
[2026-06-17T12:50:03.228+0000] {taskinstance.py:2076} INFO - Dependencies all met for dep_context=non-requeueable deps ti=<TaskInstance: references_etl.product_group manual__2026-06-17T12:50:00.495999+00:00 [queued]>
[2026-06-17T12:50:03.252+0000] {taskinstance.py:2076} INFO - Dependencies all met for dep_context=requeueable deps ti=<TaskInstance: references_etl.product_group manual__2026-06-17T12:50:00.495999+00:00 [queued]>
[2026-06-17T12:50:03.258+0000] {taskinstance.py:2306} INFO - Starting attempt 1 of 2
[2026-06-17T12:50:03.291+0000] {taskinstance.py:2330} INFO - Executing <Task(PythonOperator): product_group> on 2026-06-17 12:50:00.495999+00:00
[2026-06-17T12:50:03.305+0000] {standard_task_runner.py:64} INFO - Started process 949 to run task
[2026-06-17T12:50:03.315+0000] {standard_task_runner.py:90} INFO - Running: ['***', 'tasks', 'run', 'references_etl', 'product_group', 'manual__2026-06-17T12:50:00.495999+00:00', '--job-id', '57', '--raw', '--subdir', 'DAGS_FOLDER/references_dag.py', '--cfg-path', '/tmp/tmp3uao89e1']
[2026-06-17T12:50:03.321+0000] {standard_task_runner.py:91} INFO - Job 57: Subtask product_group
[2026-06-17T12:50:03.504+0000] {task_command.py:426} INFO - Running <TaskInstance: references_etl.product_group manual__2026-06-17T12:50:00.495999+00:00 [running]> on host 04e5673ffdd2
[2026-06-17T12:50:03.759+0000] {taskinstance.py:2648} INFO - Exporting env vars: AIRFLOW_CTX_DAG_OWNER='yusufjon' AIRFLOW_CTX_DAG_ID='references_etl' AIRFLOW_CTX_TASK_ID='product_group' AIRFLOW_CTX_EXECUTION_DATE='2026-06-17T12:50:00.495999+00:00' AIRFLOW_CTX_TRY_NUMBER='1' AIRFLOW_CTX_DAG_RUN_ID='manual__2026-06-17T12:50:00.495999+00:00'
[2026-06-17T12:50:03.761+0000] {taskinstance.py:430} INFO - ::endgroup::
[2026-06-17T12:50:03.790+0000] {logging_mixin.py:188} INFO - === Product Group pipeline ===
[2026-06-17T12:50:03.791+0000] {taskinstance.py:441} INFO - ::group::Post task execution logs
[2026-06-17T12:50:03.793+0000] {taskinstance.py:2905} ERROR - Task failed with exception
Traceback (most recent call last):
  File "/home/airflow/.local/lib/python3.11/site-packages/airflow/models/taskinstance.py", line 465, in _execute_task
    result = _execute_callable(context=context, **execute_callable_kwargs)
             ^^^^^^^^^^^^^^^^^^^^^^^^^^^^^^^^^^^^^^^^^^^^^^^^^^^^^^^^^^^^^
  File "/home/airflow/.local/lib/python3.11/site-packages/airflow/models/taskinstance.py", line 432, in _execute_callable
    return execute_callable(context=context, **execute_callable_kwargs)
           ^^^^^^^^^^^^^^^^^^^^^^^^^^^^^^^^^^^^^^^^^^^^^^^^^^^^^^^^^^^^
  File "/home/airflow/.local/lib/python3.11/site-packages/airflow/models/baseoperator.py", line 401, in wrapper
    return func(self, *args, **kwargs)
           ^^^^^^^^^^^^^^^^^^^^^^^^^^^
  File "/home/airflow/.local/lib/python3.11/site-packages/airflow/operators/python.py", line 235, in execute
    return_value = self.execute_callable()
                   ^^^^^^^^^^^^^^^^^^^^^^^
  File "/home/airflow/.local/lib/python3.11/site-packages/airflow/operators/python.py", line 252, in execute_callable
    return self.python_callable(*self.op_args, **self.op_kwargs)
           ^^^^^^^^^^^^^^^^^^^^^^^^^^^^^^^^^^^^^^^^^^^^^^^^^^^^^
  File "/opt/etl/pipelines/product_group.py", line 58, in run
    raw = fetch(ENDPOINTS["product_group"], get_headers(), key="product_group")
                                            ^^^^^^^^^^^^^
  File "/opt/etl/config.py", line 43, in get_headers
    with open("auth.json") as f:
         ^^^^^^^^^^^^^^^^^
FileNotFoundError: [Errno 2] No such file or directory: 'auth.json'
[2026-06-17T12:50:03.851+0000] {taskinstance.py:1206} INFO - Marking task as UP_FOR_RETRY. dag_id=references_etl, task_id=product_group, run_id=manual__2026-06-17T12:50:00.495999+00:00, execution_date=20260617T125000, start_date=20260617T125003, end_date=20260617T125003
[2026-06-17T12:50:03.872+0000] {standard_task_runner.py:110} ERROR - Failed to execute job 57 for task product_group ([Errno 2] No such file or directory: 'auth.json'; 949)
[2026-06-17T12:50:03.906+0000] {local_task_job_runner.py:243} INFO - Task exited with return code 1
[2026-06-17T12:50:03.947+0000] {taskinstance.py:3503} INFO - 0 downstream tasks scheduled from follow-on schedule check
[2026-06-17T12:50:03.961+0000] {local_task_job_runner.py:222} INFO - ::endgroup::
