[2026-06-17T13:35:26.750+0000] {local_task_job_runner.py:120} INFO - ::group::Pre task execution logs
[2026-06-17T13:35:26.795+0000] {taskinstance.py:2076} INFO - Dependencies all met for dep_context=non-requeueable deps ti=<TaskInstance: references_etl.return_reason manual__2026-06-17T13:16:50.080699+00:00 [queued]>
[2026-06-17T13:35:26.808+0000] {taskinstance.py:2076} INFO - Dependencies all met for dep_context=requeueable deps ti=<TaskInstance: references_etl.return_reason manual__2026-06-17T13:16:50.080699+00:00 [queued]>
[2026-06-17T13:35:26.810+0000] {taskinstance.py:2306} INFO - Starting attempt 3 of 4
[2026-06-17T13:35:26.828+0000] {taskinstance.py:2330} INFO - Executing <Task(PythonOperator): return_reason> on 2026-06-17 13:16:50.080699+00:00
[2026-06-17T13:35:26.836+0000] {standard_task_runner.py:64} INFO - Started process 2817 to run task
[2026-06-17T13:35:26.841+0000] {standard_task_runner.py:90} INFO - Running: ['***', 'tasks', 'run', 'references_etl', 'return_reason', 'manual__2026-06-17T13:16:50.080699+00:00', '--job-id', '159', '--raw', '--subdir', 'DAGS_FOLDER/references_dag.py', '--cfg-path', '/tmp/tmp5v9l4bu2']
[2026-06-17T13:35:26.845+0000] {standard_task_runner.py:91} INFO - Job 159: Subtask return_reason
[2026-06-17T13:35:26.947+0000] {task_command.py:426} INFO - Running <TaskInstance: references_etl.return_reason manual__2026-06-17T13:16:50.080699+00:00 [running]> on host 04e5673ffdd2
[2026-06-17T13:35:27.081+0000] {taskinstance.py:2648} INFO - Exporting env vars: AIRFLOW_CTX_DAG_OWNER='yusufjon' AIRFLOW_CTX_DAG_ID='references_etl' AIRFLOW_CTX_TASK_ID='return_reason' AIRFLOW_CTX_EXECUTION_DATE='2026-06-17T13:16:50.080699+00:00' AIRFLOW_CTX_TRY_NUMBER='3' AIRFLOW_CTX_DAG_RUN_ID='manual__2026-06-17T13:16:50.080699+00:00'
[2026-06-17T13:35:27.083+0000] {taskinstance.py:430} INFO - ::endgroup::
[2026-06-17T13:35:27.099+0000] {logging_mixin.py:188} INFO - === Return Reason pipeline ===
[2026-06-17T13:35:27.102+0000] {logging_mixin.py:188} INFO - [FETCH] https://smartup.online/b/anor/mxsx/mdeal/return_reason$export
[2026-06-17T13:35:28.936+0000] {taskinstance.py:441} INFO - ::group::Post task execution logs
[2026-06-17T13:35:28.938+0000] {taskinstance.py:2905} ERROR - Task failed with exception
Traceback (most recent call last):
  File "/home/airflow/.local/lib/python3.11/site-packages/airflow/models/taskinstance.py", line 465, in _execute_task
    result = _execute_callable(context=context, **execute_callable_kwargs)
             ^^^^^^^^^^^^^^^^^^^^^^^^^^^^^^^^^^^^^^^^^^^^^^^^^^^^^^^^^^^^^
  File "/home/airflow/.local/lib/python3.11/site-packages/airflow/models/taskinstance.py", line 432, in _execute_callable
    return execute_callable(context=context, **execute_callable_kwargs)
           ^^^^^^^^^^^^^^^^^^^^^^^^^^^^^^^^^^^^^^^^^^^^^^^^^^^^^^^^^^^^
  File "/home/airflow/.local/lib/python3.11/site-packages/airflow/models/baseoperator.py", line 401, in wrapper
    return func(self, *args, **kwargs)
           ^^^^^^^^^^^^^^^^^^^^^^^^^^^
  File "/home/airflow/.local/lib/python3.11/site-packages/airflow/operators/python.py", line 235, in execute
    return_value = self.execute_callable()
                   ^^^^^^^^^^^^^^^^^^^^^^^
  File "/home/airflow/.local/lib/python3.11/site-packages/airflow/operators/python.py", line 252, in execute_callable
    return self.python_callable(*self.op_args, **self.op_kwargs)
           ^^^^^^^^^^^^^^^^^^^^^^^^^^^^^^^^^^^^^^^^^^^^^^^^^^^^^
  File "/opt/etl/pipelines/return_reason.py", line 46, in run
    raw = fetch(
          ^^^^^^
  File "/opt/etl/client.py", line 132, in fetch
    raise Exception(f"[XATO] Status: {response.status_code} — {response.text}")
Exception: [XATO] Status: 500 — ORA-65503: cannot send or receive temporary LOB locators over a database link
ORA-02063: preceding line from ADGREDIRECT
ORA-06512: at "SMARTUP5X_ERP.BIRUNI_CORE", line 968
ORA-06512: at "SMARTUP5X_ERP.BIRUNI_ROUTE", line 436
ORA-06512: at "SMARTUP5X_ERP.BIRUNI_ROUTE", line 1340
ORA-06512: at line 1

https://docs.oracle.com/error-help/db/ora-65503/
[2026-06-17T13:35:28.982+0000] {taskinstance.py:1206} INFO - Marking task as UP_FOR_RETRY. dag_id=references_etl, task_id=return_reason, run_id=manual__2026-06-17T13:16:50.080699+00:00, execution_date=20260617T131650, start_date=20260617T133526, end_date=20260617T133528
[2026-06-17T13:35:29.018+0000] {standard_task_runner.py:110} ERROR - Failed to execute job 159 for task return_reason ([XATO] Status: 500 — ORA-65503: cannot send or receive temporary LOB locators over a database link
ORA-02063: preceding line from ADGREDIRECT
ORA-06512: at "SMARTUP5X_ERP.BIRUNI_CORE", line 968
ORA-06512: at "SMARTUP5X_ERP.BIRUNI_ROUTE", line 436
ORA-06512: at "SMARTUP5X_ERP.BIRUNI_ROUTE", line 1340
ORA-06512: at line 1

https://docs.oracle.com/error-help/db/ora-65503/; 2817)
[2026-06-17T13:35:29.037+0000] {local_task_job_runner.py:243} INFO - Task exited with return code 1
[2026-06-17T13:35:29.063+0000] {taskinstance.py:3503} INFO - 0 downstream tasks scheduled from follow-on schedule check
[2026-06-17T13:35:29.067+0000] {local_task_job_runner.py:222} INFO - ::endgroup::
