[2026-06-19T08:19:17.381+0000] {local_task_job_runner.py:120} INFO - ::group::Pre task execution logs
[2026-06-19T08:19:17.605+0000] {taskinstance.py:2076} INFO - Dependencies all met for dep_context=non-requeueable deps ti=<TaskInstance: references_etl.legal_entity scheduled__2026-06-18T06:00:00+00:00 [queued]>
[2026-06-19T08:19:17.647+0000] {taskinstance.py:2076} INFO - Dependencies all met for dep_context=requeueable deps ti=<TaskInstance: references_etl.legal_entity scheduled__2026-06-18T06:00:00+00:00 [queued]>
[2026-06-19T08:19:17.651+0000] {taskinstance.py:2306} INFO - Starting attempt 2 of 2
[2026-06-19T08:19:17.731+0000] {taskinstance.py:2330} INFO - Executing <Task(PythonOperator): legal_entity> on 2026-06-18 06:00:00+00:00
[2026-06-19T08:19:17.864+0000] {standard_task_runner.py:64} INFO - Started process 9933 to run task
[2026-06-19T08:19:17.892+0000] {standard_task_runner.py:90} INFO - Running: ['***', 'tasks', 'run', 'references_etl', 'legal_entity', 'scheduled__2026-06-18T06:00:00+00:00', '--job-id', '264', '--raw', '--subdir', 'DAGS_FOLDER/references_dag.py', '--cfg-path', '/tmp/tmp6nkcvsbn']
[2026-06-19T08:19:17.934+0000] {standard_task_runner.py:91} INFO - Job 264: Subtask legal_entity
[2026-06-19T08:19:18.414+0000] {task_command.py:426} INFO - Running <TaskInstance: references_etl.legal_entity scheduled__2026-06-18T06:00:00+00:00 [running]> on host 04e5673ffdd2
[2026-06-19T08:19:18.856+0000] {taskinstance.py:2648} INFO - Exporting env vars: AIRFLOW_CTX_DAG_OWNER='yusufjon' AIRFLOW_CTX_DAG_ID='references_etl' AIRFLOW_CTX_TASK_ID='legal_entity' AIRFLOW_CTX_EXECUTION_DATE='2026-06-18T06:00:00+00:00' AIRFLOW_CTX_TRY_NUMBER='2' AIRFLOW_CTX_DAG_RUN_ID='scheduled__2026-06-18T06:00:00+00:00'
[2026-06-19T08:19:18.875+0000] {taskinstance.py:430} INFO - ::endgroup::
[2026-06-19T08:19:18.912+0000] {logging_mixin.py:188} INFO - === Legal Entity pipeline ===
[2026-06-19T08:19:18.932+0000] {logging_mixin.py:188} INFO - [FETCH] https://smartup.online/b/anor/mxsx/mr/legal_person$export
[2026-06-19T08:20:26.482+0000] {logging_mixin.py:188} INFO - [OK] 31849 ta yozuv olindi
[2026-06-19T08:20:52.341+0000] {logging_mixin.py:188} INFO - [DB] 'legal_entities' — 31849 ta qator yuklandi.
[2026-06-19T08:20:54.972+0000] {logging_mixin.py:188} INFO - [DB] 'legal_entity_group' — 37804 ta qator yuklandi.
[2026-06-19T08:20:55.650+0000] {logging_mixin.py:188} INFO - [DB] 'legal_entity_bank_account' — 281 ta qator yuklandi.
[2026-06-19T08:20:55.958+0000] {logging_mixin.py:188} INFO - [DB] 'legal_entity_room' — 3927 ta qator yuklandi.
[2026-06-19T08:20:55.959+0000] {logging_mixin.py:188} INFO - === Legal Entity pipeline tugadi ===
[2026-06-19T08:20:55.996+0000] {python.py:237} INFO - Done. Returned value was: None
[2026-06-19T08:20:55.998+0000] {taskinstance.py:441} INFO - ::group::Post task execution logs
[2026-06-19T08:20:56.012+0000] {taskinstance.py:1206} INFO - Marking task as SUCCESS. dag_id=references_etl, task_id=legal_entity, run_id=scheduled__2026-06-18T06:00:00+00:00, execution_date=20260618T060000, start_date=20260619T081917, end_date=20260619T082056
[2026-06-19T08:20:56.085+0000] {local_task_job_runner.py:243} INFO - Task exited with return code 0
[2026-06-19T08:20:56.112+0000] {taskinstance.py:3503} INFO - 0 downstream tasks scheduled from follow-on schedule check
[2026-06-19T08:20:56.115+0000] {local_task_job_runner.py:222} INFO - ::endgroup::
