[2026-06-17T13:16:52.326+0000] {local_task_job_runner.py:120} INFO - ::group::Pre task execution logs
[2026-06-17T13:16:52.408+0000] {taskinstance.py:2076} INFO - Dependencies all met for dep_context=non-requeueable deps ti=<TaskInstance: references_etl.producers manual__2026-06-17T13:16:50.080699+00:00 [queued]>
[2026-06-17T13:16:52.433+0000] {taskinstance.py:2076} INFO - Dependencies all met for dep_context=requeueable deps ti=<TaskInstance: references_etl.producers manual__2026-06-17T13:16:50.080699+00:00 [queued]>
[2026-06-17T13:16:52.435+0000] {taskinstance.py:2306} INFO - Starting attempt 1 of 2
[2026-06-17T13:16:52.462+0000] {taskinstance.py:2330} INFO - Executing <Task(PythonOperator): producers> on 2026-06-17 13:16:50.080699+00:00
[2026-06-17T13:16:52.475+0000] {standard_task_runner.py:64} INFO - Started process 2163 to run task
[2026-06-17T13:16:52.502+0000] {standard_task_runner.py:90} INFO - Running: ['***', 'tasks', 'run', 'references_etl', 'producers', 'manual__2026-06-17T13:16:50.080699+00:00', '--job-id', '155', '--raw', '--subdir', 'DAGS_FOLDER/references_dag.py', '--cfg-path', '/tmp/tmplrr92tdl']
[2026-06-17T13:16:52.513+0000] {standard_task_runner.py:91} INFO - Job 155: Subtask producers
[2026-06-17T13:16:52.683+0000] {task_command.py:426} INFO - Running <TaskInstance: references_etl.producers manual__2026-06-17T13:16:50.080699+00:00 [running]> on host 04e5673ffdd2
[2026-06-17T13:16:52.979+0000] {taskinstance.py:2648} INFO - Exporting env vars: AIRFLOW_CTX_DAG_OWNER='yusufjon' AIRFLOW_CTX_DAG_ID='references_etl' AIRFLOW_CTX_TASK_ID='producers' AIRFLOW_CTX_EXECUTION_DATE='2026-06-17T13:16:50.080699+00:00' AIRFLOW_CTX_TRY_NUMBER='1' AIRFLOW_CTX_DAG_RUN_ID='manual__2026-06-17T13:16:50.080699+00:00'
[2026-06-17T13:16:52.982+0000] {taskinstance.py:430} INFO - ::endgroup::
[2026-06-17T13:16:53.009+0000] {logging_mixin.py:188} INFO - === Producers pipeline ===
[2026-06-17T13:16:53.015+0000] {logging_mixin.py:188} INFO - [FETCH] https://smartup.online/b/anor/mxsx/mr/producer$export
[2026-06-17T13:16:56.176+0000] {logging_mixin.py:188} INFO - [OK] 679 ta yozuv olindi
[2026-06-17T13:16:56.636+0000] {logging_mixin.py:188} INFO - [DB] 'producers' — 15 ta qator yuklandi.
[2026-06-17T13:16:56.637+0000] {logging_mixin.py:188} INFO - === Producers pipeline tugadi ===
[2026-06-17T13:16:56.638+0000] {python.py:237} INFO - Done. Returned value was: None
[2026-06-17T13:16:56.639+0000] {taskinstance.py:441} INFO - ::group::Post task execution logs
[2026-06-17T13:16:56.660+0000] {taskinstance.py:1206} INFO - Marking task as SUCCESS. dag_id=references_etl, task_id=producers, run_id=manual__2026-06-17T13:16:50.080699+00:00, execution_date=20260617T131650, start_date=20260617T131652, end_date=20260617T131656
[2026-06-17T13:16:56.695+0000] {local_task_job_runner.py:243} INFO - Task exited with return code 0
[2026-06-17T13:16:56.731+0000] {taskinstance.py:3503} INFO - 0 downstream tasks scheduled from follow-on schedule check
[2026-06-17T13:16:56.734+0000] {local_task_job_runner.py:222} INFO - ::endgroup::
