[2026-06-19T08:19:16.828+0000] {local_task_job_runner.py:120} INFO - ::group::Pre task execution logs
[2026-06-19T08:19:16.979+0000] {taskinstance.py:2076} INFO - Dependencies all met for dep_context=non-requeueable deps ti=<TaskInstance: references_etl.natural_person scheduled__2026-06-18T06:00:00+00:00 [queued]>
[2026-06-19T08:19:17.018+0000] {taskinstance.py:2076} INFO - Dependencies all met for dep_context=requeueable deps ti=<TaskInstance: references_etl.natural_person scheduled__2026-06-18T06:00:00+00:00 [queued]>
[2026-06-19T08:19:17.020+0000] {taskinstance.py:2306} INFO - Starting attempt 2 of 2
[2026-06-19T08:19:17.238+0000] {taskinstance.py:2330} INFO - Executing <Task(PythonOperator): natural_person> on 2026-06-18 06:00:00+00:00
[2026-06-19T08:19:17.268+0000] {standard_task_runner.py:64} INFO - Started process 9922 to run task
[2026-06-19T08:19:17.274+0000] {standard_task_runner.py:90} INFO - Running: ['***', 'tasks', 'run', 'references_etl', 'natural_person', 'scheduled__2026-06-18T06:00:00+00:00', '--job-id', '262', '--raw', '--subdir', 'DAGS_FOLDER/references_dag.py', '--cfg-path', '/tmp/tmp5pq1i8g8']
[2026-06-19T08:19:17.283+0000] {standard_task_runner.py:91} INFO - Job 262: Subtask natural_person
[2026-06-19T08:19:17.691+0000] {task_command.py:426} INFO - Running <TaskInstance: references_etl.natural_person scheduled__2026-06-18T06:00:00+00:00 [running]> on host 04e5673ffdd2
[2026-06-19T08:19:18.197+0000] {taskinstance.py:2648} INFO - Exporting env vars: AIRFLOW_CTX_DAG_OWNER='yusufjon' AIRFLOW_CTX_DAG_ID='references_etl' AIRFLOW_CTX_TASK_ID='natural_person' AIRFLOW_CTX_EXECUTION_DATE='2026-06-18T06:00:00+00:00' AIRFLOW_CTX_TRY_NUMBER='2' AIRFLOW_CTX_DAG_RUN_ID='scheduled__2026-06-18T06:00:00+00:00'
[2026-06-19T08:19:18.215+0000] {taskinstance.py:430} INFO - ::endgroup::
[2026-06-19T08:19:18.303+0000] {logging_mixin.py:188} INFO - === Natural Persons pipeline ===
[2026-06-19T08:19:18.406+0000] {logging_mixin.py:188} INFO - [FETCH] https://smartup.online/b/anor/mxsx/mr/natural_person$export
[2026-06-19T08:19:23.595+0000] {logging_mixin.py:188} INFO - [OK] 1113 ta yozuv olindi
[2026-06-19T08:19:25.706+0000] {logging_mixin.py:188} INFO - [DB] 'natural_persons' — 1113 ta qator yuklandi.
[2026-06-19T08:19:26.131+0000] {logging_mixin.py:188} INFO - [DB] 'person_group' — 257 ta qator yuklandi.
[2026-06-19T08:19:26.422+0000] {logging_mixin.py:188} INFO - [DB] 'person_room' — 1008 ta qator yuklandi.
[2026-06-19T08:19:26.423+0000] {logging_mixin.py:188} INFO - === Natural Persons pipeline tugadi ===
[2026-06-19T08:19:26.425+0000] {python.py:237} INFO - Done. Returned value was: None
[2026-06-19T08:19:26.427+0000] {taskinstance.py:441} INFO - ::group::Post task execution logs
[2026-06-19T08:19:26.446+0000] {taskinstance.py:1206} INFO - Marking task as SUCCESS. dag_id=references_etl, task_id=natural_person, run_id=scheduled__2026-06-18T06:00:00+00:00, execution_date=20260618T060000, start_date=20260619T081916, end_date=20260619T081926
[2026-06-19T08:19:26.523+0000] {local_task_job_runner.py:243} INFO - Task exited with return code 0
[2026-06-19T08:19:26.554+0000] {taskinstance.py:3503} INFO - 0 downstream tasks scheduled from follow-on schedule check
[2026-06-19T08:19:26.557+0000] {local_task_job_runner.py:222} INFO - ::endgroup::
