[2026-06-17T13:16:52.260+0000] {local_task_job_runner.py:120} INFO - ::group::Pre task execution logs
[2026-06-17T13:16:52.338+0000] {taskinstance.py:2076} INFO - Dependencies all met for dep_context=non-requeueable deps ti=<TaskInstance: references_etl.contracts manual__2026-06-17T13:16:50.080699+00:00 [queued]>
[2026-06-17T13:16:52.357+0000] {taskinstance.py:2076} INFO - Dependencies all met for dep_context=requeueable deps ti=<TaskInstance: references_etl.contracts manual__2026-06-17T13:16:50.080699+00:00 [queued]>
[2026-06-17T13:16:52.361+0000] {taskinstance.py:2306} INFO - Starting attempt 1 of 2
[2026-06-17T13:16:52.391+0000] {taskinstance.py:2330} INFO - Executing <Task(PythonOperator): contracts> on 2026-06-17 13:16:50.080699+00:00
[2026-06-17T13:16:52.405+0000] {standard_task_runner.py:64} INFO - Started process 2157 to run task
[2026-06-17T13:16:52.412+0000] {standard_task_runner.py:90} INFO - Running: ['***', 'tasks', 'run', 'references_etl', 'contracts', 'manual__2026-06-17T13:16:50.080699+00:00', '--job-id', '149', '--raw', '--subdir', 'DAGS_FOLDER/references_dag.py', '--cfg-path', '/tmp/tmps_dr0k_8']
[2026-06-17T13:16:52.420+0000] {standard_task_runner.py:91} INFO - Job 149: Subtask contracts
[2026-06-17T13:16:52.613+0000] {task_command.py:426} INFO - Running <TaskInstance: references_etl.contracts manual__2026-06-17T13:16:50.080699+00:00 [running]> on host 04e5673ffdd2
[2026-06-17T13:16:52.893+0000] {taskinstance.py:2648} INFO - Exporting env vars: AIRFLOW_CTX_DAG_OWNER='yusufjon' AIRFLOW_CTX_DAG_ID='references_etl' AIRFLOW_CTX_TASK_ID='contracts' AIRFLOW_CTX_EXECUTION_DATE='2026-06-17T13:16:50.080699+00:00' AIRFLOW_CTX_TRY_NUMBER='1' AIRFLOW_CTX_DAG_RUN_ID='manual__2026-06-17T13:16:50.080699+00:00'
[2026-06-17T13:16:52.898+0000] {taskinstance.py:430} INFO - ::endgroup::
[2026-06-17T13:16:52.930+0000] {logging_mixin.py:188} INFO - === Contract pipeline ===
[2026-06-17T13:16:52.943+0000] {logging_mixin.py:188} INFO - [FETCH] https://smartup.online/b/anor/mxsx/mkf/contract$export
[2026-06-17T13:16:56.464+0000] {logging_mixin.py:188} INFO - [OK] 68 ta yozuv olindi
[2026-06-17T13:16:57.020+0000] {logging_mixin.py:188} INFO - [DB] 'contracts' — 58 ta qator yuklandi.
[2026-06-17T13:16:57.021+0000] {logging_mixin.py:188} INFO - [SKIP] 'sub_contracts' bo'sh, o'tkazib yuborildi.
[2026-06-17T13:16:57.021+0000] {logging_mixin.py:188} INFO - === Contract pipeline tugadi ===
[2026-06-17T13:16:57.022+0000] {python.py:237} INFO - Done. Returned value was: None
[2026-06-17T13:16:57.024+0000] {taskinstance.py:441} INFO - ::group::Post task execution logs
[2026-06-17T13:16:57.041+0000] {taskinstance.py:1206} INFO - Marking task as SUCCESS. dag_id=references_etl, task_id=contracts, run_id=manual__2026-06-17T13:16:50.080699+00:00, execution_date=20260617T131650, start_date=20260617T131652, end_date=20260617T131657
[2026-06-17T13:16:57.103+0000] {local_task_job_runner.py:243} INFO - Task exited with return code 0
[2026-06-17T13:16:57.131+0000] {taskinstance.py:3503} INFO - 0 downstream tasks scheduled from follow-on schedule check
[2026-06-17T13:16:57.135+0000] {local_task_job_runner.py:222} INFO - ::endgroup::
