[2026-06-19T08:19:16.598+0000] {local_task_job_runner.py:120} INFO - ::group::Pre task execution logs
[2026-06-19T08:19:16.749+0000] {taskinstance.py:2076} INFO - Dependencies all met for dep_context=non-requeueable deps ti=<TaskInstance: warehouse_etl.logistics scheduled__2026-06-18T06:00:00+00:00 [queued]>
[2026-06-19T08:19:16.776+0000] {taskinstance.py:2076} INFO - Dependencies all met for dep_context=requeueable deps ti=<TaskInstance: warehouse_etl.logistics scheduled__2026-06-18T06:00:00+00:00 [queued]>
[2026-06-19T08:19:16.786+0000] {taskinstance.py:2306} INFO - Starting attempt 2 of 2
[2026-06-19T08:19:16.844+0000] {taskinstance.py:2330} INFO - Executing <Task(PythonOperator): logistics> on 2026-06-18 06:00:00+00:00
[2026-06-19T08:19:16.879+0000] {standard_task_runner.py:64} INFO - Started process 9921 to run task
[2026-06-19T08:19:16.893+0000] {standard_task_runner.py:90} INFO - Running: ['***', 'tasks', 'run', 'warehouse_etl', 'logistics', 'scheduled__2026-06-18T06:00:00+00:00', '--job-id', '259', '--raw', '--subdir', 'DAGS_FOLDER/warehouse_dag.py', '--cfg-path', '/tmp/tmptlxxp6se']
[2026-06-19T08:19:16.916+0000] {standard_task_runner.py:91} INFO - Job 259: Subtask logistics
[2026-06-19T08:19:17.493+0000] {task_command.py:426} INFO - Running <TaskInstance: warehouse_etl.logistics scheduled__2026-06-18T06:00:00+00:00 [running]> on host 04e5673ffdd2
[2026-06-19T08:19:18.151+0000] {taskinstance.py:2648} INFO - Exporting env vars: AIRFLOW_CTX_DAG_OWNER='yusufjon' AIRFLOW_CTX_DAG_ID='warehouse_etl' AIRFLOW_CTX_TASK_ID='logistics' AIRFLOW_CTX_EXECUTION_DATE='2026-06-18T06:00:00+00:00' AIRFLOW_CTX_TRY_NUMBER='2' AIRFLOW_CTX_DAG_RUN_ID='scheduled__2026-06-18T06:00:00+00:00'
[2026-06-19T08:19:18.160+0000] {taskinstance.py:430} INFO - ::endgroup::
[2026-06-19T08:19:18.269+0000] {logging_mixin.py:188} INFO - === Logistics pipeline ===
[2026-06-19T08:19:18.385+0000] {logging_mixin.py:188} INFO - [FETCH] https://smartup.online/b/trade/txs/tdeal/logistics$export
[2026-06-19T08:19:21.281+0000] {logging_mixin.py:188} INFO - [OK] 10 ta yozuv olindi
[2026-06-19T08:19:21.916+0000] {logging_mixin.py:188} INFO - [DB] 'logistics' — 10 ta qator yuklandi.
[2026-06-19T08:19:22.262+0000] {logging_mixin.py:188} INFO - [DB] 'logistics_deals' — 22 ta qator yuklandi.
[2026-06-19T08:19:22.263+0000] {logging_mixin.py:188} INFO - === Logistics pipeline tugadi ===
[2026-06-19T08:19:22.264+0000] {python.py:237} INFO - Done. Returned value was: None
[2026-06-19T08:19:22.267+0000] {taskinstance.py:441} INFO - ::group::Post task execution logs
[2026-06-19T08:19:22.291+0000] {taskinstance.py:1206} INFO - Marking task as SUCCESS. dag_id=warehouse_etl, task_id=logistics, run_id=scheduled__2026-06-18T06:00:00+00:00, execution_date=20260618T060000, start_date=20260619T081916, end_date=20260619T081922
[2026-06-19T08:19:22.365+0000] {local_task_job_runner.py:243} INFO - Task exited with return code 0
[2026-06-19T08:19:22.403+0000] {taskinstance.py:3503} INFO - 0 downstream tasks scheduled from follow-on schedule check
[2026-06-19T08:19:22.406+0000] {local_task_job_runner.py:222} INFO - ::endgroup::
