[2026-06-17T14:34:55.597+0000] {local_task_job_runner.py:120} INFO - ::group::Pre task execution logs
[2026-06-17T14:34:55.651+0000] {taskinstance.py:2076} INFO - Dependencies all met for dep_context=non-requeueable deps ti=<TaskInstance: warehouse_etl.purchase manual__2026-06-17T14:34:53.936302+00:00 [queued]>
[2026-06-17T14:34:55.664+0000] {taskinstance.py:2076} INFO - Dependencies all met for dep_context=requeueable deps ti=<TaskInstance: warehouse_etl.purchase manual__2026-06-17T14:34:53.936302+00:00 [queued]>
[2026-06-17T14:34:55.665+0000] {taskinstance.py:2306} INFO - Starting attempt 1 of 2
[2026-06-17T14:34:55.682+0000] {taskinstance.py:2330} INFO - Executing <Task(PythonOperator): purchase> on 2026-06-17 14:34:53.936302+00:00
[2026-06-17T14:34:55.688+0000] {standard_task_runner.py:64} INFO - Started process 4943 to run task
[2026-06-17T14:34:55.692+0000] {standard_task_runner.py:90} INFO - Running: ['***', 'tasks', 'run', 'warehouse_etl', 'purchase', 'manual__2026-06-17T14:34:53.936302+00:00', '--job-id', '184', '--raw', '--subdir', 'DAGS_FOLDER/warehouse_dag.py', '--cfg-path', '/tmp/tmpidl93ofo']
[2026-06-17T14:34:55.695+0000] {standard_task_runner.py:91} INFO - Job 184: Subtask purchase
[2026-06-17T14:34:55.802+0000] {task_command.py:426} INFO - Running <TaskInstance: warehouse_etl.purchase manual__2026-06-17T14:34:53.936302+00:00 [running]> on host 04e5673ffdd2
[2026-06-17T14:34:55.918+0000] {taskinstance.py:2648} INFO - Exporting env vars: AIRFLOW_CTX_DAG_OWNER='yusufjon' AIRFLOW_CTX_DAG_ID='warehouse_etl' AIRFLOW_CTX_TASK_ID='purchase' AIRFLOW_CTX_EXECUTION_DATE='2026-06-17T14:34:53.936302+00:00' AIRFLOW_CTX_TRY_NUMBER='1' AIRFLOW_CTX_DAG_RUN_ID='manual__2026-06-17T14:34:53.936302+00:00'
[2026-06-17T14:34:55.919+0000] {taskinstance.py:430} INFO - ::endgroup::
[2026-06-17T14:34:55.935+0000] {logging_mixin.py:188} INFO - === Purchase pipeline ===
[2026-06-17T14:34:55.939+0000] {logging_mixin.py:188} INFO - [FETCH] https://smartup.online/b/anor/mxsx/mkw/purchase$export
[2026-06-17T14:34:58.543+0000] {logging_mixin.py:188} INFO - [OK] 1 ta yozuv olindi
[2026-06-17T14:34:58.887+0000] {logging_mixin.py:188} INFO - [DB] 'purchases' — 1 ta qator yuklandi.
[2026-06-17T14:34:59.012+0000] {logging_mixin.py:188} INFO - [DB] 'purchase_items' — 1 ta qator yuklandi.
[2026-06-17T14:34:59.013+0000] {logging_mixin.py:188} INFO - [SKIP] 'purchase_marking_codes' bo'sh, o'tkazib yuborildi.
[2026-06-17T14:34:59.013+0000] {logging_mixin.py:188} INFO - === Purchase pipeline tugadi ===
[2026-06-17T14:34:59.014+0000] {python.py:237} INFO - Done. Returned value was: None
[2026-06-17T14:34:59.014+0000] {taskinstance.py:441} INFO - ::group::Post task execution logs
[2026-06-17T14:34:59.025+0000] {taskinstance.py:1206} INFO - Marking task as SUCCESS. dag_id=warehouse_etl, task_id=purchase, run_id=manual__2026-06-17T14:34:53.936302+00:00, execution_date=20260617T143453, start_date=20260617T143455, end_date=20260617T143459
[2026-06-17T14:34:59.047+0000] {local_task_job_runner.py:243} INFO - Task exited with return code 0
[2026-06-17T14:34:59.063+0000] {taskinstance.py:3503} INFO - 0 downstream tasks scheduled from follow-on schedule check
[2026-06-17T14:34:59.066+0000] {local_task_job_runner.py:222} INFO - ::endgroup::
