[2026-06-17T12:51:06.673+0000] {local_task_job_runner.py:120} INFO - ::group::Pre task execution logs
[2026-06-17T12:51:06.739+0000] {taskinstance.py:2076} INFO - Dependencies all met for dep_context=non-requeueable deps ti=<TaskInstance: references_etl.producers manual__2026-06-17T12:51:04.181674+00:00 [queued]>
[2026-06-17T12:51:06.757+0000] {taskinstance.py:2076} INFO - Dependencies all met for dep_context=requeueable deps ti=<TaskInstance: references_etl.producers manual__2026-06-17T12:51:04.181674+00:00 [queued]>
[2026-06-17T12:51:06.762+0000] {taskinstance.py:2306} INFO - Starting attempt 1 of 2
[2026-06-17T12:51:06.785+0000] {taskinstance.py:2330} INFO - Executing <Task(PythonOperator): producers> on 2026-06-17 12:51:04.181674+00:00
[2026-06-17T12:51:06.798+0000] {standard_task_runner.py:64} INFO - Started process 1023 to run task
[2026-06-17T12:51:06.805+0000] {standard_task_runner.py:90} INFO - Running: ['***', 'tasks', 'run', 'references_etl', 'producers', 'manual__2026-06-17T12:51:04.181674+00:00', '--job-id', '68', '--raw', '--subdir', 'DAGS_FOLDER/references_dag.py', '--cfg-path', '/tmp/tmpsrmyo34h']
[2026-06-17T12:51:06.812+0000] {standard_task_runner.py:91} INFO - Job 68: Subtask producers
[2026-06-17T12:51:06.983+0000] {task_command.py:426} INFO - Running <TaskInstance: references_etl.producers manual__2026-06-17T12:51:04.181674+00:00 [running]> on host 04e5673ffdd2
[2026-06-17T12:51:07.226+0000] {taskinstance.py:2648} INFO - Exporting env vars: AIRFLOW_CTX_DAG_OWNER='yusufjon' AIRFLOW_CTX_DAG_ID='references_etl' AIRFLOW_CTX_TASK_ID='producers' AIRFLOW_CTX_EXECUTION_DATE='2026-06-17T12:51:04.181674+00:00' AIRFLOW_CTX_TRY_NUMBER='1' AIRFLOW_CTX_DAG_RUN_ID='manual__2026-06-17T12:51:04.181674+00:00'
[2026-06-17T12:51:07.228+0000] {taskinstance.py:430} INFO - ::endgroup::
[2026-06-17T12:51:07.253+0000] {logging_mixin.py:188} INFO - === Producers pipeline ===
[2026-06-17T12:51:07.256+0000] {taskinstance.py:441} INFO - ::group::Post task execution logs
[2026-06-17T12:51:07.257+0000] {taskinstance.py:2905} ERROR - Task failed with exception
Traceback (most recent call last):
  File "/home/airflow/.local/lib/python3.11/site-packages/airflow/models/taskinstance.py", line 465, in _execute_task
    result = _execute_callable(context=context, **execute_callable_kwargs)
             ^^^^^^^^^^^^^^^^^^^^^^^^^^^^^^^^^^^^^^^^^^^^^^^^^^^^^^^^^^^^^
  File "/home/airflow/.local/lib/python3.11/site-packages/airflow/models/taskinstance.py", line 432, in _execute_callable
    return execute_callable(context=context, **execute_callable_kwargs)
           ^^^^^^^^^^^^^^^^^^^^^^^^^^^^^^^^^^^^^^^^^^^^^^^^^^^^^^^^^^^^
  File "/home/airflow/.local/lib/python3.11/site-packages/airflow/models/baseoperator.py", line 401, in wrapper
    return func(self, *args, **kwargs)
           ^^^^^^^^^^^^^^^^^^^^^^^^^^^
  File "/home/airflow/.local/lib/python3.11/site-packages/airflow/operators/python.py", line 235, in execute
    return_value = self.execute_callable()
                   ^^^^^^^^^^^^^^^^^^^^^^^
  File "/home/airflow/.local/lib/python3.11/site-packages/airflow/operators/python.py", line 252, in execute_callable
    return self.python_callable(*self.op_args, **self.op_kwargs)
           ^^^^^^^^^^^^^^^^^^^^^^^^^^^^^^^^^^^^^^^^^^^^^^^^^^^^^
  File "/opt/etl/pipelines/producers.py", line 28, in run
    raw = fetch(ENDPOINTS["producer"], get_headers(), key="producer")
                                       ^^^^^^^^^^^^^
  File "/opt/etl/config.py", line 43, in get_headers
    with open("auth.json") as f:
         ^^^^^^^^^^^^^^^^^
FileNotFoundError: [Errno 2] No such file or directory: 'auth.json'
[2026-06-17T12:51:07.306+0000] {taskinstance.py:1206} INFO - Marking task as UP_FOR_RETRY. dag_id=references_etl, task_id=producers, run_id=manual__2026-06-17T12:51:04.181674+00:00, execution_date=20260617T125104, start_date=20260617T125106, end_date=20260617T125107
[2026-06-17T12:51:07.334+0000] {standard_task_runner.py:110} ERROR - Failed to execute job 68 for task producers ([Errno 2] No such file or directory: 'auth.json'; 1023)
[2026-06-17T12:51:07.360+0000] {local_task_job_runner.py:243} INFO - Task exited with return code 1
[2026-06-17T12:51:07.381+0000] {local_task_job_runner.py:222} INFO - ::endgroup::
