[2026-06-19T08:19:17.544+0000] {local_task_job_runner.py:120} INFO - ::group::Pre task execution logs
[2026-06-19T08:19:17.677+0000] {taskinstance.py:2076} INFO - Dependencies all met for dep_context=non-requeueable deps ti=<TaskInstance: references_etl.return_reason scheduled__2026-06-18T06:00:00+00:00 [queued]>
[2026-06-19T08:19:17.710+0000] {taskinstance.py:2076} INFO - Dependencies all met for dep_context=requeueable deps ti=<TaskInstance: references_etl.return_reason scheduled__2026-06-18T06:00:00+00:00 [queued]>
[2026-06-19T08:19:17.725+0000] {taskinstance.py:2306} INFO - Starting attempt 2 of 2
[2026-06-19T08:19:17.783+0000] {taskinstance.py:2330} INFO - Executing <Task(PythonOperator): return_reason> on 2026-06-18 06:00:00+00:00
[2026-06-19T08:19:17.841+0000] {standard_task_runner.py:64} INFO - Started process 9932 to run task
[2026-06-19T08:19:17.931+0000] {standard_task_runner.py:90} INFO - Running: ['***', 'tasks', 'run', 'references_etl', 'return_reason', 'scheduled__2026-06-18T06:00:00+00:00', '--job-id', '273', '--raw', '--subdir', 'DAGS_FOLDER/references_dag.py', '--cfg-path', '/tmp/tmp6vsxh9ln']
[2026-06-19T08:19:17.948+0000] {standard_task_runner.py:91} INFO - Job 273: Subtask return_reason
[2026-06-19T08:19:18.514+0000] {task_command.py:426} INFO - Running <TaskInstance: references_etl.return_reason scheduled__2026-06-18T06:00:00+00:00 [running]> on host 04e5673ffdd2
[2026-06-19T08:19:18.860+0000] {taskinstance.py:2648} INFO - Exporting env vars: AIRFLOW_CTX_DAG_OWNER='yusufjon' AIRFLOW_CTX_DAG_ID='references_etl' AIRFLOW_CTX_TASK_ID='return_reason' AIRFLOW_CTX_EXECUTION_DATE='2026-06-18T06:00:00+00:00' AIRFLOW_CTX_TRY_NUMBER='2' AIRFLOW_CTX_DAG_RUN_ID='scheduled__2026-06-18T06:00:00+00:00'
[2026-06-19T08:19:18.872+0000] {taskinstance.py:430} INFO - ::endgroup::
[2026-06-19T08:19:18.915+0000] {logging_mixin.py:188} INFO - === Return Reason pipeline ===
[2026-06-19T08:19:18.936+0000] {logging_mixin.py:188} INFO - [FETCH] https://smartup.online/b/anor/mxsx/mdeal/return_reason$export
[2026-06-19T08:19:21.026+0000] {taskinstance.py:441} INFO - ::group::Post task execution logs
[2026-06-19T08:19:21.028+0000] {taskinstance.py:2905} ERROR - Task failed with exception
Traceback (most recent call last):
  File "/home/airflow/.local/lib/python3.11/site-packages/airflow/models/taskinstance.py", line 465, in _execute_task
    result = _execute_callable(context=context, **execute_callable_kwargs)
             ^^^^^^^^^^^^^^^^^^^^^^^^^^^^^^^^^^^^^^^^^^^^^^^^^^^^^^^^^^^^^
  File "/home/airflow/.local/lib/python3.11/site-packages/airflow/models/taskinstance.py", line 432, in _execute_callable
    return execute_callable(context=context, **execute_callable_kwargs)
           ^^^^^^^^^^^^^^^^^^^^^^^^^^^^^^^^^^^^^^^^^^^^^^^^^^^^^^^^^^^^
  File "/home/airflow/.local/lib/python3.11/site-packages/airflow/models/baseoperator.py", line 401, in wrapper
    return func(self, *args, **kwargs)
           ^^^^^^^^^^^^^^^^^^^^^^^^^^^
  File "/home/airflow/.local/lib/python3.11/site-packages/airflow/operators/python.py", line 235, in execute
    return_value = self.execute_callable()
                   ^^^^^^^^^^^^^^^^^^^^^^^
  File "/home/airflow/.local/lib/python3.11/site-packages/airflow/operators/python.py", line 252, in execute_callable
    return self.python_callable(*self.op_args, **self.op_kwargs)
           ^^^^^^^^^^^^^^^^^^^^^^^^^^^^^^^^^^^^^^^^^^^^^^^^^^^^^
  File "/opt/etl/pipelines/return_reason.py", line 46, in run
    raw = fetch(
          ^^^^^^
  File "/opt/etl/client.py", line 132, in fetch
    raise Exception(f"[XATO] Status: {response.status_code} — {response.text}")
Exception: [XATO] Status: 500 — ORA-65503: cannot send or receive temporary LOB locators over a database link
ORA-02063: preceding line from ADGREDIRECT
ORA-06512: at "SMARTUP5X_ERP.BIRUNI_CORE", line 968
ORA-06512: at "SMARTUP5X_ERP.BIRUNI_ROUTE", line 436
ORA-06512: at "SMARTUP5X_ERP.BIRUNI_ROUTE", line 1340
ORA-06512: at line 1

https://docs.oracle.com/error-help/db/ora-65503/
[2026-06-19T08:19:21.064+0000] {taskinstance.py:1206} INFO - Marking task as FAILED. dag_id=references_etl, task_id=return_reason, run_id=scheduled__2026-06-18T06:00:00+00:00, execution_date=20260618T060000, start_date=20260619T081917, end_date=20260619T081921
[2026-06-19T08:19:21.085+0000] {standard_task_runner.py:110} ERROR - Failed to execute job 273 for task return_reason ([XATO] Status: 500 — ORA-65503: cannot send or receive temporary LOB locators over a database link
ORA-02063: preceding line from ADGREDIRECT
ORA-06512: at "SMARTUP5X_ERP.BIRUNI_CORE", line 968
ORA-06512: at "SMARTUP5X_ERP.BIRUNI_ROUTE", line 436
ORA-06512: at "SMARTUP5X_ERP.BIRUNI_ROUTE", line 1340
ORA-06512: at line 1

https://docs.oracle.com/error-help/db/ora-65503/; 9932)
[2026-06-19T08:19:21.109+0000] {local_task_job_runner.py:243} INFO - Task exited with return code 1
[2026-06-19T08:19:21.137+0000] {taskinstance.py:3503} INFO - 0 downstream tasks scheduled from follow-on schedule check
[2026-06-19T08:19:21.141+0000] {local_task_job_runner.py:222} INFO - ::endgroup::
