[2026-06-17T14:34:55.583+0000] {local_task_job_runner.py:120} INFO - ::group::Pre task execution logs
[2026-06-17T14:34:55.649+0000] {taskinstance.py:2076} INFO - Dependencies all met for dep_context=non-requeueable deps ti=<TaskInstance: warehouse_etl.cross_movement manual__2026-06-17T14:34:53.936302+00:00 [queued]>
[2026-06-17T14:34:55.668+0000] {taskinstance.py:2076} INFO - Dependencies all met for dep_context=requeueable deps ti=<TaskInstance: warehouse_etl.cross_movement manual__2026-06-17T14:34:53.936302+00:00 [queued]>
[2026-06-17T14:34:55.673+0000] {taskinstance.py:2306} INFO - Starting attempt 1 of 2
[2026-06-17T14:34:55.693+0000] {taskinstance.py:2330} INFO - Executing <Task(PythonOperator): cross_movement> on 2026-06-17 14:34:53.936302+00:00
[2026-06-17T14:34:55.699+0000] {standard_task_runner.py:64} INFO - Started process 4945 to run task
[2026-06-17T14:34:55.706+0000] {standard_task_runner.py:90} INFO - Running: ['***', 'tasks', 'run', 'warehouse_etl', 'cross_movement', 'manual__2026-06-17T14:34:53.936302+00:00', '--job-id', '182', '--raw', '--subdir', 'DAGS_FOLDER/warehouse_dag.py', '--cfg-path', '/tmp/tmpaxsr2084']
[2026-06-17T14:34:55.710+0000] {standard_task_runner.py:91} INFO - Job 182: Subtask cross_movement
[2026-06-17T14:34:55.839+0000] {task_command.py:426} INFO - Running <TaskInstance: warehouse_etl.cross_movement manual__2026-06-17T14:34:53.936302+00:00 [running]> on host 04e5673ffdd2
[2026-06-17T14:34:55.968+0000] {taskinstance.py:2648} INFO - Exporting env vars: AIRFLOW_CTX_DAG_OWNER='yusufjon' AIRFLOW_CTX_DAG_ID='warehouse_etl' AIRFLOW_CTX_TASK_ID='cross_movement' AIRFLOW_CTX_EXECUTION_DATE='2026-06-17T14:34:53.936302+00:00' AIRFLOW_CTX_TRY_NUMBER='1' AIRFLOW_CTX_DAG_RUN_ID='manual__2026-06-17T14:34:53.936302+00:00'
[2026-06-17T14:34:55.971+0000] {taskinstance.py:430} INFO - ::endgroup::
[2026-06-17T14:34:55.987+0000] {logging_mixin.py:188} INFO - === Cross Movement pipeline ===
[2026-06-17T14:34:55.989+0000] {logging_mixin.py:188} INFO - [FETCH] https://smartup.online/b/anor/mxsx/mfm/movement$export
[2026-06-17T14:34:58.280+0000] {logging_mixin.py:188} INFO - [OK] 0 ta yozuv olindi
[2026-06-17T14:34:58.285+0000] {logging_mixin.py:188} INFO - Ma'lumot kelmadi, pipeline to'xtatildi.
[2026-06-17T14:34:58.287+0000] {python.py:237} INFO - Done. Returned value was: None
[2026-06-17T14:34:58.289+0000] {taskinstance.py:441} INFO - ::group::Post task execution logs
[2026-06-17T14:34:58.301+0000] {taskinstance.py:1206} INFO - Marking task as SUCCESS. dag_id=warehouse_etl, task_id=cross_movement, run_id=manual__2026-06-17T14:34:53.936302+00:00, execution_date=20260617T143453, start_date=20260617T143455, end_date=20260617T143458
[2026-06-17T14:34:58.338+0000] {local_task_job_runner.py:243} INFO - Task exited with return code 0
[2026-06-17T14:34:58.353+0000] {taskinstance.py:3503} INFO - 0 downstream tasks scheduled from follow-on schedule check
[2026-06-17T14:34:58.355+0000] {local_task_job_runner.py:222} INFO - ::endgroup::
