[2026-06-17T13:14:03.821+0000] {local_task_job_runner.py:120} INFO - ::group::Pre task execution logs
[2026-06-17T13:14:03.867+0000] {taskinstance.py:2076} INFO - Dependencies all met for dep_context=non-requeueable deps ti=<TaskInstance: references_etl.price_type manual__2026-06-17T13:08:57.433986+00:00 [queued]>
[2026-06-17T13:14:03.878+0000] {taskinstance.py:2076} INFO - Dependencies all met for dep_context=requeueable deps ti=<TaskInstance: references_etl.price_type manual__2026-06-17T13:08:57.433986+00:00 [queued]>
[2026-06-17T13:14:03.880+0000] {taskinstance.py:2306} INFO - Starting attempt 2 of 2
[2026-06-17T13:14:03.897+0000] {taskinstance.py:2330} INFO - Executing <Task(PythonOperator): price_type> on 2026-06-17 13:08:57.433986+00:00
[2026-06-17T13:14:03.906+0000] {standard_task_runner.py:64} INFO - Started process 2006 to run task
[2026-06-17T13:14:03.912+0000] {standard_task_runner.py:90} INFO - Running: ['***', 'tasks', 'run', 'references_etl', 'price_type', 'manual__2026-06-17T13:08:57.433986+00:00', '--job-id', '134', '--raw', '--subdir', 'DAGS_FOLDER/references_dag.py', '--cfg-path', '/tmp/tmpx1kxy1ej']
[2026-06-17T13:14:03.917+0000] {standard_task_runner.py:91} INFO - Job 134: Subtask price_type
[2026-06-17T13:14:04.026+0000] {task_command.py:426} INFO - Running <TaskInstance: references_etl.price_type manual__2026-06-17T13:08:57.433986+00:00 [running]> on host 04e5673ffdd2
[2026-06-17T13:14:04.221+0000] {taskinstance.py:2648} INFO - Exporting env vars: AIRFLOW_CTX_DAG_OWNER='yusufjon' AIRFLOW_CTX_DAG_ID='references_etl' AIRFLOW_CTX_TASK_ID='price_type' AIRFLOW_CTX_EXECUTION_DATE='2026-06-17T13:08:57.433986+00:00' AIRFLOW_CTX_TRY_NUMBER='2' AIRFLOW_CTX_DAG_RUN_ID='manual__2026-06-17T13:08:57.433986+00:00'
[2026-06-17T13:14:04.223+0000] {taskinstance.py:430} INFO - ::endgroup::
[2026-06-17T13:14:04.244+0000] {logging_mixin.py:188} INFO - === Price Type pipeline ===
[2026-06-17T13:14:04.250+0000] {logging_mixin.py:188} INFO - [FETCH] https://smartup.online/b/anor/api/v2/mkr/price_type$export
[2026-06-17T13:14:05.782+0000] {logging_mixin.py:188} INFO - [OK] 100 ta yozuv olindi
[2026-06-17T13:14:05.956+0000] {taskinstance.py:441} INFO - ::group::Post task execution logs
[2026-06-17T13:14:05.957+0000] {taskinstance.py:2905} ERROR - Task failed with exception
Traceback (most recent call last):
  File "/home/airflow/.local/lib/python3.11/site-packages/airflow/models/taskinstance.py", line 465, in _execute_task
    result = _execute_callable(context=context, **execute_callable_kwargs)
             ^^^^^^^^^^^^^^^^^^^^^^^^^^^^^^^^^^^^^^^^^^^^^^^^^^^^^^^^^^^^^
  File "/home/airflow/.local/lib/python3.11/site-packages/airflow/models/taskinstance.py", line 432, in _execute_callable
    return execute_callable(context=context, **execute_callable_kwargs)
           ^^^^^^^^^^^^^^^^^^^^^^^^^^^^^^^^^^^^^^^^^^^^^^^^^^^^^^^^^^^^
  File "/home/airflow/.local/lib/python3.11/site-packages/airflow/models/baseoperator.py", line 401, in wrapper
    return func(self, *args, **kwargs)
           ^^^^^^^^^^^^^^^^^^^^^^^^^^^
  File "/home/airflow/.local/lib/python3.11/site-packages/airflow/operators/python.py", line 235, in execute
    return_value = self.execute_callable()
                   ^^^^^^^^^^^^^^^^^^^^^^^
  File "/home/airflow/.local/lib/python3.11/site-packages/airflow/operators/python.py", line 252, in execute_callable
    return self.python_callable(*self.op_args, **self.op_kwargs)
           ^^^^^^^^^^^^^^^^^^^^^^^^^^^^^^^^^^^^^^^^^^^^^^^^^^^^^
  File "/opt/etl/pipelines/price_type.py", line 48, in run
    price_types.to_excel(
  File "/home/airflow/.local/lib/python3.11/site-packages/pandas/core/generic.py", line 2345, in to_excel
    formatter.write(
  File "/home/airflow/.local/lib/python3.11/site-packages/pandas/io/formats/excel.py", line 946, in write
    writer = ExcelWriter(  # type: ignore[abstract]
             ^^^^^^^^^^^^^^^^^^^^^^^^^^^^^^^^^^^^^^
  File "/home/airflow/.local/lib/python3.11/site-packages/pandas/io/excel/_openpyxl.py", line 61, in __init__
    super().__init__(
  File "/home/airflow/.local/lib/python3.11/site-packages/pandas/io/excel/_base.py", line 1263, in __init__
    self._handles = get_handle(
                    ^^^^^^^^^^^
  File "/home/airflow/.local/lib/python3.11/site-packages/pandas/io/common.py", line 739, in get_handle
    check_parent_directory(str(handle))
  File "/home/airflow/.local/lib/python3.11/site-packages/pandas/io/common.py", line 604, in check_parent_directory
    raise OSError(rf"Cannot save file into a non-existent directory: '{parent}'")
OSError: Cannot save file into a non-existent directory: 'CleanedData'
[2026-06-17T13:14:05.996+0000] {taskinstance.py:1206} INFO - Marking task as FAILED. dag_id=references_etl, task_id=price_type, run_id=manual__2026-06-17T13:08:57.433986+00:00, execution_date=20260617T130857, start_date=20260617T131403, end_date=20260617T131405
[2026-06-17T13:14:06.025+0000] {standard_task_runner.py:110} ERROR - Failed to execute job 134 for task price_type (Cannot save file into a non-existent directory: 'CleanedData'; 2006)
[2026-06-17T13:14:06.061+0000] {local_task_job_runner.py:243} INFO - Task exited with return code 1
[2026-06-17T13:14:06.088+0000] {taskinstance.py:3503} INFO - 0 downstream tasks scheduled from follow-on schedule check
[2026-06-17T13:14:06.091+0000] {local_task_job_runner.py:222} INFO - ::endgroup::
