[2026-06-18T10:03:10.272+0000] {local_task_job_runner.py:120} INFO - ::group::Pre task execution logs
[2026-06-18T10:03:10.352+0000] {taskinstance.py:2076} INFO - Dependencies all met for dep_context=non-requeueable deps ti=<TaskInstance: references_etl.workspaces scheduled__2026-06-17T06:00:00+00:00 [queued]>
[2026-06-18T10:03:10.403+0000] {taskinstance.py:2076} INFO - Dependencies all met for dep_context=requeueable deps ti=<TaskInstance: references_etl.workspaces scheduled__2026-06-17T06:00:00+00:00 [queued]>
[2026-06-18T10:03:10.411+0000] {taskinstance.py:2306} INFO - Starting attempt 2 of 2
[2026-06-18T10:03:10.502+0000] {taskinstance.py:2330} INFO - Executing <Task(PythonOperator): workspaces> on 2026-06-17 06:00:00+00:00
[2026-06-18T10:03:10.529+0000] {standard_task_runner.py:64} INFO - Started process 7427 to run task
[2026-06-18T10:03:10.537+0000] {standard_task_runner.py:90} INFO - Running: ['***', 'tasks', 'run', 'references_etl', 'workspaces', 'scheduled__2026-06-17T06:00:00+00:00', '--job-id', '229', '--raw', '--subdir', 'DAGS_FOLDER/references_dag.py', '--cfg-path', '/tmp/tmphxu06c5o']
[2026-06-18T10:03:10.592+0000] {standard_task_runner.py:91} INFO - Job 229: Subtask workspaces
[2026-06-18T10:03:11.046+0000] {task_command.py:426} INFO - Running <TaskInstance: references_etl.workspaces scheduled__2026-06-17T06:00:00+00:00 [running]> on host 04e5673ffdd2
[2026-06-18T10:03:11.589+0000] {taskinstance.py:2648} INFO - Exporting env vars: AIRFLOW_CTX_DAG_OWNER='yusufjon' AIRFLOW_CTX_DAG_ID='references_etl' AIRFLOW_CTX_TASK_ID='workspaces' AIRFLOW_CTX_EXECUTION_DATE='2026-06-17T06:00:00+00:00' AIRFLOW_CTX_TRY_NUMBER='2' AIRFLOW_CTX_DAG_RUN_ID='scheduled__2026-06-17T06:00:00+00:00'
[2026-06-18T10:03:11.617+0000] {taskinstance.py:430} INFO - ::endgroup::
[2026-06-18T10:03:11.699+0000] {logging_mixin.py:188} INFO - === Workspace pipeline ===
[2026-06-18T10:03:11.756+0000] {logging_mixin.py:188} INFO - [FETCH] https://smartup.online/b/anor/mxsx/mrf/room$export
[2026-06-18T10:03:13.123+0000] {logging_mixin.py:188} INFO - [OK] 62 ta yozuv olindi
[2026-06-18T10:03:13.798+0000] {logging_mixin.py:188} INFO - [DB] 'workspaces' — 55 ta qator yuklandi.
[2026-06-18T10:03:13.800+0000] {logging_mixin.py:188} INFO - === Workspace pipeline tugadi ===
[2026-06-18T10:03:13.801+0000] {python.py:237} INFO - Done. Returned value was: None
[2026-06-18T10:03:13.802+0000] {taskinstance.py:441} INFO - ::group::Post task execution logs
[2026-06-18T10:03:13.821+0000] {taskinstance.py:1206} INFO - Marking task as SUCCESS. dag_id=references_etl, task_id=workspaces, run_id=scheduled__2026-06-17T06:00:00+00:00, execution_date=20260617T060000, start_date=20260618T100310, end_date=20260618T100313
[2026-06-18T10:03:13.866+0000] {local_task_job_runner.py:243} INFO - Task exited with return code 0
[2026-06-18T10:03:13.893+0000] {taskinstance.py:3503} INFO - 0 downstream tasks scheduled from follow-on schedule check
[2026-06-18T10:03:13.897+0000] {local_task_job_runner.py:222} INFO - ::endgroup::
