[2026-06-19T08:19:17.352+0000] {local_task_job_runner.py:120} INFO - ::group::Pre task execution logs
[2026-06-19T08:19:17.555+0000] {taskinstance.py:2076} INFO - Dependencies all met for dep_context=non-requeueable deps ti=<TaskInstance: references_etl.product_group scheduled__2026-06-18T06:00:00+00:00 [queued]>
[2026-06-19T08:19:17.613+0000] {taskinstance.py:2076} INFO - Dependencies all met for dep_context=requeueable deps ti=<TaskInstance: references_etl.product_group scheduled__2026-06-18T06:00:00+00:00 [queued]>
[2026-06-19T08:19:17.618+0000] {taskinstance.py:2306} INFO - Starting attempt 2 of 2
[2026-06-19T08:19:17.698+0000] {taskinstance.py:2330} INFO - Executing <Task(PythonOperator): product_group> on 2026-06-18 06:00:00+00:00
[2026-06-19T08:19:17.725+0000] {standard_task_runner.py:64} INFO - Started process 9926 to run task
[2026-06-19T08:19:17.737+0000] {standard_task_runner.py:90} INFO - Running: ['***', 'tasks', 'run', 'references_etl', 'product_group', 'scheduled__2026-06-18T06:00:00+00:00', '--job-id', '268', '--raw', '--subdir', 'DAGS_FOLDER/references_dag.py', '--cfg-path', '/tmp/tmp4i8ef9_h']
[2026-06-19T08:19:17.751+0000] {standard_task_runner.py:91} INFO - Job 268: Subtask product_group
[2026-06-19T08:19:18.261+0000] {task_command.py:426} INFO - Running <TaskInstance: references_etl.product_group scheduled__2026-06-18T06:00:00+00:00 [running]> on host 04e5673ffdd2
[2026-06-19T08:19:18.833+0000] {taskinstance.py:2648} INFO - Exporting env vars: AIRFLOW_CTX_DAG_OWNER='yusufjon' AIRFLOW_CTX_DAG_ID='references_etl' AIRFLOW_CTX_TASK_ID='product_group' AIRFLOW_CTX_EXECUTION_DATE='2026-06-18T06:00:00+00:00' AIRFLOW_CTX_TRY_NUMBER='2' AIRFLOW_CTX_DAG_RUN_ID='scheduled__2026-06-18T06:00:00+00:00'
[2026-06-19T08:19:18.846+0000] {taskinstance.py:430} INFO - ::endgroup::
[2026-06-19T08:19:18.888+0000] {logging_mixin.py:188} INFO - === Product Group pipeline ===
[2026-06-19T08:19:18.914+0000] {logging_mixin.py:188} INFO - [FETCH] https://smartup.online/b/anor/mxsx/mr/product_group$export
[2026-06-19T08:19:22.987+0000] {logging_mixin.py:188} INFO - [OK] 120 ta yozuv olindi
[2026-06-19T08:19:23.573+0000] {logging_mixin.py:188} INFO - [DB] 'product_groups' — 8 ta qator yuklandi.
[2026-06-19T08:19:23.799+0000] {logging_mixin.py:188} INFO - [DB] 'product_group_types' — 19 ta qator yuklandi.
[2026-06-19T08:19:23.800+0000] {logging_mixin.py:188} INFO - === Product Group pipeline tugadi ===
[2026-06-19T08:19:23.802+0000] {python.py:237} INFO - Done. Returned value was: None
[2026-06-19T08:19:23.803+0000] {taskinstance.py:441} INFO - ::group::Post task execution logs
[2026-06-19T08:19:23.821+0000] {taskinstance.py:1206} INFO - Marking task as SUCCESS. dag_id=references_etl, task_id=product_group, run_id=scheduled__2026-06-18T06:00:00+00:00, execution_date=20260618T060000, start_date=20260619T081917, end_date=20260619T081923
[2026-06-19T08:19:23.893+0000] {local_task_job_runner.py:243} INFO - Task exited with return code 0
[2026-06-19T08:19:23.921+0000] {taskinstance.py:3503} INFO - 0 downstream tasks scheduled from follow-on schedule check
[2026-06-19T08:19:23.924+0000] {local_task_job_runner.py:222} INFO - ::endgroup::
