[2026-06-17T13:16:52.312+0000] {local_task_job_runner.py:120} INFO - ::group::Pre task execution logs
[2026-06-17T13:16:52.380+0000] {taskinstance.py:2076} INFO - Dependencies all met for dep_context=non-requeueable deps ti=<TaskInstance: references_etl.natural_person manual__2026-06-17T13:16:50.080699+00:00 [queued]>
[2026-06-17T13:16:52.403+0000] {taskinstance.py:2076} INFO - Dependencies all met for dep_context=requeueable deps ti=<TaskInstance: references_etl.natural_person manual__2026-06-17T13:16:50.080699+00:00 [queued]>
[2026-06-17T13:16:52.405+0000] {taskinstance.py:2306} INFO - Starting attempt 1 of 2
[2026-06-17T13:16:52.438+0000] {taskinstance.py:2330} INFO - Executing <Task(PythonOperator): natural_person> on 2026-06-17 13:16:50.080699+00:00
[2026-06-17T13:16:52.448+0000] {standard_task_runner.py:64} INFO - Started process 2160 to run task
[2026-06-17T13:16:52.464+0000] {standard_task_runner.py:90} INFO - Running: ['***', 'tasks', 'run', 'references_etl', 'natural_person', 'manual__2026-06-17T13:16:50.080699+00:00', '--job-id', '154', '--raw', '--subdir', 'DAGS_FOLDER/references_dag.py', '--cfg-path', '/tmp/tmp7j9ktmu3']
[2026-06-17T13:16:52.472+0000] {standard_task_runner.py:91} INFO - Job 154: Subtask natural_person
[2026-06-17T13:16:52.649+0000] {task_command.py:426} INFO - Running <TaskInstance: references_etl.natural_person manual__2026-06-17T13:16:50.080699+00:00 [running]> on host 04e5673ffdd2
[2026-06-17T13:16:52.927+0000] {taskinstance.py:2648} INFO - Exporting env vars: AIRFLOW_CTX_DAG_OWNER='yusufjon' AIRFLOW_CTX_DAG_ID='references_etl' AIRFLOW_CTX_TASK_ID='natural_person' AIRFLOW_CTX_EXECUTION_DATE='2026-06-17T13:16:50.080699+00:00' AIRFLOW_CTX_TRY_NUMBER='1' AIRFLOW_CTX_DAG_RUN_ID='manual__2026-06-17T13:16:50.080699+00:00'
[2026-06-17T13:16:52.930+0000] {taskinstance.py:430} INFO - ::endgroup::
[2026-06-17T13:16:52.960+0000] {logging_mixin.py:188} INFO - === Natural Persons pipeline ===
[2026-06-17T13:16:52.965+0000] {logging_mixin.py:188} INFO - [FETCH] https://smartup.online/b/anor/mxsx/mr/natural_person$export
[2026-06-17T13:16:57.906+0000] {logging_mixin.py:188} INFO - [OK] 1113 ta yozuv olindi
[2026-06-17T13:16:59.437+0000] {logging_mixin.py:188} INFO - [DB] 'natural_persons' — 1113 ta qator yuklandi.
[2026-06-17T13:16:59.646+0000] {logging_mixin.py:188} INFO - [DB] 'person_group' — 257 ta qator yuklandi.
[2026-06-17T13:16:59.931+0000] {logging_mixin.py:188} INFO - [DB] 'person_room' — 1008 ta qator yuklandi.
[2026-06-17T13:16:59.933+0000] {logging_mixin.py:188} INFO - === Natural Persons pipeline tugadi ===
[2026-06-17T13:16:59.935+0000] {python.py:237} INFO - Done. Returned value was: None
[2026-06-17T13:16:59.936+0000] {taskinstance.py:441} INFO - ::group::Post task execution logs
[2026-06-17T13:16:59.953+0000] {taskinstance.py:1206} INFO - Marking task as SUCCESS. dag_id=references_etl, task_id=natural_person, run_id=manual__2026-06-17T13:16:50.080699+00:00, execution_date=20260617T131650, start_date=20260617T131652, end_date=20260617T131659
[2026-06-17T13:17:00.023+0000] {local_task_job_runner.py:243} INFO - Task exited with return code 0
[2026-06-17T13:17:00.060+0000] {taskinstance.py:3503} INFO - 0 downstream tasks scheduled from follow-on schedule check
[2026-06-17T13:17:00.064+0000] {local_task_job_runner.py:222} INFO - ::endgroup::
