[2026-06-18T10:03:09.596+0000] {local_task_job_runner.py:120} INFO - ::group::Pre task execution logs
[2026-06-18T10:03:09.674+0000] {taskinstance.py:2076} INFO - Dependencies all met for dep_context=non-requeueable deps ti=<TaskInstance: warehouse_etl.cross_movement scheduled__2026-06-17T06:00:00+00:00 [queued]>
[2026-06-18T10:03:09.720+0000] {taskinstance.py:2076} INFO - Dependencies all met for dep_context=requeueable deps ti=<TaskInstance: warehouse_etl.cross_movement scheduled__2026-06-17T06:00:00+00:00 [queued]>
[2026-06-18T10:03:09.737+0000] {taskinstance.py:2306} INFO - Starting attempt 2 of 2
[2026-06-18T10:03:09.796+0000] {taskinstance.py:2330} INFO - Executing <Task(PythonOperator): cross_movement> on 2026-06-17 06:00:00+00:00
[2026-06-18T10:03:09.822+0000] {standard_task_runner.py:64} INFO - Started process 7416 to run task
[2026-06-18T10:03:09.838+0000] {standard_task_runner.py:90} INFO - Running: ['***', 'tasks', 'run', 'warehouse_etl', 'cross_movement', 'scheduled__2026-06-17T06:00:00+00:00', '--job-id', '213', '--raw', '--subdir', 'DAGS_FOLDER/warehouse_dag.py', '--cfg-path', '/tmp/tmp6_diw1s7']
[2026-06-18T10:03:09.879+0000] {standard_task_runner.py:91} INFO - Job 213: Subtask cross_movement
[2026-06-18T10:03:10.405+0000] {task_command.py:426} INFO - Running <TaskInstance: warehouse_etl.cross_movement scheduled__2026-06-17T06:00:00+00:00 [running]> on host 04e5673ffdd2
[2026-06-18T10:03:10.811+0000] {taskinstance.py:2648} INFO - Exporting env vars: AIRFLOW_CTX_DAG_OWNER='yusufjon' AIRFLOW_CTX_DAG_ID='warehouse_etl' AIRFLOW_CTX_TASK_ID='cross_movement' AIRFLOW_CTX_EXECUTION_DATE='2026-06-17T06:00:00+00:00' AIRFLOW_CTX_TRY_NUMBER='2' AIRFLOW_CTX_DAG_RUN_ID='scheduled__2026-06-17T06:00:00+00:00'
[2026-06-18T10:03:10.829+0000] {taskinstance.py:430} INFO - ::endgroup::
[2026-06-18T10:03:10.922+0000] {logging_mixin.py:188} INFO - === Cross Movement pipeline ===
[2026-06-18T10:03:11.016+0000] {logging_mixin.py:188} INFO - [FETCH] https://smartup.online/b/anor/mxsx/mfm/movement$export
[2026-06-18T10:03:14.587+0000] {logging_mixin.py:188} INFO - [OK] 0 ta yozuv olindi
[2026-06-18T10:03:14.592+0000] {logging_mixin.py:188} INFO - Ma'lumot kelmadi, pipeline to'xtatildi.
[2026-06-18T10:03:14.594+0000] {python.py:237} INFO - Done. Returned value was: None
[2026-06-18T10:03:14.597+0000] {taskinstance.py:441} INFO - ::group::Post task execution logs
[2026-06-18T10:03:14.619+0000] {taskinstance.py:1206} INFO - Marking task as SUCCESS. dag_id=warehouse_etl, task_id=cross_movement, run_id=scheduled__2026-06-17T06:00:00+00:00, execution_date=20260617T060000, start_date=20260618T100309, end_date=20260618T100314
[2026-06-18T10:03:14.648+0000] {local_task_job_runner.py:243} INFO - Task exited with return code 0
[2026-06-18T10:03:14.683+0000] {taskinstance.py:3503} INFO - 0 downstream tasks scheduled from follow-on schedule check
[2026-06-18T10:03:14.687+0000] {local_task_job_runner.py:222} INFO - ::endgroup::
