[2026-06-17T12:36:45.008+0000] {local_task_job_runner.py:120} INFO - ::group::Pre task execution logs
[2026-06-17T12:36:45.075+0000] {taskinstance.py:2076} INFO - Dependencies all met for dep_context=non-requeueable deps ti=<TaskInstance: references_etl.workspaces scheduled__2026-06-16T06:00:00+00:00 [queued]>
[2026-06-17T12:36:45.092+0000] {taskinstance.py:2076} INFO - Dependencies all met for dep_context=requeueable deps ti=<TaskInstance: references_etl.workspaces scheduled__2026-06-16T06:00:00+00:00 [queued]>
[2026-06-17T12:36:45.093+0000] {taskinstance.py:2306} INFO - Starting attempt 1 of 2
[2026-06-17T12:36:45.124+0000] {taskinstance.py:2330} INFO - Executing <Task(PythonOperator): workspaces> on 2026-06-16 06:00:00+00:00
[2026-06-17T12:36:45.134+0000] {standard_task_runner.py:64} INFO - Started process 339 to run task
[2026-06-17T12:36:45.144+0000] {standard_task_runner.py:90} INFO - Running: ['***', 'tasks', 'run', 'references_etl', 'workspaces', 'scheduled__2026-06-16T06:00:00+00:00', '--job-id', '5', '--raw', '--subdir', 'DAGS_FOLDER/references_dag.py', '--cfg-path', '/tmp/tmpfwfu3jar']
[2026-06-17T12:36:45.161+0000] {standard_task_runner.py:91} INFO - Job 5: Subtask workspaces
[2026-06-17T12:36:45.357+0000] {task_command.py:426} INFO - Running <TaskInstance: references_etl.workspaces scheduled__2026-06-16T06:00:00+00:00 [running]> on host 04e5673ffdd2
[2026-06-17T12:36:45.561+0000] {taskinstance.py:2648} INFO - Exporting env vars: AIRFLOW_CTX_DAG_OWNER='yusufjon' AIRFLOW_CTX_DAG_ID='references_etl' AIRFLOW_CTX_TASK_ID='workspaces' AIRFLOW_CTX_EXECUTION_DATE='2026-06-16T06:00:00+00:00' AIRFLOW_CTX_TRY_NUMBER='1' AIRFLOW_CTX_DAG_RUN_ID='scheduled__2026-06-16T06:00:00+00:00'
[2026-06-17T12:36:45.565+0000] {taskinstance.py:430} INFO - ::endgroup::
[2026-06-17T12:36:45.620+0000] {logging_mixin.py:188} INFO - === Workspace pipeline ===
[2026-06-17T12:36:45.621+0000] {taskinstance.py:441} INFO - ::group::Post task execution logs
[2026-06-17T12:36:45.622+0000] {taskinstance.py:2905} ERROR - Task failed with exception
Traceback (most recent call last):
  File "/home/airflow/.local/lib/python3.11/site-packages/airflow/models/taskinstance.py", line 465, in _execute_task
    result = _execute_callable(context=context, **execute_callable_kwargs)
             ^^^^^^^^^^^^^^^^^^^^^^^^^^^^^^^^^^^^^^^^^^^^^^^^^^^^^^^^^^^^^
  File "/home/airflow/.local/lib/python3.11/site-packages/airflow/models/taskinstance.py", line 432, in _execute_callable
    return execute_callable(context=context, **execute_callable_kwargs)
           ^^^^^^^^^^^^^^^^^^^^^^^^^^^^^^^^^^^^^^^^^^^^^^^^^^^^^^^^^^^^
  File "/home/airflow/.local/lib/python3.11/site-packages/airflow/models/baseoperator.py", line 401, in wrapper
    return func(self, *args, **kwargs)
           ^^^^^^^^^^^^^^^^^^^^^^^^^^^
  File "/home/airflow/.local/lib/python3.11/site-packages/airflow/operators/python.py", line 235, in execute
    return_value = self.execute_callable()
                   ^^^^^^^^^^^^^^^^^^^^^^^
  File "/home/airflow/.local/lib/python3.11/site-packages/airflow/operators/python.py", line 252, in execute_callable
    return self.python_callable(*self.op_args, **self.op_kwargs)
           ^^^^^^^^^^^^^^^^^^^^^^^^^^^^^^^^^^^^^^^^^^^^^^^^^^^^^
  File "/opt/etl/pipelines/workspaces.py", line 50, in run
    get_headers(),
    ^^^^^^^^^^^^^
  File "/opt/etl/config.py", line 43, in get_headers
    with open("auth.json") as f:
         ^^^^^^^^^^^^^^^^^
FileNotFoundError: [Errno 2] No such file or directory: 'auth.json'
[2026-06-17T12:36:45.659+0000] {taskinstance.py:1206} INFO - Marking task as UP_FOR_RETRY. dag_id=references_etl, task_id=workspaces, run_id=scheduled__2026-06-16T06:00:00+00:00, execution_date=20260616T060000, start_date=20260617T123645, end_date=20260617T123645
[2026-06-17T12:36:45.683+0000] {standard_task_runner.py:110} ERROR - Failed to execute job 5 for task workspaces ([Errno 2] No such file or directory: 'auth.json'; 339)
[2026-06-17T12:36:45.736+0000] {local_task_job_runner.py:243} INFO - Task exited with return code 1
[2026-06-17T12:36:45.765+0000] {local_task_job_runner.py:222} INFO - ::endgroup::
