[2026-06-18T10:03:09.653+0000] {local_task_job_runner.py:120} INFO - ::group::Pre task execution logs
[2026-06-18T10:03:09.822+0000] {taskinstance.py:2076} INFO - Dependencies all met for dep_context=non-requeueable deps ti=<TaskInstance: warehouse_etl.warehouse_input scheduled__2026-06-17T06:00:00+00:00 [queued]>
[2026-06-18T10:03:09.851+0000] {taskinstance.py:2076} INFO - Dependencies all met for dep_context=requeueable deps ti=<TaskInstance: warehouse_etl.warehouse_input scheduled__2026-06-17T06:00:00+00:00 [queued]>
[2026-06-18T10:03:09.871+0000] {taskinstance.py:2306} INFO - Starting attempt 2 of 2
[2026-06-18T10:03:09.929+0000] {taskinstance.py:2330} INFO - Executing <Task(PythonOperator): warehouse_input> on 2026-06-17 06:00:00+00:00
[2026-06-18T10:03:09.973+0000] {standard_task_runner.py:64} INFO - Started process 7420 to run task
[2026-06-18T10:03:09.983+0000] {standard_task_runner.py:90} INFO - Running: ['***', 'tasks', 'run', 'warehouse_etl', 'warehouse_input', 'scheduled__2026-06-17T06:00:00+00:00', '--job-id', '218', '--raw', '--subdir', 'DAGS_FOLDER/warehouse_dag.py', '--cfg-path', '/tmp/tmpjrf2el1o']
[2026-06-18T10:03:10.005+0000] {standard_task_runner.py:91} INFO - Job 218: Subtask warehouse_input
[2026-06-18T10:03:10.409+0000] {task_command.py:426} INFO - Running <TaskInstance: warehouse_etl.warehouse_input scheduled__2026-06-17T06:00:00+00:00 [running]> on host 04e5673ffdd2
[2026-06-18T10:03:10.907+0000] {taskinstance.py:2648} INFO - Exporting env vars: AIRFLOW_CTX_DAG_OWNER='yusufjon' AIRFLOW_CTX_DAG_ID='warehouse_etl' AIRFLOW_CTX_TASK_ID='warehouse_input' AIRFLOW_CTX_EXECUTION_DATE='2026-06-17T06:00:00+00:00' AIRFLOW_CTX_TRY_NUMBER='2' AIRFLOW_CTX_DAG_RUN_ID='scheduled__2026-06-17T06:00:00+00:00'
[2026-06-18T10:03:10.925+0000] {taskinstance.py:430} INFO - ::endgroup::
[2026-06-18T10:03:10.961+0000] {logging_mixin.py:188} INFO - === Warehouse Input pipeline ===
[2026-06-18T10:03:11.031+0000] {logging_mixin.py:188} INFO - [FETCH] https://smartup.online/b/anor/mxsx/mkw/input$export
[2026-06-18T10:03:14.602+0000] {logging_mixin.py:188} INFO - [OK] 1 ta yozuv olindi
[2026-06-18T10:03:15.038+0000] {logging_mixin.py:188} INFO - [DB] 'warehouse_inputs' — 1 ta qator yuklandi.
[2026-06-18T10:03:15.336+0000] {logging_mixin.py:188} INFO - [DB] 'warehouse_input_items' — 1 ta qator yuklandi.
[2026-06-18T10:03:15.342+0000] {logging_mixin.py:188} INFO - === Warehouse Input pipeline tugadi ===
[2026-06-18T10:03:15.347+0000] {python.py:237} INFO - Done. Returned value was: None
[2026-06-18T10:03:15.360+0000] {taskinstance.py:441} INFO - ::group::Post task execution logs
[2026-06-18T10:03:15.379+0000] {taskinstance.py:1206} INFO - Marking task as SUCCESS. dag_id=warehouse_etl, task_id=warehouse_input, run_id=scheduled__2026-06-17T06:00:00+00:00, execution_date=20260617T060000, start_date=20260618T100309, end_date=20260618T100315
[2026-06-18T10:03:15.426+0000] {local_task_job_runner.py:243} INFO - Task exited with return code 0
[2026-06-18T10:03:15.460+0000] {taskinstance.py:3503} INFO - 0 downstream tasks scheduled from follow-on schedule check
[2026-06-18T10:03:15.466+0000] {local_task_job_runner.py:222} INFO - ::endgroup::
