[2026-06-17T13:49:28.219+0000] {local_task_job_runner.py:120} INFO - ::group::Pre task execution logs
[2026-06-17T13:49:28.265+0000] {taskinstance.py:2076} INFO - Dependencies all met for dep_context=non-requeueable deps ti=<TaskInstance: sales_etl.visit scheduled__2026-06-16T07:00:00+00:00 [queued]>
[2026-06-17T13:49:28.280+0000] {taskinstance.py:2076} INFO - Dependencies all met for dep_context=requeueable deps ti=<TaskInstance: sales_etl.visit scheduled__2026-06-16T07:00:00+00:00 [queued]>
[2026-06-17T13:49:28.282+0000] {taskinstance.py:2306} INFO - Starting attempt 1 of 2
[2026-06-17T13:49:28.300+0000] {taskinstance.py:2330} INFO - Executing <Task(PythonOperator): visit> on 2026-06-16 07:00:00+00:00
[2026-06-17T13:49:28.309+0000] {standard_task_runner.py:64} INFO - Started process 3309 to run task
[2026-06-17T13:49:28.320+0000] {standard_task_runner.py:90} INFO - Running: ['***', 'tasks', 'run', 'sales_etl', 'visit', 'scheduled__2026-06-16T07:00:00+00:00', '--job-id', '162', '--raw', '--subdir', 'DAGS_FOLDER/sales_dag.py', '--cfg-path', '/tmp/tmps8t1xwoe']
[2026-06-17T13:49:28.331+0000] {standard_task_runner.py:91} INFO - Job 162: Subtask visit
[2026-06-17T13:49:28.497+0000] {task_command.py:426} INFO - Running <TaskInstance: sales_etl.visit scheduled__2026-06-16T07:00:00+00:00 [running]> on host 04e5673ffdd2
[2026-06-17T13:49:28.677+0000] {taskinstance.py:2648} INFO - Exporting env vars: AIRFLOW_CTX_DAG_OWNER='yusufjon' AIRFLOW_CTX_DAG_ID='sales_etl' AIRFLOW_CTX_TASK_ID='visit' AIRFLOW_CTX_EXECUTION_DATE='2026-06-16T07:00:00+00:00' AIRFLOW_CTX_TRY_NUMBER='1' AIRFLOW_CTX_DAG_RUN_ID='scheduled__2026-06-16T07:00:00+00:00'
[2026-06-17T13:49:28.679+0000] {taskinstance.py:430} INFO - ::endgroup::
[2026-06-17T13:49:28.710+0000] {logging_mixin.py:188} INFO - === Visit pipeline ===
[2026-06-17T13:49:28.711+0000] {taskinstance.py:441} INFO - ::group::Post task execution logs
[2026-06-17T13:49:28.713+0000] {taskinstance.py:2905} ERROR - Task failed with exception
Traceback (most recent call last):
  File "/home/airflow/.local/lib/python3.11/site-packages/airflow/models/taskinstance.py", line 465, in _execute_task
    result = _execute_callable(context=context, **execute_callable_kwargs)
             ^^^^^^^^^^^^^^^^^^^^^^^^^^^^^^^^^^^^^^^^^^^^^^^^^^^^^^^^^^^^^
  File "/home/airflow/.local/lib/python3.11/site-packages/airflow/models/taskinstance.py", line 432, in _execute_callable
    return execute_callable(context=context, **execute_callable_kwargs)
           ^^^^^^^^^^^^^^^^^^^^^^^^^^^^^^^^^^^^^^^^^^^^^^^^^^^^^^^^^^^^
  File "/home/airflow/.local/lib/python3.11/site-packages/airflow/models/baseoperator.py", line 401, in wrapper
    return func(self, *args, **kwargs)
           ^^^^^^^^^^^^^^^^^^^^^^^^^^^
  File "/home/airflow/.local/lib/python3.11/site-packages/airflow/operators/python.py", line 235, in execute
    return_value = self.execute_callable()
                   ^^^^^^^^^^^^^^^^^^^^^^^
  File "/home/airflow/.local/lib/python3.11/site-packages/airflow/operators/python.py", line 252, in execute_callable
    return self.python_callable(*self.op_args, **self.op_kwargs)
           ^^^^^^^^^^^^^^^^^^^^^^^^^^^^^^^^^^^^^^^^^^^^^^^^^^^^^
  File "/opt/etl/pipelines/visit.py", line 262, in run
    visit_list = fetch_post(ENDPOINTS["visit"], get_headers(), key="visit", body=body)
                 ^^^^^^^^^^
NameError: name 'fetch_post' is not defined
[2026-06-17T13:49:28.756+0000] {taskinstance.py:1206} INFO - Marking task as UP_FOR_RETRY. dag_id=sales_etl, task_id=visit, run_id=scheduled__2026-06-16T07:00:00+00:00, execution_date=20260616T070000, start_date=20260617T134928, end_date=20260617T134928
[2026-06-17T13:49:28.774+0000] {standard_task_runner.py:110} ERROR - Failed to execute job 162 for task visit (name 'fetch_post' is not defined; 3309)
[2026-06-17T13:49:28.814+0000] {local_task_job_runner.py:243} INFO - Task exited with return code 1
[2026-06-17T13:49:28.841+0000] {taskinstance.py:3503} INFO - 0 downstream tasks scheduled from follow-on schedule check
[2026-06-17T13:49:28.845+0000] {local_task_job_runner.py:222} INFO - ::endgroup::
