[2026-06-17T12:36:45.022+0000] {local_task_job_runner.py:120} INFO - ::group::Pre task execution logs
[2026-06-17T12:36:45.084+0000] {taskinstance.py:2076} INFO - Dependencies all met for dep_context=non-requeueable deps ti=<TaskInstance: references_etl.producers scheduled__2026-06-16T06:00:00+00:00 [queued]>
[2026-06-17T12:36:45.104+0000] {taskinstance.py:2076} INFO - Dependencies all met for dep_context=requeueable deps ti=<TaskInstance: references_etl.producers scheduled__2026-06-16T06:00:00+00:00 [queued]>
[2026-06-17T12:36:45.105+0000] {taskinstance.py:2306} INFO - Starting attempt 1 of 2
[2026-06-17T12:36:45.133+0000] {taskinstance.py:2330} INFO - Executing <Task(PythonOperator): producers> on 2026-06-16 06:00:00+00:00
[2026-06-17T12:36:45.147+0000] {standard_task_runner.py:64} INFO - Started process 340 to run task
[2026-06-17T12:36:45.155+0000] {standard_task_runner.py:90} INFO - Running: ['***', 'tasks', 'run', 'references_etl', 'producers', 'scheduled__2026-06-16T06:00:00+00:00', '--job-id', '6', '--raw', '--subdir', 'DAGS_FOLDER/references_dag.py', '--cfg-path', '/tmp/tmp1dq7prj6']
[2026-06-17T12:36:45.163+0000] {standard_task_runner.py:91} INFO - Job 6: Subtask producers
[2026-06-17T12:36:45.370+0000] {task_command.py:426} INFO - Running <TaskInstance: references_etl.producers scheduled__2026-06-16T06:00:00+00:00 [running]> on host 04e5673ffdd2
[2026-06-17T12:36:45.595+0000] {taskinstance.py:2648} INFO - Exporting env vars: AIRFLOW_CTX_DAG_OWNER='yusufjon' AIRFLOW_CTX_DAG_ID='references_etl' AIRFLOW_CTX_TASK_ID='producers' AIRFLOW_CTX_EXECUTION_DATE='2026-06-16T06:00:00+00:00' AIRFLOW_CTX_TRY_NUMBER='1' AIRFLOW_CTX_DAG_RUN_ID='scheduled__2026-06-16T06:00:00+00:00'
[2026-06-17T12:36:45.599+0000] {taskinstance.py:430} INFO - ::endgroup::
[2026-06-17T12:36:45.627+0000] {logging_mixin.py:188} INFO - === Producers pipeline ===
[2026-06-17T12:36:45.629+0000] {taskinstance.py:441} INFO - ::group::Post task execution logs
[2026-06-17T12:36:45.631+0000] {taskinstance.py:2905} ERROR - Task failed with exception
Traceback (most recent call last):
  File "/home/airflow/.local/lib/python3.11/site-packages/airflow/models/taskinstance.py", line 465, in _execute_task
    result = _execute_callable(context=context, **execute_callable_kwargs)
             ^^^^^^^^^^^^^^^^^^^^^^^^^^^^^^^^^^^^^^^^^^^^^^^^^^^^^^^^^^^^^
  File "/home/airflow/.local/lib/python3.11/site-packages/airflow/models/taskinstance.py", line 432, in _execute_callable
    return execute_callable(context=context, **execute_callable_kwargs)
           ^^^^^^^^^^^^^^^^^^^^^^^^^^^^^^^^^^^^^^^^^^^^^^^^^^^^^^^^^^^^
  File "/home/airflow/.local/lib/python3.11/site-packages/airflow/models/baseoperator.py", line 401, in wrapper
    return func(self, *args, **kwargs)
           ^^^^^^^^^^^^^^^^^^^^^^^^^^^
  File "/home/airflow/.local/lib/python3.11/site-packages/airflow/operators/python.py", line 235, in execute
    return_value = self.execute_callable()
                   ^^^^^^^^^^^^^^^^^^^^^^^
  File "/home/airflow/.local/lib/python3.11/site-packages/airflow/operators/python.py", line 252, in execute_callable
    return self.python_callable(*self.op_args, **self.op_kwargs)
           ^^^^^^^^^^^^^^^^^^^^^^^^^^^^^^^^^^^^^^^^^^^^^^^^^^^^^
  File "/opt/etl/pipelines/producers.py", line 28, in run
    raw = fetch(ENDPOINTS["producer"], get_headers(), key="producer")
                                       ^^^^^^^^^^^^^
  File "/opt/etl/config.py", line 43, in get_headers
    with open("auth.json") as f:
         ^^^^^^^^^^^^^^^^^
FileNotFoundError: [Errno 2] No such file or directory: 'auth.json'
[2026-06-17T12:36:45.672+0000] {taskinstance.py:1206} INFO - Marking task as UP_FOR_RETRY. dag_id=references_etl, task_id=producers, run_id=scheduled__2026-06-16T06:00:00+00:00, execution_date=20260616T060000, start_date=20260617T123645, end_date=20260617T123645
[2026-06-17T12:36:45.697+0000] {standard_task_runner.py:110} ERROR - Failed to execute job 6 for task producers ([Errno 2] No such file or directory: 'auth.json'; 340)
[2026-06-17T12:36:45.744+0000] {local_task_job_runner.py:243} INFO - Task exited with return code 1
[2026-06-17T12:36:45.771+0000] {local_task_job_runner.py:222} INFO - ::endgroup::
