[2026-06-19T08:19:17.367+0000] {local_task_job_runner.py:120} INFO - ::group::Pre task execution logs
[2026-06-19T08:19:17.577+0000] {taskinstance.py:2076} INFO - Dependencies all met for dep_context=non-requeueable deps ti=<TaskInstance: warehouse_etl.purchase scheduled__2026-06-18T06:00:00+00:00 [queued]>
[2026-06-19T08:19:17.606+0000] {taskinstance.py:2076} INFO - Dependencies all met for dep_context=requeueable deps ti=<TaskInstance: warehouse_etl.purchase scheduled__2026-06-18T06:00:00+00:00 [queued]>
[2026-06-19T08:19:17.612+0000] {taskinstance.py:2306} INFO - Starting attempt 2 of 2
[2026-06-19T08:19:17.701+0000] {taskinstance.py:2330} INFO - Executing <Task(PythonOperator): purchase> on 2026-06-18 06:00:00+00:00
[2026-06-19T08:19:17.724+0000] {standard_task_runner.py:64} INFO - Started process 9925 to run task
[2026-06-19T08:19:17.737+0000] {standard_task_runner.py:90} INFO - Running: ['***', 'tasks', 'run', 'warehouse_etl', 'purchase', 'scheduled__2026-06-18T06:00:00+00:00', '--job-id', '267', '--raw', '--subdir', 'DAGS_FOLDER/warehouse_dag.py', '--cfg-path', '/tmp/tmpdg2jaiv5']
[2026-06-19T08:19:17.752+0000] {standard_task_runner.py:91} INFO - Job 267: Subtask purchase
[2026-06-19T08:19:18.447+0000] {task_command.py:426} INFO - Running <TaskInstance: warehouse_etl.purchase scheduled__2026-06-18T06:00:00+00:00 [running]> on host 04e5673ffdd2
[2026-06-19T08:19:18.811+0000] {taskinstance.py:2648} INFO - Exporting env vars: AIRFLOW_CTX_DAG_OWNER='yusufjon' AIRFLOW_CTX_DAG_ID='warehouse_etl' AIRFLOW_CTX_TASK_ID='purchase' AIRFLOW_CTX_EXECUTION_DATE='2026-06-18T06:00:00+00:00' AIRFLOW_CTX_TRY_NUMBER='2' AIRFLOW_CTX_DAG_RUN_ID='scheduled__2026-06-18T06:00:00+00:00'
[2026-06-19T08:19:18.820+0000] {taskinstance.py:430} INFO - ::endgroup::
[2026-06-19T08:19:18.859+0000] {logging_mixin.py:188} INFO - === Purchase pipeline ===
[2026-06-19T08:19:18.904+0000] {logging_mixin.py:188} INFO - [FETCH] https://smartup.online/b/anor/mxsx/mkw/purchase$export
[2026-06-19T08:19:21.283+0000] {logging_mixin.py:188} INFO - [OK] 1 ta yozuv olindi
[2026-06-19T08:19:21.997+0000] {logging_mixin.py:188} INFO - [DB] 'purchases' — 1 ta qator yuklandi.
[2026-06-19T08:19:22.238+0000] {logging_mixin.py:188} INFO - [DB] 'purchase_items' — 1 ta qator yuklandi.
[2026-06-19T08:19:22.239+0000] {logging_mixin.py:188} INFO - [SKIP] 'purchase_marking_codes' bo'sh, o'tkazib yuborildi.
[2026-06-19T08:19:22.240+0000] {logging_mixin.py:188} INFO - === Purchase pipeline tugadi ===
[2026-06-19T08:19:22.241+0000] {python.py:237} INFO - Done. Returned value was: None
[2026-06-19T08:19:22.243+0000] {taskinstance.py:441} INFO - ::group::Post task execution logs
[2026-06-19T08:19:22.272+0000] {taskinstance.py:1206} INFO - Marking task as SUCCESS. dag_id=warehouse_etl, task_id=purchase, run_id=scheduled__2026-06-18T06:00:00+00:00, execution_date=20260618T060000, start_date=20260619T081917, end_date=20260619T081922
[2026-06-19T08:19:22.346+0000] {local_task_job_runner.py:243} INFO - Task exited with return code 0
[2026-06-19T08:19:22.380+0000] {taskinstance.py:3503} INFO - 0 downstream tasks scheduled from follow-on schedule check
[2026-06-19T08:19:22.385+0000] {local_task_job_runner.py:222} INFO - ::endgroup::
