[2026-06-18T10:03:09.422+0000] {local_task_job_runner.py:120} INFO - ::group::Pre task execution logs
[2026-06-18T10:03:09.502+0000] {taskinstance.py:2076} INFO - Dependencies all met for dep_context=non-requeueable deps ti=<TaskInstance: sales_etl.order scheduled__2026-06-17T06:00:00+00:00 [queued]>
[2026-06-18T10:03:09.517+0000] {taskinstance.py:2076} INFO - Dependencies all met for dep_context=requeueable deps ti=<TaskInstance: sales_etl.order scheduled__2026-06-17T06:00:00+00:00 [queued]>
[2026-06-18T10:03:09.521+0000] {taskinstance.py:2306} INFO - Starting attempt 2 of 2
[2026-06-18T10:03:09.590+0000] {taskinstance.py:2330} INFO - Executing <Task(PythonOperator): order> on 2026-06-17 06:00:00+00:00
[2026-06-18T10:03:09.611+0000] {standard_task_runner.py:64} INFO - Started process 7413 to run task
[2026-06-18T10:03:09.624+0000] {standard_task_runner.py:90} INFO - Running: ['***', 'tasks', 'run', 'sales_etl', 'order', 'scheduled__2026-06-17T06:00:00+00:00', '--job-id', '211', '--raw', '--subdir', 'DAGS_FOLDER/sales_dag.py', '--cfg-path', '/tmp/tmpu5_qxlo4']
[2026-06-18T10:03:09.649+0000] {standard_task_runner.py:91} INFO - Job 211: Subtask order
[2026-06-18T10:03:09.952+0000] {task_command.py:426} INFO - Running <TaskInstance: sales_etl.order scheduled__2026-06-17T06:00:00+00:00 [running]> on host 04e5673ffdd2
[2026-06-18T10:03:10.514+0000] {taskinstance.py:2648} INFO - Exporting env vars: AIRFLOW_CTX_DAG_OWNER='yusufjon' AIRFLOW_CTX_DAG_ID='sales_etl' AIRFLOW_CTX_TASK_ID='order' AIRFLOW_CTX_EXECUTION_DATE='2026-06-17T06:00:00+00:00' AIRFLOW_CTX_TRY_NUMBER='2' AIRFLOW_CTX_DAG_RUN_ID='scheduled__2026-06-17T06:00:00+00:00'
[2026-06-18T10:03:10.545+0000] {taskinstance.py:430} INFO - ::endgroup::
[2026-06-18T10:03:10.637+0000] {logging_mixin.py:188} INFO - === Orders pipeline ===
[2026-06-18T10:03:10.837+0000] {logging_mixin.py:188} INFO - [FETCH] https://smartup.online/b/trade/txs/tdeal/order$export
[2026-06-18T10:03:15.532+0000] {logging_mixin.py:188} INFO - [OK] 6 ta yozuv olindi
[2026-06-18T10:03:16.461+0000] {logging_mixin.py:188} INFO - [DB] 'orders' — 6 ta qator yuklandi.
[2026-06-18T10:03:16.634+0000] {logging_mixin.py:188} INFO - [DB] 'order_products' — 6 ta qator yuklandi.
[2026-06-18T10:03:16.820+0000] {logging_mixin.py:188} INFO - [DB] 'order_product_details' — 7 ta qator yuklandi.
[2026-06-18T10:03:16.821+0000] {logging_mixin.py:188} INFO - [SKIP] 'order_product_action_margins' bo'sh, o'tkazib yuborildi.
[2026-06-18T10:03:16.821+0000] {logging_mixin.py:188} INFO - [SKIP] 'order_gifts' bo'sh, o'tkazib yuborildi.
[2026-06-18T10:03:16.822+0000] {logging_mixin.py:188} INFO - [SKIP] 'order_actions' bo'sh, o'tkazib yuborildi.
[2026-06-18T10:03:16.823+0000] {logging_mixin.py:188} INFO - [SKIP] 'order_consignments' bo'sh, o'tkazib yuborildi.
[2026-06-18T10:03:16.823+0000] {logging_mixin.py:188} INFO - === Orders pipeline tugadi ===
[2026-06-18T10:03:16.825+0000] {python.py:237} INFO - Done. Returned value was: None
[2026-06-18T10:03:16.828+0000] {taskinstance.py:441} INFO - ::group::Post task execution logs
[2026-06-18T10:03:16.842+0000] {taskinstance.py:1206} INFO - Marking task as SUCCESS. dag_id=sales_etl, task_id=order, run_id=scheduled__2026-06-17T06:00:00+00:00, execution_date=20260617T060000, start_date=20260618T100309, end_date=20260618T100316
[2026-06-18T10:03:16.882+0000] {local_task_job_runner.py:243} INFO - Task exited with return code 0
[2026-06-18T10:03:16.906+0000] {taskinstance.py:3503} INFO - 0 downstream tasks scheduled from follow-on schedule check
[2026-06-18T10:03:16.909+0000] {local_task_job_runner.py:222} INFO - ::endgroup::
