[2026-06-19T08:19:16.602+0000] {local_task_job_runner.py:120} INFO - ::group::Pre task execution logs
[2026-06-19T08:19:16.765+0000] {taskinstance.py:2076} INFO - Dependencies all met for dep_context=non-requeueable deps ti=<TaskInstance: warehouse_etl.writeoff scheduled__2026-06-18T06:00:00+00:00 [queued]>
[2026-06-19T08:19:16.789+0000] {taskinstance.py:2076} INFO - Dependencies all met for dep_context=requeueable deps ti=<TaskInstance: warehouse_etl.writeoff scheduled__2026-06-18T06:00:00+00:00 [queued]>
[2026-06-19T08:19:16.792+0000] {taskinstance.py:2306} INFO - Starting attempt 2 of 2
[2026-06-19T08:19:16.850+0000] {taskinstance.py:2330} INFO - Executing <Task(PythonOperator): writeoff> on 2026-06-18 06:00:00+00:00
[2026-06-19T08:19:16.872+0000] {standard_task_runner.py:64} INFO - Started process 9920 to run task
[2026-06-19T08:19:16.908+0000] {standard_task_runner.py:90} INFO - Running: ['***', 'tasks', 'run', 'warehouse_etl', 'writeoff', 'scheduled__2026-06-18T06:00:00+00:00', '--job-id', '260', '--raw', '--subdir', 'DAGS_FOLDER/warehouse_dag.py', '--cfg-path', '/tmp/tmp0x2cc44w']
[2026-06-19T08:19:16.950+0000] {standard_task_runner.py:91} INFO - Job 260: Subtask writeoff
[2026-06-19T08:19:17.257+0000] {task_command.py:426} INFO - Running <TaskInstance: warehouse_etl.writeoff scheduled__2026-06-18T06:00:00+00:00 [running]> on host 04e5673ffdd2
[2026-06-19T08:19:17.717+0000] {taskinstance.py:2648} INFO - Exporting env vars: AIRFLOW_CTX_DAG_OWNER='yusufjon' AIRFLOW_CTX_DAG_ID='warehouse_etl' AIRFLOW_CTX_TASK_ID='writeoff' AIRFLOW_CTX_EXECUTION_DATE='2026-06-18T06:00:00+00:00' AIRFLOW_CTX_TRY_NUMBER='2' AIRFLOW_CTX_DAG_RUN_ID='scheduled__2026-06-18T06:00:00+00:00'
[2026-06-19T08:19:17.732+0000] {taskinstance.py:430} INFO - ::endgroup::
[2026-06-19T08:19:17.806+0000] {logging_mixin.py:188} INFO - === Writeoff pipeline ===
[2026-06-19T08:19:17.901+0000] {logging_mixin.py:188} INFO - [FETCH] https://smartup.online/b/anor/mxsx/mkw/writeoff$export
[2026-06-19T08:19:20.474+0000] {logging_mixin.py:188} INFO - [OK] 1 ta yozuv olindi
[2026-06-19T08:19:21.077+0000] {logging_mixin.py:188} INFO - [DB] 'writeoffs' — 1 ta qator yuklandi.
[2026-06-19T08:19:21.279+0000] {logging_mixin.py:188} INFO - [DB] 'writeoff_items' — 1 ta qator yuklandi.
[2026-06-19T08:19:21.281+0000] {logging_mixin.py:188} INFO - === Writeoff pipeline tugadi ===
[2026-06-19T08:19:21.283+0000] {python.py:237} INFO - Done. Returned value was: None
[2026-06-19T08:19:21.284+0000] {taskinstance.py:441} INFO - ::group::Post task execution logs
[2026-06-19T08:19:21.317+0000] {taskinstance.py:1206} INFO - Marking task as SUCCESS. dag_id=warehouse_etl, task_id=writeoff, run_id=scheduled__2026-06-18T06:00:00+00:00, execution_date=20260618T060000, start_date=20260619T081916, end_date=20260619T081921
[2026-06-19T08:19:21.374+0000] {local_task_job_runner.py:243} INFO - Task exited with return code 0
[2026-06-19T08:19:21.405+0000] {local_task_job_runner.py:222} INFO - ::endgroup::
