[2026-06-17T12:55:05.743+0000] {local_task_job_runner.py:120} INFO - ::group::Pre task execution logs
[2026-06-17T12:55:05.811+0000] {taskinstance.py:2076} INFO - Dependencies all met for dep_context=non-requeueable deps ti=<TaskInstance: references_etl.services manual__2026-06-17T12:50:00.495999+00:00 [queued]>
[2026-06-17T12:55:05.827+0000] {taskinstance.py:2076} INFO - Dependencies all met for dep_context=requeueable deps ti=<TaskInstance: references_etl.services manual__2026-06-17T12:50:00.495999+00:00 [queued]>
[2026-06-17T12:55:05.828+0000] {taskinstance.py:2306} INFO - Starting attempt 2 of 2
[2026-06-17T12:55:05.852+0000] {taskinstance.py:2330} INFO - Executing <Task(PythonOperator): services> on 2026-06-17 12:50:00.495999+00:00
[2026-06-17T12:55:05.865+0000] {standard_task_runner.py:64} INFO - Started process 1182 to run task
[2026-06-17T12:55:05.876+0000] {standard_task_runner.py:90} INFO - Running: ['***', 'tasks', 'run', 'references_etl', 'services', 'manual__2026-06-17T12:50:00.495999+00:00', '--job-id', '75', '--raw', '--subdir', 'DAGS_FOLDER/references_dag.py', '--cfg-path', '/tmp/tmprie3fumq']
[2026-06-17T12:55:05.888+0000] {standard_task_runner.py:91} INFO - Job 75: Subtask services
[2026-06-17T12:55:06.043+0000] {task_command.py:426} INFO - Running <TaskInstance: references_etl.services manual__2026-06-17T12:50:00.495999+00:00 [running]> on host 04e5673ffdd2
[2026-06-17T12:55:06.247+0000] {taskinstance.py:2648} INFO - Exporting env vars: AIRFLOW_CTX_DAG_OWNER='yusufjon' AIRFLOW_CTX_DAG_ID='references_etl' AIRFLOW_CTX_TASK_ID='services' AIRFLOW_CTX_EXECUTION_DATE='2026-06-17T12:50:00.495999+00:00' AIRFLOW_CTX_TRY_NUMBER='2' AIRFLOW_CTX_DAG_RUN_ID='manual__2026-06-17T12:50:00.495999+00:00'
[2026-06-17T12:55:06.250+0000] {taskinstance.py:430} INFO - ::endgroup::
[2026-06-17T12:55:06.287+0000] {logging_mixin.py:188} INFO - === Service pipeline ===
[2026-06-17T12:55:06.290+0000] {taskinstance.py:441} INFO - ::group::Post task execution logs
[2026-06-17T12:55:06.292+0000] {taskinstance.py:2905} ERROR - Task failed with exception
Traceback (most recent call last):
  File "/home/airflow/.local/lib/python3.11/site-packages/airflow/models/taskinstance.py", line 465, in _execute_task
    result = _execute_callable(context=context, **execute_callable_kwargs)
             ^^^^^^^^^^^^^^^^^^^^^^^^^^^^^^^^^^^^^^^^^^^^^^^^^^^^^^^^^^^^^
  File "/home/airflow/.local/lib/python3.11/site-packages/airflow/models/taskinstance.py", line 432, in _execute_callable
    return execute_callable(context=context, **execute_callable_kwargs)
           ^^^^^^^^^^^^^^^^^^^^^^^^^^^^^^^^^^^^^^^^^^^^^^^^^^^^^^^^^^^^
  File "/home/airflow/.local/lib/python3.11/site-packages/airflow/models/baseoperator.py", line 401, in wrapper
    return func(self, *args, **kwargs)
           ^^^^^^^^^^^^^^^^^^^^^^^^^^^
  File "/home/airflow/.local/lib/python3.11/site-packages/airflow/operators/python.py", line 235, in execute
    return_value = self.execute_callable()
                   ^^^^^^^^^^^^^^^^^^^^^^^
  File "/home/airflow/.local/lib/python3.11/site-packages/airflow/operators/python.py", line 252, in execute_callable
    return self.python_callable(*self.op_args, **self.op_kwargs)
           ^^^^^^^^^^^^^^^^^^^^^^^^^^^^^^^^^^^^^^^^^^^^^^^^^^^^^
  File "/opt/etl/pipelines/services.py", line 57, in run
    raw = fetch(ENDPOINTS["service"], get_headers(), key="service")
                                      ^^^^^^^^^^^^^
  File "/opt/etl/config.py", line 43, in get_headers
    with open("auth.json") as f:
         ^^^^^^^^^^^^^^^^^
FileNotFoundError: [Errno 2] No such file or directory: 'auth.json'
[2026-06-17T12:55:06.339+0000] {taskinstance.py:1206} INFO - Marking task as FAILED. dag_id=references_etl, task_id=services, run_id=manual__2026-06-17T12:50:00.495999+00:00, execution_date=20260617T125000, start_date=20260617T125505, end_date=20260617T125506
[2026-06-17T12:55:06.375+0000] {standard_task_runner.py:110} ERROR - Failed to execute job 75 for task services ([Errno 2] No such file or directory: 'auth.json'; 1182)
[2026-06-17T12:55:06.420+0000] {local_task_job_runner.py:243} INFO - Task exited with return code 1
[2026-06-17T12:55:06.446+0000] {local_task_job_runner.py:222} INFO - ::endgroup::
