[2026-06-18T10:03:09.444+0000] {local_task_job_runner.py:120} INFO - ::group::Pre task execution logs
[2026-06-18T10:03:09.509+0000] {taskinstance.py:2076} INFO - Dependencies all met for dep_context=non-requeueable deps ti=<TaskInstance: sales_etl.returns scheduled__2026-06-17T06:00:00+00:00 [queued]>
[2026-06-18T10:03:09.529+0000] {taskinstance.py:2076} INFO - Dependencies all met for dep_context=requeueable deps ti=<TaskInstance: sales_etl.returns scheduled__2026-06-17T06:00:00+00:00 [queued]>
[2026-06-18T10:03:09.549+0000] {taskinstance.py:2306} INFO - Starting attempt 2 of 2
[2026-06-18T10:03:09.594+0000] {taskinstance.py:2330} INFO - Executing <Task(PythonOperator): returns> on 2026-06-17 06:00:00+00:00
[2026-06-18T10:03:09.614+0000] {standard_task_runner.py:64} INFO - Started process 7414 to run task
[2026-06-18T10:03:09.623+0000] {standard_task_runner.py:90} INFO - Running: ['***', 'tasks', 'run', 'sales_etl', 'returns', 'scheduled__2026-06-17T06:00:00+00:00', '--job-id', '212', '--raw', '--subdir', 'DAGS_FOLDER/sales_dag.py', '--cfg-path', '/tmp/tmpuv_ane9p']
[2026-06-18T10:03:09.649+0000] {standard_task_runner.py:91} INFO - Job 212: Subtask returns
[2026-06-18T10:03:09.895+0000] {task_command.py:426} INFO - Running <TaskInstance: sales_etl.returns scheduled__2026-06-17T06:00:00+00:00 [running]> on host 04e5673ffdd2
[2026-06-18T10:03:10.328+0000] {taskinstance.py:2648} INFO - Exporting env vars: AIRFLOW_CTX_DAG_OWNER='yusufjon' AIRFLOW_CTX_DAG_ID='sales_etl' AIRFLOW_CTX_TASK_ID='returns' AIRFLOW_CTX_EXECUTION_DATE='2026-06-17T06:00:00+00:00' AIRFLOW_CTX_TRY_NUMBER='2' AIRFLOW_CTX_DAG_RUN_ID='scheduled__2026-06-17T06:00:00+00:00'
[2026-06-18T10:03:10.344+0000] {taskinstance.py:430} INFO - ::endgroup::
[2026-06-18T10:03:10.434+0000] {logging_mixin.py:188} INFO - === Return pipeline ===
[2026-06-18T10:03:10.664+0000] {logging_mixin.py:188} INFO - [FETCH] https://smartup.online/b/anor/mxsx/mdeal/return$export
[2026-06-18T10:03:15.400+0000] {logging_mixin.py:188} INFO - [OK] 1 ta yozuv olindi
[2026-06-18T10:03:15.958+0000] {logging_mixin.py:188} INFO - [DB] 'returns' — 1 ta qator yuklandi.
[2026-06-18T10:03:16.153+0000] {logging_mixin.py:188} INFO - [DB] 'return_products' — 1 ta qator yuklandi.
[2026-06-18T10:03:16.154+0000] {logging_mixin.py:188} INFO - === Return pipeline tugadi ===
[2026-06-18T10:03:16.155+0000] {python.py:237} INFO - Done. Returned value was: None
[2026-06-18T10:03:16.156+0000] {taskinstance.py:441} INFO - ::group::Post task execution logs
[2026-06-18T10:03:16.174+0000] {taskinstance.py:1206} INFO - Marking task as SUCCESS. dag_id=sales_etl, task_id=returns, run_id=scheduled__2026-06-17T06:00:00+00:00, execution_date=20260617T060000, start_date=20260618T100309, end_date=20260618T100316
[2026-06-18T10:03:16.252+0000] {local_task_job_runner.py:243} INFO - Task exited with return code 0
[2026-06-18T10:03:16.278+0000] {taskinstance.py:3503} INFO - 0 downstream tasks scheduled from follow-on schedule check
[2026-06-18T10:03:16.291+0000] {local_task_job_runner.py:222} INFO - ::endgroup::
