[2026-06-19T08:19:13.130+0000] {local_task_job_runner.py:120} INFO - ::group::Pre task execution logs
[2026-06-19T08:19:13.168+0000] {taskinstance.py:2076} INFO - Dependencies all met for dep_context=non-requeueable deps ti=<TaskInstance: sales_etl.order scheduled__2026-06-18T06:00:00+00:00 [queued]>
[2026-06-19T08:19:13.179+0000] {taskinstance.py:2076} INFO - Dependencies all met for dep_context=requeueable deps ti=<TaskInstance: sales_etl.order scheduled__2026-06-18T06:00:00+00:00 [queued]>
[2026-06-19T08:19:13.180+0000] {taskinstance.py:2306} INFO - Starting attempt 2 of 2
[2026-06-19T08:19:13.196+0000] {taskinstance.py:2330} INFO - Executing <Task(PythonOperator): order> on 2026-06-18 06:00:00+00:00
[2026-06-19T08:19:13.208+0000] {standard_task_runner.py:64} INFO - Started process 9878 to run task
[2026-06-19T08:19:13.214+0000] {standard_task_runner.py:90} INFO - Running: ['***', 'tasks', 'run', 'sales_etl', 'order', 'scheduled__2026-06-18T06:00:00+00:00', '--job-id', '256', '--raw', '--subdir', 'DAGS_FOLDER/sales_dag.py', '--cfg-path', '/tmp/tmp7fqqrst4']
[2026-06-19T08:19:13.219+0000] {standard_task_runner.py:91} INFO - Job 256: Subtask order
[2026-06-19T08:19:13.388+0000] {task_command.py:426} INFO - Running <TaskInstance: sales_etl.order scheduled__2026-06-18T06:00:00+00:00 [running]> on host 04e5673ffdd2
[2026-06-19T08:19:13.751+0000] {taskinstance.py:2648} INFO - Exporting env vars: AIRFLOW_CTX_DAG_OWNER='yusufjon' AIRFLOW_CTX_DAG_ID='sales_etl' AIRFLOW_CTX_TASK_ID='order' AIRFLOW_CTX_EXECUTION_DATE='2026-06-18T06:00:00+00:00' AIRFLOW_CTX_TRY_NUMBER='2' AIRFLOW_CTX_DAG_RUN_ID='scheduled__2026-06-18T06:00:00+00:00'
[2026-06-19T08:19:13.754+0000] {taskinstance.py:430} INFO - ::endgroup::
[2026-06-19T08:19:13.819+0000] {logging_mixin.py:188} INFO - === Orders pipeline ===
[2026-06-19T08:19:13.874+0000] {logging_mixin.py:188} INFO - [FETCH] https://smartup.online/b/trade/txs/tdeal/order$export
[2026-06-19T08:19:16.876+0000] {logging_mixin.py:188} INFO - [OK] 6 ta yozuv olindi
[2026-06-19T08:19:19.542+0000] {logging_mixin.py:188} INFO - [DB] 'orders' — 6 ta qator yuklandi.
[2026-06-19T08:19:19.745+0000] {logging_mixin.py:188} INFO - [DB] 'order_products' — 6 ta qator yuklandi.
[2026-06-19T08:19:19.943+0000] {logging_mixin.py:188} INFO - [DB] 'order_product_details' — 7 ta qator yuklandi.
[2026-06-19T08:19:19.944+0000] {logging_mixin.py:188} INFO - [SKIP] 'order_product_action_margins' bo'sh, o'tkazib yuborildi.
[2026-06-19T08:19:19.945+0000] {logging_mixin.py:188} INFO - [SKIP] 'order_gifts' bo'sh, o'tkazib yuborildi.
[2026-06-19T08:19:19.945+0000] {logging_mixin.py:188} INFO - [SKIP] 'order_actions' bo'sh, o'tkazib yuborildi.
[2026-06-19T08:19:19.946+0000] {logging_mixin.py:188} INFO - [SKIP] 'order_consignments' bo'sh, o'tkazib yuborildi.
[2026-06-19T08:19:19.947+0000] {logging_mixin.py:188} INFO - === Orders pipeline tugadi ===
[2026-06-19T08:19:19.948+0000] {python.py:237} INFO - Done. Returned value was: None
[2026-06-19T08:19:19.949+0000] {taskinstance.py:441} INFO - ::group::Post task execution logs
[2026-06-19T08:19:19.963+0000] {taskinstance.py:1206} INFO - Marking task as SUCCESS. dag_id=sales_etl, task_id=order, run_id=scheduled__2026-06-18T06:00:00+00:00, execution_date=20260618T060000, start_date=20260619T081913, end_date=20260619T081919
[2026-06-19T08:19:19.997+0000] {local_task_job_runner.py:243} INFO - Task exited with return code 0
[2026-06-19T08:19:20.019+0000] {taskinstance.py:3503} INFO - 0 downstream tasks scheduled from follow-on schedule check
[2026-06-19T08:19:20.023+0000] {local_task_job_runner.py:222} INFO - ::endgroup::
