[2026-06-17T12:42:18.320+0000] {local_task_job_runner.py:120} INFO - ::group::Pre task execution logs
[2026-06-17T12:42:18.399+0000] {taskinstance.py:2076} INFO - Dependencies all met for dep_context=non-requeueable deps ti=<TaskInstance: references_etl.workspaces manual__2026-06-17T12:37:12.761490+00:00 [queued]>
[2026-06-17T12:42:18.417+0000] {taskinstance.py:2076} INFO - Dependencies all met for dep_context=requeueable deps ti=<TaskInstance: references_etl.workspaces manual__2026-06-17T12:37:12.761490+00:00 [queued]>
[2026-06-17T12:42:18.419+0000] {taskinstance.py:2306} INFO - Starting attempt 2 of 2
[2026-06-17T12:42:18.439+0000] {taskinstance.py:2330} INFO - Executing <Task(PythonOperator): workspaces> on 2026-06-17 12:37:12.761490+00:00
[2026-06-17T12:42:18.452+0000] {standard_task_runner.py:64} INFO - Started process 650 to run task
[2026-06-17T12:42:18.467+0000] {standard_task_runner.py:90} INFO - Running: ['***', 'tasks', 'run', 'references_etl', 'workspaces', 'manual__2026-06-17T12:37:12.761490+00:00', '--job-id', '47', '--raw', '--subdir', 'DAGS_FOLDER/references_dag.py', '--cfg-path', '/tmp/tmp67qzqhbm']
[2026-06-17T12:42:18.476+0000] {standard_task_runner.py:91} INFO - Job 47: Subtask workspaces
[2026-06-17T12:42:18.644+0000] {task_command.py:426} INFO - Running <TaskInstance: references_etl.workspaces manual__2026-06-17T12:37:12.761490+00:00 [running]> on host 04e5673ffdd2
[2026-06-17T12:42:18.838+0000] {taskinstance.py:2648} INFO - Exporting env vars: AIRFLOW_CTX_DAG_OWNER='yusufjon' AIRFLOW_CTX_DAG_ID='references_etl' AIRFLOW_CTX_TASK_ID='workspaces' AIRFLOW_CTX_EXECUTION_DATE='2026-06-17T12:37:12.761490+00:00' AIRFLOW_CTX_TRY_NUMBER='2' AIRFLOW_CTX_DAG_RUN_ID='manual__2026-06-17T12:37:12.761490+00:00'
[2026-06-17T12:42:18.839+0000] {taskinstance.py:430} INFO - ::endgroup::
[2026-06-17T12:42:18.865+0000] {logging_mixin.py:188} INFO - === Workspace pipeline ===
[2026-06-17T12:42:18.867+0000] {taskinstance.py:441} INFO - ::group::Post task execution logs
[2026-06-17T12:42:18.869+0000] {taskinstance.py:2905} ERROR - Task failed with exception
Traceback (most recent call last):
  File "/home/airflow/.local/lib/python3.11/site-packages/airflow/models/taskinstance.py", line 465, in _execute_task
    result = _execute_callable(context=context, **execute_callable_kwargs)
             ^^^^^^^^^^^^^^^^^^^^^^^^^^^^^^^^^^^^^^^^^^^^^^^^^^^^^^^^^^^^^
  File "/home/airflow/.local/lib/python3.11/site-packages/airflow/models/taskinstance.py", line 432, in _execute_callable
    return execute_callable(context=context, **execute_callable_kwargs)
           ^^^^^^^^^^^^^^^^^^^^^^^^^^^^^^^^^^^^^^^^^^^^^^^^^^^^^^^^^^^^
  File "/home/airflow/.local/lib/python3.11/site-packages/airflow/models/baseoperator.py", line 401, in wrapper
    return func(self, *args, **kwargs)
           ^^^^^^^^^^^^^^^^^^^^^^^^^^^
  File "/home/airflow/.local/lib/python3.11/site-packages/airflow/operators/python.py", line 235, in execute
    return_value = self.execute_callable()
                   ^^^^^^^^^^^^^^^^^^^^^^^
  File "/home/airflow/.local/lib/python3.11/site-packages/airflow/operators/python.py", line 252, in execute_callable
    return self.python_callable(*self.op_args, **self.op_kwargs)
           ^^^^^^^^^^^^^^^^^^^^^^^^^^^^^^^^^^^^^^^^^^^^^^^^^^^^^
  File "/opt/etl/pipelines/workspaces.py", line 50, in run
    get_headers(),
    ^^^^^^^^^^^^^
  File "/opt/etl/config.py", line 43, in get_headers
    with open("auth.json") as f:
         ^^^^^^^^^^^^^^^^^
FileNotFoundError: [Errno 2] No such file or directory: 'auth.json'
[2026-06-17T12:42:18.909+0000] {taskinstance.py:1206} INFO - Marking task as FAILED. dag_id=references_etl, task_id=workspaces, run_id=manual__2026-06-17T12:37:12.761490+00:00, execution_date=20260617T123712, start_date=20260617T124218, end_date=20260617T124218
[2026-06-17T12:42:18.930+0000] {standard_task_runner.py:110} ERROR - Failed to execute job 47 for task workspaces ([Errno 2] No such file or directory: 'auth.json'; 650)
[2026-06-17T12:42:18.965+0000] {local_task_job_runner.py:243} INFO - Task exited with return code 1
[2026-06-17T12:42:18.996+0000] {taskinstance.py:3503} INFO - 0 downstream tasks scheduled from follow-on schedule check
[2026-06-17T12:42:18.999+0000] {local_task_job_runner.py:222} INFO - ::endgroup::
