[2026-06-19T08:19:17.453+0000] {local_task_job_runner.py:120} INFO - ::group::Pre task execution logs
[2026-06-19T08:19:17.611+0000] {taskinstance.py:2076} INFO - Dependencies all met for dep_context=non-requeueable deps ti=<TaskInstance: warehouse_etl.stocktaking scheduled__2026-06-18T06:00:00+00:00 [queued]>
[2026-06-19T08:19:17.679+0000] {taskinstance.py:2076} INFO - Dependencies all met for dep_context=requeueable deps ti=<TaskInstance: warehouse_etl.stocktaking scheduled__2026-06-18T06:00:00+00:00 [queued]>
[2026-06-19T08:19:17.683+0000] {taskinstance.py:2306} INFO - Starting attempt 2 of 2
[2026-06-19T08:19:17.719+0000] {taskinstance.py:2330} INFO - Executing <Task(PythonOperator): stocktaking> on 2026-06-18 06:00:00+00:00
[2026-06-19T08:19:17.761+0000] {standard_task_runner.py:64} INFO - Started process 9928 to run task
[2026-06-19T08:19:17.845+0000] {standard_task_runner.py:90} INFO - Running: ['***', 'tasks', 'run', 'warehouse_etl', 'stocktaking', 'scheduled__2026-06-18T06:00:00+00:00', '--job-id', '271', '--raw', '--subdir', 'DAGS_FOLDER/warehouse_dag.py', '--cfg-path', '/tmp/tmpiwojyqqu']
[2026-06-19T08:19:17.858+0000] {standard_task_runner.py:91} INFO - Job 271: Subtask stocktaking
[2026-06-19T08:19:18.295+0000] {task_command.py:426} INFO - Running <TaskInstance: warehouse_etl.stocktaking scheduled__2026-06-18T06:00:00+00:00 [running]> on host 04e5673ffdd2
[2026-06-19T08:19:18.713+0000] {taskinstance.py:2648} INFO - Exporting env vars: AIRFLOW_CTX_DAG_OWNER='yusufjon' AIRFLOW_CTX_DAG_ID='warehouse_etl' AIRFLOW_CTX_TASK_ID='stocktaking' AIRFLOW_CTX_EXECUTION_DATE='2026-06-18T06:00:00+00:00' AIRFLOW_CTX_TRY_NUMBER='2' AIRFLOW_CTX_DAG_RUN_ID='scheduled__2026-06-18T06:00:00+00:00'
[2026-06-19T08:19:18.728+0000] {taskinstance.py:430} INFO - ::endgroup::
[2026-06-19T08:19:18.780+0000] {logging_mixin.py:188} INFO - === Stocktaking pipeline ===
[2026-06-19T08:19:18.871+0000] {logging_mixin.py:188} INFO - [FETCH] https://smartup.online/b/anor/mxsx/mkw/stocktaking$export
[2026-06-19T08:19:21.281+0000] {logging_mixin.py:188} INFO - [OK] 0 ta yozuv olindi
[2026-06-19T08:19:21.288+0000] {logging_mixin.py:188} INFO - Ma'lumot kelmadi, pipeline to'xtatildi.
[2026-06-19T08:19:21.290+0000] {python.py:237} INFO - Done. Returned value was: None
[2026-06-19T08:19:21.293+0000] {taskinstance.py:441} INFO - ::group::Post task execution logs
[2026-06-19T08:19:21.316+0000] {taskinstance.py:1206} INFO - Marking task as SUCCESS. dag_id=warehouse_etl, task_id=stocktaking, run_id=scheduled__2026-06-18T06:00:00+00:00, execution_date=20260618T060000, start_date=20260619T081917, end_date=20260619T081921
[2026-06-19T08:19:21.372+0000] {local_task_job_runner.py:243} INFO - Task exited with return code 0
[2026-06-19T08:19:21.415+0000] {taskinstance.py:3503} INFO - 0 downstream tasks scheduled from follow-on schedule check
[2026-06-19T08:19:21.420+0000] {local_task_job_runner.py:222} INFO - ::endgroup::
