[2026-06-17T12:36:45.053+0000] {local_task_job_runner.py:120} INFO - ::group::Pre task execution logs
[2026-06-17T12:36:45.121+0000] {taskinstance.py:2076} INFO - Dependencies all met for dep_context=non-requeueable deps ti=<TaskInstance: references_etl.legal_entity scheduled__2026-06-16T06:00:00+00:00 [queued]>
[2026-06-17T12:36:45.143+0000] {taskinstance.py:2076} INFO - Dependencies all met for dep_context=requeueable deps ti=<TaskInstance: references_etl.legal_entity scheduled__2026-06-16T06:00:00+00:00 [queued]>
[2026-06-17T12:36:45.147+0000] {taskinstance.py:2306} INFO - Starting attempt 1 of 2
[2026-06-17T12:36:45.176+0000] {taskinstance.py:2330} INFO - Executing <Task(PythonOperator): legal_entity> on 2026-06-16 06:00:00+00:00
[2026-06-17T12:36:45.188+0000] {standard_task_runner.py:64} INFO - Started process 341 to run task
[2026-06-17T12:36:45.200+0000] {standard_task_runner.py:90} INFO - Running: ['***', 'tasks', 'run', 'references_etl', 'legal_entity', 'scheduled__2026-06-16T06:00:00+00:00', '--job-id', '8', '--raw', '--subdir', 'DAGS_FOLDER/references_dag.py', '--cfg-path', '/tmp/tmpcxm20_58']
[2026-06-17T12:36:45.207+0000] {standard_task_runner.py:91} INFO - Job 8: Subtask legal_entity
[2026-06-17T12:36:45.369+0000] {task_command.py:426} INFO - Running <TaskInstance: references_etl.legal_entity scheduled__2026-06-16T06:00:00+00:00 [running]> on host 04e5673ffdd2
[2026-06-17T12:36:45.566+0000] {taskinstance.py:2648} INFO - Exporting env vars: AIRFLOW_CTX_DAG_OWNER='yusufjon' AIRFLOW_CTX_DAG_ID='references_etl' AIRFLOW_CTX_TASK_ID='legal_entity' AIRFLOW_CTX_EXECUTION_DATE='2026-06-16T06:00:00+00:00' AIRFLOW_CTX_TRY_NUMBER='1' AIRFLOW_CTX_DAG_RUN_ID='scheduled__2026-06-16T06:00:00+00:00'
[2026-06-17T12:36:45.569+0000] {taskinstance.py:430} INFO - ::endgroup::
[2026-06-17T12:36:45.621+0000] {logging_mixin.py:188} INFO - === Legal Entity pipeline ===
[2026-06-17T12:36:45.622+0000] {taskinstance.py:441} INFO - ::group::Post task execution logs
[2026-06-17T12:36:45.624+0000] {taskinstance.py:2905} ERROR - Task failed with exception
Traceback (most recent call last):
  File "/home/airflow/.local/lib/python3.11/site-packages/airflow/models/taskinstance.py", line 465, in _execute_task
    result = _execute_callable(context=context, **execute_callable_kwargs)
             ^^^^^^^^^^^^^^^^^^^^^^^^^^^^^^^^^^^^^^^^^^^^^^^^^^^^^^^^^^^^^
  File "/home/airflow/.local/lib/python3.11/site-packages/airflow/models/taskinstance.py", line 432, in _execute_callable
    return execute_callable(context=context, **execute_callable_kwargs)
           ^^^^^^^^^^^^^^^^^^^^^^^^^^^^^^^^^^^^^^^^^^^^^^^^^^^^^^^^^^^^
  File "/home/airflow/.local/lib/python3.11/site-packages/airflow/models/baseoperator.py", line 401, in wrapper
    return func(self, *args, **kwargs)
           ^^^^^^^^^^^^^^^^^^^^^^^^^^^
  File "/home/airflow/.local/lib/python3.11/site-packages/airflow/operators/python.py", line 235, in execute
    return_value = self.execute_callable()
                   ^^^^^^^^^^^^^^^^^^^^^^^
  File "/home/airflow/.local/lib/python3.11/site-packages/airflow/operators/python.py", line 252, in execute_callable
    return self.python_callable(*self.op_args, **self.op_kwargs)
           ^^^^^^^^^^^^^^^^^^^^^^^^^^^^^^^^^^^^^^^^^^^^^^^^^^^^^
  File "/opt/etl/pipelines/legal_entity.py", line 138, in run
    raw = fetch(ENDPOINTS["legal_entity"], get_headers(), key="legal_person")
                                           ^^^^^^^^^^^^^
  File "/opt/etl/config.py", line 43, in get_headers
    with open("auth.json") as f:
         ^^^^^^^^^^^^^^^^^
FileNotFoundError: [Errno 2] No such file or directory: 'auth.json'
[2026-06-17T12:36:45.671+0000] {taskinstance.py:1206} INFO - Marking task as UP_FOR_RETRY. dag_id=references_etl, task_id=legal_entity, run_id=scheduled__2026-06-16T06:00:00+00:00, execution_date=20260616T060000, start_date=20260617T123645, end_date=20260617T123645
[2026-06-17T12:36:45.694+0000] {standard_task_runner.py:110} ERROR - Failed to execute job 8 for task legal_entity ([Errno 2] No such file or directory: 'auth.json'; 341)
[2026-06-17T12:36:45.745+0000] {local_task_job_runner.py:243} INFO - Task exited with return code 1
[2026-06-17T12:36:45.771+0000] {local_task_job_runner.py:222} INFO - ::endgroup::
