[2026-06-18T10:03:10.288+0000] {local_task_job_runner.py:120} INFO - ::group::Pre task execution logs
[2026-06-18T10:03:10.392+0000] {taskinstance.py:2076} INFO - Dependencies all met for dep_context=non-requeueable deps ti=<TaskInstance: references_etl.inventory_price scheduled__2026-06-17T06:00:00+00:00 [queued]>
[2026-06-18T10:03:10.425+0000] {taskinstance.py:2076} INFO - Dependencies all met for dep_context=requeueable deps ti=<TaskInstance: references_etl.inventory_price scheduled__2026-06-17T06:00:00+00:00 [queued]>
[2026-06-18T10:03:10.441+0000] {taskinstance.py:2306} INFO - Starting attempt 2 of 2
[2026-06-18T10:03:10.507+0000] {taskinstance.py:2330} INFO - Executing <Task(PythonOperator): inventory_price> on 2026-06-17 06:00:00+00:00
[2026-06-18T10:03:10.566+0000] {standard_task_runner.py:64} INFO - Started process 7430 to run task
[2026-06-18T10:03:10.578+0000] {standard_task_runner.py:90} INFO - Running: ['***', 'tasks', 'run', 'references_etl', 'inventory_price', 'scheduled__2026-06-17T06:00:00+00:00', '--job-id', '222', '--raw', '--subdir', 'DAGS_FOLDER/references_dag.py', '--cfg-path', '/tmp/tmprxjq667m']
[2026-06-18T10:03:10.623+0000] {standard_task_runner.py:91} INFO - Job 222: Subtask inventory_price
[2026-06-18T10:03:10.907+0000] {task_command.py:426} INFO - Running <TaskInstance: references_etl.inventory_price scheduled__2026-06-17T06:00:00+00:00 [running]> on host 04e5673ffdd2
[2026-06-18T10:03:11.191+0000] {taskinstance.py:2648} INFO - Exporting env vars: AIRFLOW_CTX_DAG_OWNER='yusufjon' AIRFLOW_CTX_DAG_ID='references_etl' AIRFLOW_CTX_TASK_ID='inventory_price' AIRFLOW_CTX_EXECUTION_DATE='2026-06-17T06:00:00+00:00' AIRFLOW_CTX_TRY_NUMBER='2' AIRFLOW_CTX_DAG_RUN_ID='scheduled__2026-06-17T06:00:00+00:00'
[2026-06-18T10:03:11.221+0000] {taskinstance.py:430} INFO - ::endgroup::
[2026-06-18T10:03:11.295+0000] {logging_mixin.py:188} INFO - === Inventory Price pipeline ===
[2026-06-18T10:03:11.338+0000] {logging_mixin.py:188} INFO - [FETCH] https://smartup.online/b/anor/api/v2/mkf/product_price$export
[2026-06-18T10:03:15.341+0000] {logging_mixin.py:188} INFO - [OK] 1208 ta yozuv olindi
[2026-06-18T10:03:15.966+0000] {logging_mixin.py:188} INFO - [DB] 'inventory_prices' — 400 ta qator yuklandi.
[2026-06-18T10:03:16.186+0000] {logging_mixin.py:188} INFO - [DB] 'inventory_price_detail' — 340 ta qator yuklandi.
[2026-06-18T10:03:16.188+0000] {logging_mixin.py:188} INFO - === Inventory Price pipeline tugadi ===
[2026-06-18T10:03:16.190+0000] {python.py:237} INFO - Done. Returned value was: None
[2026-06-18T10:03:16.196+0000] {taskinstance.py:441} INFO - ::group::Post task execution logs
[2026-06-18T10:03:16.224+0000] {taskinstance.py:1206} INFO - Marking task as SUCCESS. dag_id=references_etl, task_id=inventory_price, run_id=scheduled__2026-06-17T06:00:00+00:00, execution_date=20260617T060000, start_date=20260618T100310, end_date=20260618T100316
[2026-06-18T10:03:16.260+0000] {local_task_job_runner.py:243} INFO - Task exited with return code 0
[2026-06-18T10:03:16.291+0000] {taskinstance.py:3503} INFO - 0 downstream tasks scheduled from follow-on schedule check
[2026-06-18T10:03:16.306+0000] {local_task_job_runner.py:222} INFO - ::endgroup::
