[2026-06-17T12:58:18.662+0000] {local_task_job_runner.py:120} INFO - ::group::Pre task execution logs
[2026-06-17T12:58:18.746+0000] {taskinstance.py:2076} INFO - Dependencies all met for dep_context=non-requeueable deps ti=<TaskInstance: references_etl.contracts manual__2026-06-17T12:58:16.234878+00:00 [queued]>
[2026-06-17T12:58:18.766+0000] {taskinstance.py:2076} INFO - Dependencies all met for dep_context=requeueable deps ti=<TaskInstance: references_etl.contracts manual__2026-06-17T12:58:16.234878+00:00 [queued]>
[2026-06-17T12:58:18.767+0000] {taskinstance.py:2306} INFO - Starting attempt 1 of 2
[2026-06-17T12:58:18.800+0000] {taskinstance.py:2330} INFO - Executing <Task(PythonOperator): contracts> on 2026-06-17 12:58:16.234878+00:00
[2026-06-17T12:58:18.816+0000] {standard_task_runner.py:64} INFO - Started process 1376 to run task
[2026-06-17T12:58:18.827+0000] {standard_task_runner.py:90} INFO - Running: ['***', 'tasks', 'run', 'references_etl', 'contracts', 'manual__2026-06-17T12:58:16.234878+00:00', '--job-id', '101', '--raw', '--subdir', 'DAGS_FOLDER/references_dag.py', '--cfg-path', '/tmp/tmpyqieybzi']
[2026-06-17T12:58:18.839+0000] {standard_task_runner.py:91} INFO - Job 101: Subtask contracts
[2026-06-17T12:58:19.009+0000] {task_command.py:426} INFO - Running <TaskInstance: references_etl.contracts manual__2026-06-17T12:58:16.234878+00:00 [running]> on host 04e5673ffdd2
[2026-06-17T12:58:19.246+0000] {taskinstance.py:2648} INFO - Exporting env vars: AIRFLOW_CTX_DAG_OWNER='yusufjon' AIRFLOW_CTX_DAG_ID='references_etl' AIRFLOW_CTX_TASK_ID='contracts' AIRFLOW_CTX_EXECUTION_DATE='2026-06-17T12:58:16.234878+00:00' AIRFLOW_CTX_TRY_NUMBER='1' AIRFLOW_CTX_DAG_RUN_ID='manual__2026-06-17T12:58:16.234878+00:00'
[2026-06-17T12:58:19.248+0000] {taskinstance.py:430} INFO - ::endgroup::
[2026-06-17T12:58:19.281+0000] {logging_mixin.py:188} INFO - === Contract pipeline ===
[2026-06-17T12:58:19.286+0000] {logging_mixin.py:188} INFO - [FETCH] https://smartup.online/b/anor/mxsx/mkf/contract$export
[2026-06-17T12:58:23.364+0000] {taskinstance.py:441} INFO - ::group::Post task execution logs
[2026-06-17T12:58:23.373+0000] {taskinstance.py:2905} ERROR - Task failed with exception
Traceback (most recent call last):
  File "/home/airflow/.local/lib/python3.11/site-packages/airflow/models/taskinstance.py", line 465, in _execute_task
    result = _execute_callable(context=context, **execute_callable_kwargs)
             ^^^^^^^^^^^^^^^^^^^^^^^^^^^^^^^^^^^^^^^^^^^^^^^^^^^^^^^^^^^^^
  File "/home/airflow/.local/lib/python3.11/site-packages/airflow/models/taskinstance.py", line 432, in _execute_callable
    return execute_callable(context=context, **execute_callable_kwargs)
           ^^^^^^^^^^^^^^^^^^^^^^^^^^^^^^^^^^^^^^^^^^^^^^^^^^^^^^^^^^^^
  File "/home/airflow/.local/lib/python3.11/site-packages/airflow/models/baseoperator.py", line 401, in wrapper
    return func(self, *args, **kwargs)
           ^^^^^^^^^^^^^^^^^^^^^^^^^^^
  File "/home/airflow/.local/lib/python3.11/site-packages/airflow/operators/python.py", line 235, in execute
    return_value = self.execute_callable()
                   ^^^^^^^^^^^^^^^^^^^^^^^
  File "/home/airflow/.local/lib/python3.11/site-packages/airflow/operators/python.py", line 252, in execute_callable
    return self.python_callable(*self.op_args, **self.op_kwargs)
           ^^^^^^^^^^^^^^^^^^^^^^^^^^^^^^^^^^^^^^^^^^^^^^^^^^^^^
  File "/opt/etl/pipelines/contracts.py", line 100, in run
    raw = fetch(
          ^^^^^^
  File "/opt/etl/client.py", line 131, in fetch
    raise Exception(f"[XATO] Status: {response.status_code} — {response.text}")
Exception: [XATO] Status: 400 — {"error_code":"A02-24-194","message":"Тело запроса пустое"}

[2026-06-17T12:58:23.415+0000] {taskinstance.py:1206} INFO - Marking task as UP_FOR_RETRY. dag_id=references_etl, task_id=contracts, run_id=manual__2026-06-17T12:58:16.234878+00:00, execution_date=20260617T125816, start_date=20260617T125818, end_date=20260617T125823
[2026-06-17T12:58:23.442+0000] {standard_task_runner.py:110} ERROR - Failed to execute job 101 for task contracts ([XATO] Status: 400 — {"error_code":"A02-24-194","message":"Тело запроса пустое"}
; 1376)
[2026-06-17T12:58:23.486+0000] {local_task_job_runner.py:243} INFO - Task exited with return code 1
[2026-06-17T12:58:23.514+0000] {local_task_job_runner.py:222} INFO - ::endgroup::
