[2026-06-18T10:03:10.194+0000] {local_task_job_runner.py:120} INFO - ::group::Pre task execution logs
[2026-06-18T10:03:10.401+0000] {taskinstance.py:2076} INFO - Dependencies all met for dep_context=non-requeueable deps ti=<TaskInstance: references_etl.contracts scheduled__2026-06-17T06:00:00+00:00 [queued]>
[2026-06-18T10:03:10.469+0000] {taskinstance.py:2076} INFO - Dependencies all met for dep_context=requeueable deps ti=<TaskInstance: references_etl.contracts scheduled__2026-06-17T06:00:00+00:00 [queued]>
[2026-06-18T10:03:10.485+0000] {taskinstance.py:2306} INFO - Starting attempt 2 of 2
[2026-06-18T10:03:10.540+0000] {taskinstance.py:2330} INFO - Executing <Task(PythonOperator): contracts> on 2026-06-17 06:00:00+00:00
[2026-06-18T10:03:10.576+0000] {standard_task_runner.py:64} INFO - Started process 7431 to run task
[2026-06-18T10:03:10.635+0000] {standard_task_runner.py:90} INFO - Running: ['***', 'tasks', 'run', 'references_etl', 'contracts', 'scheduled__2026-06-17T06:00:00+00:00', '--job-id', '226', '--raw', '--subdir', 'DAGS_FOLDER/references_dag.py', '--cfg-path', '/tmp/tmpmasmfo45']
[2026-06-18T10:03:10.723+0000] {standard_task_runner.py:91} INFO - Job 226: Subtask contracts
[2026-06-18T10:03:11.344+0000] {task_command.py:426} INFO - Running <TaskInstance: references_etl.contracts scheduled__2026-06-17T06:00:00+00:00 [running]> on host 04e5673ffdd2
[2026-06-18T10:03:11.827+0000] {taskinstance.py:2648} INFO - Exporting env vars: AIRFLOW_CTX_DAG_OWNER='yusufjon' AIRFLOW_CTX_DAG_ID='references_etl' AIRFLOW_CTX_TASK_ID='contracts' AIRFLOW_CTX_EXECUTION_DATE='2026-06-17T06:00:00+00:00' AIRFLOW_CTX_TRY_NUMBER='2' AIRFLOW_CTX_DAG_RUN_ID='scheduled__2026-06-17T06:00:00+00:00'
[2026-06-18T10:03:11.846+0000] {taskinstance.py:430} INFO - ::endgroup::
[2026-06-18T10:03:11.894+0000] {logging_mixin.py:188} INFO - === Contract pipeline ===
[2026-06-18T10:03:11.914+0000] {logging_mixin.py:188} INFO - [FETCH] https://smartup.online/b/anor/mxsx/mkf/contract$export
[2026-06-18T10:03:15.583+0000] {logging_mixin.py:188} INFO - [OK] 68 ta yozuv olindi
[2026-06-18T10:03:16.154+0000] {logging_mixin.py:188} INFO - [DB] 'contracts' — 58 ta qator yuklandi.
[2026-06-18T10:03:16.155+0000] {logging_mixin.py:188} INFO - [SKIP] 'sub_contracts' bo'sh, o'tkazib yuborildi.
[2026-06-18T10:03:16.156+0000] {logging_mixin.py:188} INFO - === Contract pipeline tugadi ===
[2026-06-18T10:03:16.157+0000] {python.py:237} INFO - Done. Returned value was: None
[2026-06-18T10:03:16.158+0000] {taskinstance.py:441} INFO - ::group::Post task execution logs
[2026-06-18T10:03:16.175+0000] {taskinstance.py:1206} INFO - Marking task as SUCCESS. dag_id=references_etl, task_id=contracts, run_id=scheduled__2026-06-17T06:00:00+00:00, execution_date=20260617T060000, start_date=20260618T100310, end_date=20260618T100316
[2026-06-18T10:03:16.226+0000] {local_task_job_runner.py:243} INFO - Task exited with return code 0
[2026-06-18T10:03:16.259+0000] {taskinstance.py:3503} INFO - 0 downstream tasks scheduled from follow-on schedule check
[2026-06-18T10:03:16.264+0000] {local_task_job_runner.py:222} INFO - ::endgroup::
