[2026-06-19T08:19:17.071+0000] {local_task_job_runner.py:120} INFO - ::group::Pre task execution logs
[2026-06-19T08:19:17.195+0000] {taskinstance.py:2076} INFO - Dependencies all met for dep_context=non-requeueable deps ti=<TaskInstance: references_etl.producers scheduled__2026-06-18T06:00:00+00:00 [queued]>
[2026-06-19T08:19:17.220+0000] {taskinstance.py:2076} INFO - Dependencies all met for dep_context=requeueable deps ti=<TaskInstance: references_etl.producers scheduled__2026-06-18T06:00:00+00:00 [queued]>
[2026-06-19T08:19:17.232+0000] {taskinstance.py:2306} INFO - Starting attempt 2 of 2
[2026-06-19T08:19:17.265+0000] {taskinstance.py:2330} INFO - Executing <Task(PythonOperator): producers> on 2026-06-18 06:00:00+00:00
[2026-06-19T08:19:17.285+0000] {standard_task_runner.py:64} INFO - Started process 9923 to run task
[2026-06-19T08:19:17.314+0000] {standard_task_runner.py:90} INFO - Running: ['***', 'tasks', 'run', 'references_etl', 'producers', 'scheduled__2026-06-18T06:00:00+00:00', '--job-id', '263', '--raw', '--subdir', 'DAGS_FOLDER/references_dag.py', '--cfg-path', '/tmp/tmp6xz2078d']
[2026-06-19T08:19:17.341+0000] {standard_task_runner.py:91} INFO - Job 263: Subtask producers
[2026-06-19T08:19:17.746+0000] {task_command.py:426} INFO - Running <TaskInstance: references_etl.producers scheduled__2026-06-18T06:00:00+00:00 [running]> on host 04e5673ffdd2
[2026-06-19T08:19:18.598+0000] {taskinstance.py:2648} INFO - Exporting env vars: AIRFLOW_CTX_DAG_OWNER='yusufjon' AIRFLOW_CTX_DAG_ID='references_etl' AIRFLOW_CTX_TASK_ID='producers' AIRFLOW_CTX_EXECUTION_DATE='2026-06-18T06:00:00+00:00' AIRFLOW_CTX_TRY_NUMBER='2' AIRFLOW_CTX_DAG_RUN_ID='scheduled__2026-06-18T06:00:00+00:00'
[2026-06-19T08:19:18.616+0000] {taskinstance.py:430} INFO - ::endgroup::
[2026-06-19T08:19:18.656+0000] {logging_mixin.py:188} INFO - === Producers pipeline ===
[2026-06-19T08:19:18.726+0000] {logging_mixin.py:188} INFO - [FETCH] https://smartup.online/b/anor/mxsx/mr/producer$export
[2026-06-19T08:19:21.696+0000] {logging_mixin.py:188} INFO - [OK] 679 ta yozuv olindi
[2026-06-19T08:19:22.318+0000] {logging_mixin.py:188} INFO - [DB] 'producers' — 15 ta qator yuklandi.
[2026-06-19T08:19:22.320+0000] {logging_mixin.py:188} INFO - === Producers pipeline tugadi ===
[2026-06-19T08:19:22.322+0000] {python.py:237} INFO - Done. Returned value was: None
[2026-06-19T08:19:22.323+0000] {taskinstance.py:441} INFO - ::group::Post task execution logs
[2026-06-19T08:19:22.342+0000] {taskinstance.py:1206} INFO - Marking task as SUCCESS. dag_id=references_etl, task_id=producers, run_id=scheduled__2026-06-18T06:00:00+00:00, execution_date=20260618T060000, start_date=20260619T081917, end_date=20260619T081922
[2026-06-19T08:19:22.389+0000] {local_task_job_runner.py:243} INFO - Task exited with return code 0
[2026-06-19T08:19:22.421+0000] {taskinstance.py:3503} INFO - 0 downstream tasks scheduled from follow-on schedule check
[2026-06-19T08:19:22.429+0000] {local_task_job_runner.py:222} INFO - ::endgroup::
