[2026-06-18T10:03:10.129+0000] {local_task_job_runner.py:120} INFO - ::group::Pre task execution logs
[2026-06-18T10:03:10.275+0000] {taskinstance.py:2076} INFO - Dependencies all met for dep_context=non-requeueable deps ti=<TaskInstance: references_etl.natural_person scheduled__2026-06-17T06:00:00+00:00 [queued]>
[2026-06-18T10:03:10.303+0000] {taskinstance.py:2076} INFO - Dependencies all met for dep_context=requeueable deps ti=<TaskInstance: references_etl.natural_person scheduled__2026-06-17T06:00:00+00:00 [queued]>
[2026-06-18T10:03:10.328+0000] {taskinstance.py:2306} INFO - Starting attempt 2 of 2
[2026-06-18T10:03:10.408+0000] {taskinstance.py:2330} INFO - Executing <Task(PythonOperator): natural_person> on 2026-06-17 06:00:00+00:00
[2026-06-18T10:03:10.447+0000] {standard_task_runner.py:64} INFO - Started process 7424 to run task
[2026-06-18T10:03:10.465+0000] {standard_task_runner.py:90} INFO - Running: ['***', 'tasks', 'run', 'references_etl', 'natural_person', 'scheduled__2026-06-17T06:00:00+00:00', '--job-id', '221', '--raw', '--subdir', 'DAGS_FOLDER/references_dag.py', '--cfg-path', '/tmp/tmpieuhe9my']
[2026-06-18T10:03:10.529+0000] {standard_task_runner.py:91} INFO - Job 221: Subtask natural_person
[2026-06-18T10:03:10.997+0000] {task_command.py:426} INFO - Running <TaskInstance: references_etl.natural_person scheduled__2026-06-17T06:00:00+00:00 [running]> on host 04e5673ffdd2
[2026-06-18T10:03:11.778+0000] {taskinstance.py:2648} INFO - Exporting env vars: AIRFLOW_CTX_DAG_OWNER='yusufjon' AIRFLOW_CTX_DAG_ID='references_etl' AIRFLOW_CTX_TASK_ID='natural_person' AIRFLOW_CTX_EXECUTION_DATE='2026-06-17T06:00:00+00:00' AIRFLOW_CTX_TRY_NUMBER='2' AIRFLOW_CTX_DAG_RUN_ID='scheduled__2026-06-17T06:00:00+00:00'
[2026-06-18T10:03:11.804+0000] {taskinstance.py:430} INFO - ::endgroup::
[2026-06-18T10:03:11.856+0000] {logging_mixin.py:188} INFO - === Natural Persons pipeline ===
[2026-06-18T10:03:11.883+0000] {logging_mixin.py:188} INFO - [FETCH] https://smartup.online/b/anor/mxsx/mr/natural_person$export
[2026-06-18T10:03:16.867+0000] {logging_mixin.py:188} INFO - [OK] 1113 ta yozuv olindi
[2026-06-18T10:03:17.909+0000] {logging_mixin.py:188} INFO - [DB] 'natural_persons' — 1113 ta qator yuklandi.
[2026-06-18T10:03:18.071+0000] {logging_mixin.py:188} INFO - [DB] 'person_group' — 257 ta qator yuklandi.
[2026-06-18T10:03:18.344+0000] {logging_mixin.py:188} INFO - [DB] 'person_room' — 1008 ta qator yuklandi.
[2026-06-18T10:03:18.344+0000] {logging_mixin.py:188} INFO - === Natural Persons pipeline tugadi ===
[2026-06-18T10:03:18.345+0000] {python.py:237} INFO - Done. Returned value was: None
[2026-06-18T10:03:18.346+0000] {taskinstance.py:441} INFO - ::group::Post task execution logs
[2026-06-18T10:03:18.358+0000] {taskinstance.py:1206} INFO - Marking task as SUCCESS. dag_id=references_etl, task_id=natural_person, run_id=scheduled__2026-06-17T06:00:00+00:00, execution_date=20260617T060000, start_date=20260618T100310, end_date=20260618T100318
[2026-06-18T10:03:18.403+0000] {local_task_job_runner.py:243} INFO - Task exited with return code 0
[2026-06-18T10:03:18.420+0000] {taskinstance.py:3503} INFO - 0 downstream tasks scheduled from follow-on schedule check
[2026-06-18T10:03:18.422+0000] {local_task_job_runner.py:222} INFO - ::endgroup::
