[2026-06-19T08:19:17.369+0000] {local_task_job_runner.py:120} INFO - ::group::Pre task execution logs
[2026-06-19T08:19:17.640+0000] {taskinstance.py:2076} INFO - Dependencies all met for dep_context=non-requeueable deps ti=<TaskInstance: references_etl.products scheduled__2026-06-18T06:00:00+00:00 [queued]>
[2026-06-19T08:19:17.682+0000] {taskinstance.py:2076} INFO - Dependencies all met for dep_context=requeueable deps ti=<TaskInstance: references_etl.products scheduled__2026-06-18T06:00:00+00:00 [queued]>
[2026-06-19T08:19:17.686+0000] {taskinstance.py:2306} INFO - Starting attempt 2 of 2
[2026-06-19T08:19:17.745+0000] {taskinstance.py:2330} INFO - Executing <Task(PythonOperator): products> on 2026-06-18 06:00:00+00:00
[2026-06-19T08:19:17.770+0000] {standard_task_runner.py:64} INFO - Started process 9929 to run task
[2026-06-19T08:19:17.816+0000] {standard_task_runner.py:90} INFO - Running: ['***', 'tasks', 'run', 'references_etl', 'products', 'scheduled__2026-06-18T06:00:00+00:00', '--job-id', '265', '--raw', '--subdir', 'DAGS_FOLDER/references_dag.py', '--cfg-path', '/tmp/tmpq3ib7nwk']
[2026-06-19T08:19:17.855+0000] {standard_task_runner.py:91} INFO - Job 265: Subtask products
[2026-06-19T08:19:18.307+0000] {task_command.py:426} INFO - Running <TaskInstance: references_etl.products scheduled__2026-06-18T06:00:00+00:00 [running]> on host 04e5673ffdd2
[2026-06-19T08:19:18.707+0000] {taskinstance.py:2648} INFO - Exporting env vars: AIRFLOW_CTX_DAG_OWNER='yusufjon' AIRFLOW_CTX_DAG_ID='references_etl' AIRFLOW_CTX_TASK_ID='products' AIRFLOW_CTX_EXECUTION_DATE='2026-06-18T06:00:00+00:00' AIRFLOW_CTX_TRY_NUMBER='2' AIRFLOW_CTX_DAG_RUN_ID='scheduled__2026-06-18T06:00:00+00:00'
[2026-06-19T08:19:18.715+0000] {taskinstance.py:430} INFO - ::endgroup::
[2026-06-19T08:19:18.766+0000] {logging_mixin.py:188} INFO - === Products pipeline ===
[2026-06-19T08:19:18.837+0000] {logging_mixin.py:188} INFO - [FETCH] https://smartup.online/b/anor/mxsx/mr/inventory$export
[2026-06-19T08:19:38.755+0000] {logging_mixin.py:188} INFO - [OK] 17887 ta yozuv olindi
[2026-06-19T08:19:42.366+0000] {logging_mixin.py:188} INFO - [DB] 'products' — 3117 ta qator yuklandi.
[2026-06-19T08:19:42.724+0000] {logging_mixin.py:188} INFO - [DB] 'product_group' — 8733 ta qator yuklandi.
[2026-06-19T08:19:42.967+0000] {logging_mixin.py:188} INFO - [DB] 'product_inventory_kind' — 3134 ta qator yuklandi.
[2026-06-19T08:19:43.146+0000] {logging_mixin.py:188} INFO - [DB] 'product_sector' — 110 ta qator yuklandi.
[2026-06-19T08:19:43.147+0000] {logging_mixin.py:188} INFO - === Products pipeline tugadi ===
[2026-06-19T08:19:43.163+0000] {python.py:237} INFO - Done. Returned value was: None
[2026-06-19T08:19:43.165+0000] {taskinstance.py:441} INFO - ::group::Post task execution logs
[2026-06-19T08:19:43.179+0000] {taskinstance.py:1206} INFO - Marking task as SUCCESS. dag_id=references_etl, task_id=products, run_id=scheduled__2026-06-18T06:00:00+00:00, execution_date=20260618T060000, start_date=20260619T081917, end_date=20260619T081943
[2026-06-19T08:19:43.234+0000] {local_task_job_runner.py:243} INFO - Task exited with return code 0
[2026-06-19T08:19:43.266+0000] {taskinstance.py:3503} INFO - 0 downstream tasks scheduled from follow-on schedule check
[2026-06-19T08:19:43.269+0000] {local_task_job_runner.py:222} INFO - ::endgroup::
