[2026-06-17T14:21:44.870+0000] {local_task_job_runner.py:120} INFO - ::group::Pre task execution logs
[2026-06-17T14:21:44.934+0000] {taskinstance.py:2076} INFO - Dependencies all met for dep_context=non-requeueable deps ti=<TaskInstance: sales_etl.visit manual__2026-06-17T13:49:28.218485+00:00 [queued]>
[2026-06-17T14:21:44.950+0000] {taskinstance.py:2076} INFO - Dependencies all met for dep_context=requeueable deps ti=<TaskInstance: sales_etl.visit manual__2026-06-17T13:49:28.218485+00:00 [queued]>
[2026-06-17T14:21:44.959+0000] {taskinstance.py:2306} INFO - Starting attempt 5 of 6
[2026-06-17T14:21:44.983+0000] {taskinstance.py:2330} INFO - Executing <Task(PythonOperator): visit> on 2026-06-17 13:49:28.218485+00:00
[2026-06-17T14:21:44.994+0000] {standard_task_runner.py:64} INFO - Started process 4439 to run task
[2026-06-17T14:21:45.002+0000] {standard_task_runner.py:90} INFO - Running: ['***', 'tasks', 'run', 'sales_etl', 'visit', 'manual__2026-06-17T13:49:28.218485+00:00', '--job-id', '171', '--raw', '--subdir', 'DAGS_FOLDER/sales_dag.py', '--cfg-path', '/tmp/tmps41q9tg7']
[2026-06-17T14:21:45.009+0000] {standard_task_runner.py:91} INFO - Job 171: Subtask visit
[2026-06-17T14:21:45.159+0000] {task_command.py:426} INFO - Running <TaskInstance: sales_etl.visit manual__2026-06-17T13:49:28.218485+00:00 [running]> on host 04e5673ffdd2
[2026-06-17T14:21:45.330+0000] {taskinstance.py:2648} INFO - Exporting env vars: AIRFLOW_CTX_DAG_OWNER='yusufjon' AIRFLOW_CTX_DAG_ID='sales_etl' AIRFLOW_CTX_TASK_ID='visit' AIRFLOW_CTX_EXECUTION_DATE='2026-06-17T13:49:28.218485+00:00' AIRFLOW_CTX_TRY_NUMBER='5' AIRFLOW_CTX_DAG_RUN_ID='manual__2026-06-17T13:49:28.218485+00:00'
[2026-06-17T14:21:45.332+0000] {taskinstance.py:430} INFO - ::endgroup::
[2026-06-17T14:21:45.349+0000] {logging_mixin.py:188} INFO - === Visit pipeline ===
[2026-06-17T14:21:45.352+0000] {logging_mixin.py:188} INFO - [FETCH] https://smartup.online/b/trade/txs/tvt/visit$export
[2026-06-17T14:21:47.658+0000] {logging_mixin.py:188} INFO - [OK] 4 ta yozuv olindi
[2026-06-17T14:21:47.664+0000] {taskinstance.py:441} INFO - ::group::Post task execution logs
[2026-06-17T14:21:47.666+0000] {taskinstance.py:2905} ERROR - Task failed with exception
Traceback (most recent call last):
  File "/home/airflow/.local/lib/python3.11/site-packages/airflow/models/taskinstance.py", line 465, in _execute_task
    result = _execute_callable(context=context, **execute_callable_kwargs)
             ^^^^^^^^^^^^^^^^^^^^^^^^^^^^^^^^^^^^^^^^^^^^^^^^^^^^^^^^^^^^^
  File "/home/airflow/.local/lib/python3.11/site-packages/airflow/models/taskinstance.py", line 432, in _execute_callable
    return execute_callable(context=context, **execute_callable_kwargs)
           ^^^^^^^^^^^^^^^^^^^^^^^^^^^^^^^^^^^^^^^^^^^^^^^^^^^^^^^^^^^^
  File "/home/airflow/.local/lib/python3.11/site-packages/airflow/models/baseoperator.py", line 401, in wrapper
    return func(self, *args, **kwargs)
           ^^^^^^^^^^^^^^^^^^^^^^^^^^^
  File "/home/airflow/.local/lib/python3.11/site-packages/airflow/operators/python.py", line 235, in execute
    return_value = self.execute_callable()
                   ^^^^^^^^^^^^^^^^^^^^^^^
  File "/home/airflow/.local/lib/python3.11/site-packages/airflow/operators/python.py", line 252, in execute_callable
    return self.python_callable(*self.op_args, **self.op_kwargs)
           ^^^^^^^^^^^^^^^^^^^^^^^^^^^^^^^^^^^^^^^^^^^^^^^^^^^^^
  File "/opt/etl/pipelines/visit.py", line 264, in run
    if visit_list.empty:
       ^^^^^^^^^^^^^^^^
AttributeError: 'list' object has no attribute 'empty'
[2026-06-17T14:21:47.712+0000] {taskinstance.py:1206} INFO - Marking task as UP_FOR_RETRY. dag_id=sales_etl, task_id=visit, run_id=manual__2026-06-17T13:49:28.218485+00:00, execution_date=20260617T134928, start_date=20260617T142144, end_date=20260617T142147
[2026-06-17T14:21:47.748+0000] {standard_task_runner.py:110} ERROR - Failed to execute job 171 for task visit ('list' object has no attribute 'empty'; 4439)
[2026-06-17T14:21:47.805+0000] {local_task_job_runner.py:243} INFO - Task exited with return code 1
[2026-06-17T14:21:47.845+0000] {taskinstance.py:3503} INFO - 0 downstream tasks scheduled from follow-on schedule check
[2026-06-17T14:21:47.851+0000] {local_task_job_runner.py:222} INFO - ::endgroup::
