[2026-06-17T14:29:22.511+0000] {local_task_job_runner.py:120} INFO - ::group::Pre task execution logs
[2026-06-17T14:29:22.572+0000] {taskinstance.py:2076} INFO - Dependencies all met for dep_context=non-requeueable deps ti=<TaskInstance: sales_etl.visit manual__2026-06-17T13:49:28.218485+00:00 [queued]>
[2026-06-17T14:29:22.588+0000] {taskinstance.py:2076} INFO - Dependencies all met for dep_context=requeueable deps ti=<TaskInstance: sales_etl.visit manual__2026-06-17T13:49:28.218485+00:00 [queued]>
[2026-06-17T14:29:22.591+0000] {taskinstance.py:2306} INFO - Starting attempt 7 of 8
[2026-06-17T14:29:22.615+0000] {taskinstance.py:2330} INFO - Executing <Task(PythonOperator): visit> on 2026-06-17 13:49:28.218485+00:00
[2026-06-17T14:29:22.626+0000] {standard_task_runner.py:64} INFO - Started process 4715 to run task
[2026-06-17T14:29:22.633+0000] {standard_task_runner.py:90} INFO - Running: ['***', 'tasks', 'run', 'sales_etl', 'visit', 'manual__2026-06-17T13:49:28.218485+00:00', '--job-id', '173', '--raw', '--subdir', 'DAGS_FOLDER/sales_dag.py', '--cfg-path', '/tmp/tmpt4dmfjlh']
[2026-06-17T14:29:22.643+0000] {standard_task_runner.py:91} INFO - Job 173: Subtask visit
[2026-06-17T14:29:22.784+0000] {task_command.py:426} INFO - Running <TaskInstance: sales_etl.visit manual__2026-06-17T13:49:28.218485+00:00 [running]> on host 04e5673ffdd2
[2026-06-17T14:29:22.949+0000] {taskinstance.py:2648} INFO - Exporting env vars: AIRFLOW_CTX_DAG_OWNER='yusufjon' AIRFLOW_CTX_DAG_ID='sales_etl' AIRFLOW_CTX_TASK_ID='visit' AIRFLOW_CTX_EXECUTION_DATE='2026-06-17T13:49:28.218485+00:00' AIRFLOW_CTX_TRY_NUMBER='7' AIRFLOW_CTX_DAG_RUN_ID='manual__2026-06-17T13:49:28.218485+00:00'
[2026-06-17T14:29:22.951+0000] {taskinstance.py:430} INFO - ::endgroup::
[2026-06-17T14:29:22.966+0000] {logging_mixin.py:188} INFO - === Visit pipeline ===
[2026-06-17T14:29:22.969+0000] {logging_mixin.py:188} INFO - [FETCH] https://smartup.online/b/trade/txs/tvt/visit$export
[2026-06-17T14:29:24.970+0000] {logging_mixin.py:188} INFO - [OK] 4 ta yozuv olindi
[2026-06-17T14:29:25.674+0000] {logging_mixin.py:188} INFO - [DB] 'visits' — 4 ta qator yuklandi.
[2026-06-17T14:29:25.955+0000] {logging_mixin.py:188} INFO - [DB] 'visit_person_types' — 27 ta qator yuklandi.
[2026-06-17T14:29:26.248+0000] {logging_mixin.py:188} INFO - [DB] 'visit_stocks' — 6 ta qator yuklandi.
[2026-06-17T14:29:26.250+0000] {logging_mixin.py:188} INFO - [SKIP] 'visit_merchandisings' — bo'sh
[2026-06-17T14:29:26.251+0000] {logging_mixin.py:188} INFO - [SKIP] 'visit_assortments' — bo'sh
[2026-06-17T14:29:26.252+0000] {logging_mixin.py:188} INFO - [SKIP] 'visit_planograms' — bo'sh
[2026-06-17T14:29:26.254+0000] {logging_mixin.py:188} INFO - [SKIP] 'visit_planogram_equipments' — bo'sh
[2026-06-17T14:29:26.255+0000] {logging_mixin.py:188} INFO - [SKIP] 'visit_planogram_products' — bo'sh
[2026-06-17T14:29:26.256+0000] {logging_mixin.py:188} INFO - [SKIP] 'visit_shelf_own' — bo'sh
[2026-06-17T14:29:26.258+0000] {logging_mixin.py:188} INFO - [SKIP] 'visit_shelf_competitor' — bo'sh
[2026-06-17T14:29:26.259+0000] {logging_mixin.py:188} INFO - [SKIP] 'visit_price_tags' — bo'sh
[2026-06-17T14:29:26.260+0000] {logging_mixin.py:188} INFO - [SKIP] 'visit_displays' — bo'sh
[2026-06-17T14:29:26.261+0000] {logging_mixin.py:188} INFO - [SKIP] 'visit_quizzes' — bo'sh
[2026-06-17T14:29:26.262+0000] {logging_mixin.py:188} INFO - [SKIP] 'visit_equipments' — bo'sh
[2026-06-17T14:29:26.532+0000] {logging_mixin.py:188} INFO - [DB] 'visit_comments' — 4 ta qator yuklandi.
[2026-06-17T14:29:26.534+0000] {logging_mixin.py:188} INFO - === Visit pipeline tugadi ===
[2026-06-17T14:29:26.536+0000] {python.py:237} INFO - Done. Returned value was: None
[2026-06-17T14:29:26.538+0000] {taskinstance.py:441} INFO - ::group::Post task execution logs
[2026-06-17T14:29:26.563+0000] {taskinstance.py:1206} INFO - Marking task as SUCCESS. dag_id=sales_etl, task_id=visit, run_id=manual__2026-06-17T13:49:28.218485+00:00, execution_date=20260617T134928, start_date=20260617T142922, end_date=20260617T142926
[2026-06-17T14:29:26.643+0000] {local_task_job_runner.py:243} INFO - Task exited with return code 0
[2026-06-17T14:29:26.669+0000] {taskinstance.py:3503} INFO - 0 downstream tasks scheduled from follow-on schedule check
[2026-06-17T14:29:26.674+0000] {local_task_job_runner.py:222} INFO - ::endgroup::
