[2026-06-17T14:26:49.511+0000] {local_task_job_runner.py:120} INFO - ::group::Pre task execution logs
[2026-06-17T14:26:49.557+0000] {taskinstance.py:2076} INFO - Dependencies all met for dep_context=non-requeueable deps ti=<TaskInstance: sales_etl.visit manual__2026-06-17T13:49:28.218485+00:00 [queued]>
[2026-06-17T14:26:49.571+0000] {taskinstance.py:2076} INFO - Dependencies all met for dep_context=requeueable deps ti=<TaskInstance: sales_etl.visit manual__2026-06-17T13:49:28.218485+00:00 [queued]>
[2026-06-17T14:26:49.573+0000] {taskinstance.py:2306} INFO - Starting attempt 6 of 6
[2026-06-17T14:26:49.589+0000] {taskinstance.py:2330} INFO - Executing <Task(PythonOperator): visit> on 2026-06-17 13:49:28.218485+00:00
[2026-06-17T14:26:49.596+0000] {standard_task_runner.py:64} INFO - Started process 4622 to run task
[2026-06-17T14:26:49.601+0000] {standard_task_runner.py:90} INFO - Running: ['***', 'tasks', 'run', 'sales_etl', 'visit', 'manual__2026-06-17T13:49:28.218485+00:00', '--job-id', '172', '--raw', '--subdir', 'DAGS_FOLDER/sales_dag.py', '--cfg-path', '/tmp/tmpim0to1dg']
[2026-06-17T14:26:49.606+0000] {standard_task_runner.py:91} INFO - Job 172: Subtask visit
[2026-06-17T14:26:49.691+0000] {task_command.py:426} INFO - Running <TaskInstance: sales_etl.visit manual__2026-06-17T13:49:28.218485+00:00 [running]> on host 04e5673ffdd2
[2026-06-17T14:26:49.808+0000] {taskinstance.py:2648} INFO - Exporting env vars: AIRFLOW_CTX_DAG_OWNER='yusufjon' AIRFLOW_CTX_DAG_ID='sales_etl' AIRFLOW_CTX_TASK_ID='visit' AIRFLOW_CTX_EXECUTION_DATE='2026-06-17T13:49:28.218485+00:00' AIRFLOW_CTX_TRY_NUMBER='6' AIRFLOW_CTX_DAG_RUN_ID='manual__2026-06-17T13:49:28.218485+00:00'
[2026-06-17T14:26:49.811+0000] {taskinstance.py:430} INFO - ::endgroup::
[2026-06-17T14:26:49.833+0000] {logging_mixin.py:188} INFO - === Visit pipeline ===
[2026-06-17T14:26:49.839+0000] {logging_mixin.py:188} INFO - [FETCH] https://smartup.online/b/trade/txs/tvt/visit$export
[2026-06-17T14:26:52.005+0000] {logging_mixin.py:188} INFO - [OK] 4 ta yozuv olindi
[2026-06-17T14:26:52.007+0000] {taskinstance.py:441} INFO - ::group::Post task execution logs
[2026-06-17T14:26:52.009+0000] {taskinstance.py:2905} ERROR - Task failed with exception
Traceback (most recent call last):
  File "/home/airflow/.local/lib/python3.11/site-packages/airflow/models/taskinstance.py", line 465, in _execute_task
    result = _execute_callable(context=context, **execute_callable_kwargs)
             ^^^^^^^^^^^^^^^^^^^^^^^^^^^^^^^^^^^^^^^^^^^^^^^^^^^^^^^^^^^^^
  File "/home/airflow/.local/lib/python3.11/site-packages/airflow/models/taskinstance.py", line 432, in _execute_callable
    return execute_callable(context=context, **execute_callable_kwargs)
           ^^^^^^^^^^^^^^^^^^^^^^^^^^^^^^^^^^^^^^^^^^^^^^^^^^^^^^^^^^^^
  File "/home/airflow/.local/lib/python3.11/site-packages/airflow/models/baseoperator.py", line 401, in wrapper
    return func(self, *args, **kwargs)
           ^^^^^^^^^^^^^^^^^^^^^^^^^^^
  File "/home/airflow/.local/lib/python3.11/site-packages/airflow/operators/python.py", line 235, in execute
    return_value = self.execute_callable()
                   ^^^^^^^^^^^^^^^^^^^^^^^
  File "/home/airflow/.local/lib/python3.11/site-packages/airflow/operators/python.py", line 252, in execute_callable
    return self.python_callable(*self.op_args, **self.op_kwargs)
           ^^^^^^^^^^^^^^^^^^^^^^^^^^^^^^^^^^^^^^^^^^^^^^^^^^^^^
  File "/opt/etl/pipelines/visit.py", line 264, in run
    if visit_list.empty:
       ^^^^^^^^^^^^^^^^
AttributeError: 'list' object has no attribute 'empty'
[2026-06-17T14:26:52.031+0000] {taskinstance.py:1206} INFO - Marking task as FAILED. dag_id=sales_etl, task_id=visit, run_id=manual__2026-06-17T13:49:28.218485+00:00, execution_date=20260617T134928, start_date=20260617T142649, end_date=20260617T142652
[2026-06-17T14:26:52.052+0000] {standard_task_runner.py:110} ERROR - Failed to execute job 172 for task visit ('list' object has no attribute 'empty'; 4622)
[2026-06-17T14:26:52.069+0000] {local_task_job_runner.py:243} INFO - Task exited with return code 1
[2026-06-17T14:26:52.089+0000] {taskinstance.py:3503} INFO - 0 downstream tasks scheduled from follow-on schedule check
[2026-06-17T14:26:52.093+0000] {local_task_job_runner.py:222} INFO - ::endgroup::
