[2026-06-17T13:49:29.515+0000] {local_task_job_runner.py:120} INFO - ::group::Pre task execution logs
[2026-06-17T13:49:29.562+0000] {taskinstance.py:2076} INFO - Dependencies all met for dep_context=non-requeueable deps ti=<TaskInstance: sales_etl.returns manual__2026-06-17T13:49:28.218485+00:00 [queued]>
[2026-06-17T13:49:29.575+0000] {taskinstance.py:2076} INFO - Dependencies all met for dep_context=requeueable deps ti=<TaskInstance: sales_etl.returns manual__2026-06-17T13:49:28.218485+00:00 [queued]>
[2026-06-17T13:49:29.576+0000] {taskinstance.py:2306} INFO - Starting attempt 1 of 2
[2026-06-17T13:49:29.593+0000] {taskinstance.py:2330} INFO - Executing <Task(PythonOperator): returns> on 2026-06-17 13:49:28.218485+00:00
[2026-06-17T13:49:29.600+0000] {standard_task_runner.py:64} INFO - Started process 3320 to run task
[2026-06-17T13:49:29.606+0000] {standard_task_runner.py:90} INFO - Running: ['***', 'tasks', 'run', 'sales_etl', 'returns', 'manual__2026-06-17T13:49:28.218485+00:00', '--job-id', '166', '--raw', '--subdir', 'DAGS_FOLDER/sales_dag.py', '--cfg-path', '/tmp/tmpimbwk_zx']
[2026-06-17T13:49:29.610+0000] {standard_task_runner.py:91} INFO - Job 166: Subtask returns
[2026-06-17T13:49:29.720+0000] {task_command.py:426} INFO - Running <TaskInstance: sales_etl.returns manual__2026-06-17T13:49:28.218485+00:00 [running]> on host 04e5673ffdd2
[2026-06-17T13:49:29.841+0000] {taskinstance.py:2648} INFO - Exporting env vars: AIRFLOW_CTX_DAG_OWNER='yusufjon' AIRFLOW_CTX_DAG_ID='sales_etl' AIRFLOW_CTX_TASK_ID='returns' AIRFLOW_CTX_EXECUTION_DATE='2026-06-17T13:49:28.218485+00:00' AIRFLOW_CTX_TRY_NUMBER='1' AIRFLOW_CTX_DAG_RUN_ID='manual__2026-06-17T13:49:28.218485+00:00'
[2026-06-17T13:49:29.843+0000] {taskinstance.py:430} INFO - ::endgroup::
[2026-06-17T13:49:29.863+0000] {logging_mixin.py:188} INFO - === Return pipeline ===
[2026-06-17T13:49:29.867+0000] {logging_mixin.py:188} INFO - [FETCH] https://smartup.online/b/anor/mxsx/mdeal/return$export
[2026-06-17T13:49:31.891+0000] {logging_mixin.py:188} INFO - [OK] 1 ta yozuv olindi
[2026-06-17T13:49:32.306+0000] {logging_mixin.py:188} INFO - [DB] 'returns' — 1 ta qator yuklandi.
[2026-06-17T13:49:32.487+0000] {logging_mixin.py:188} INFO - [DB] 'return_products' — 1 ta qator yuklandi.
[2026-06-17T13:49:32.488+0000] {logging_mixin.py:188} INFO - === Return pipeline tugadi ===
[2026-06-17T13:49:32.489+0000] {python.py:237} INFO - Done. Returned value was: None
[2026-06-17T13:49:32.490+0000] {taskinstance.py:441} INFO - ::group::Post task execution logs
[2026-06-17T13:49:32.505+0000] {taskinstance.py:1206} INFO - Marking task as SUCCESS. dag_id=sales_etl, task_id=returns, run_id=manual__2026-06-17T13:49:28.218485+00:00, execution_date=20260617T134928, start_date=20260617T134929, end_date=20260617T134932
[2026-06-17T13:49:32.551+0000] {local_task_job_runner.py:243} INFO - Task exited with return code 0
[2026-06-17T13:49:32.573+0000] {taskinstance.py:3503} INFO - 0 downstream tasks scheduled from follow-on schedule check
[2026-06-17T13:49:32.576+0000] {local_task_job_runner.py:222} INFO - ::endgroup::
