[2026-06-17T12:58:18.644+0000] {local_task_job_runner.py:120} INFO - ::group::Pre task execution logs
[2026-06-17T12:58:18.740+0000] {taskinstance.py:2076} INFO - Dependencies all met for dep_context=non-requeueable deps ti=<TaskInstance: references_etl.workspaces manual__2026-06-17T12:58:16.234878+00:00 [queued]>
[2026-06-17T12:58:18.764+0000] {taskinstance.py:2076} INFO - Dependencies all met for dep_context=requeueable deps ti=<TaskInstance: references_etl.workspaces manual__2026-06-17T12:58:16.234878+00:00 [queued]>
[2026-06-17T12:58:18.769+0000] {taskinstance.py:2306} INFO - Starting attempt 1 of 2
[2026-06-17T12:58:18.805+0000] {taskinstance.py:2330} INFO - Executing <Task(PythonOperator): workspaces> on 2026-06-17 12:58:16.234878+00:00
[2026-06-17T12:58:18.821+0000] {standard_task_runner.py:64} INFO - Started process 1377 to run task
[2026-06-17T12:58:18.828+0000] {standard_task_runner.py:90} INFO - Running: ['***', 'tasks', 'run', 'references_etl', 'workspaces', 'manual__2026-06-17T12:58:16.234878+00:00', '--job-id', '100', '--raw', '--subdir', 'DAGS_FOLDER/references_dag.py', '--cfg-path', '/tmp/tmp01das9ra']
[2026-06-17T12:58:18.837+0000] {standard_task_runner.py:91} INFO - Job 100: Subtask workspaces
[2026-06-17T12:58:19.018+0000] {task_command.py:426} INFO - Running <TaskInstance: references_etl.workspaces manual__2026-06-17T12:58:16.234878+00:00 [running]> on host 04e5673ffdd2
[2026-06-17T12:58:19.261+0000] {taskinstance.py:2648} INFO - Exporting env vars: AIRFLOW_CTX_DAG_OWNER='yusufjon' AIRFLOW_CTX_DAG_ID='references_etl' AIRFLOW_CTX_TASK_ID='workspaces' AIRFLOW_CTX_EXECUTION_DATE='2026-06-17T12:58:16.234878+00:00' AIRFLOW_CTX_TRY_NUMBER='1' AIRFLOW_CTX_DAG_RUN_ID='manual__2026-06-17T12:58:16.234878+00:00'
[2026-06-17T12:58:19.267+0000] {taskinstance.py:430} INFO - ::endgroup::
[2026-06-17T12:58:19.301+0000] {logging_mixin.py:188} INFO - === Workspace pipeline ===
[2026-06-17T12:58:19.305+0000] {logging_mixin.py:188} INFO - [FETCH] https://smartup.online/b/anor/mxsx/mrf/room$export
[2026-06-17T12:58:22.672+0000] {taskinstance.py:441} INFO - ::group::Post task execution logs
[2026-06-17T12:58:22.676+0000] {taskinstance.py:2905} ERROR - Task failed with exception
Traceback (most recent call last):
  File "/home/airflow/.local/lib/python3.11/site-packages/airflow/models/taskinstance.py", line 465, in _execute_task
    result = _execute_callable(context=context, **execute_callable_kwargs)
             ^^^^^^^^^^^^^^^^^^^^^^^^^^^^^^^^^^^^^^^^^^^^^^^^^^^^^^^^^^^^^
  File "/home/airflow/.local/lib/python3.11/site-packages/airflow/models/taskinstance.py", line 432, in _execute_callable
    return execute_callable(context=context, **execute_callable_kwargs)
           ^^^^^^^^^^^^^^^^^^^^^^^^^^^^^^^^^^^^^^^^^^^^^^^^^^^^^^^^^^^^
  File "/home/airflow/.local/lib/python3.11/site-packages/airflow/models/baseoperator.py", line 401, in wrapper
    return func(self, *args, **kwargs)
           ^^^^^^^^^^^^^^^^^^^^^^^^^^^
  File "/home/airflow/.local/lib/python3.11/site-packages/airflow/operators/python.py", line 235, in execute
    return_value = self.execute_callable()
                   ^^^^^^^^^^^^^^^^^^^^^^^
  File "/home/airflow/.local/lib/python3.11/site-packages/airflow/operators/python.py", line 252, in execute_callable
    return self.python_callable(*self.op_args, **self.op_kwargs)
           ^^^^^^^^^^^^^^^^^^^^^^^^^^^^^^^^^^^^^^^^^^^^^^^^^^^^^
  File "/opt/etl/pipelines/workspaces.py", line 48, in run
    raw = fetch(
          ^^^^^^
  File "/opt/etl/client.py", line 131, in fetch
    raise Exception(f"[XATO] Status: {response.status_code} — {response.text}")
Exception: [XATO] Status: 400 — {"error_code":"A02-24-122","message":"Неверный формат даты в фильтре"}

[2026-06-17T12:58:22.713+0000] {taskinstance.py:1206} INFO - Marking task as UP_FOR_RETRY. dag_id=references_etl, task_id=workspaces, run_id=manual__2026-06-17T12:58:16.234878+00:00, execution_date=20260617T125816, start_date=20260617T125818, end_date=20260617T125822
[2026-06-17T12:58:22.743+0000] {standard_task_runner.py:110} ERROR - Failed to execute job 100 for task workspaces ([XATO] Status: 400 — {"error_code":"A02-24-122","message":"Неверный формат даты в фильтре"}
; 1377)
[2026-06-17T12:58:22.762+0000] {local_task_job_runner.py:243} INFO - Task exited with return code 1
[2026-06-17T12:58:22.802+0000] {taskinstance.py:3503} INFO - 0 downstream tasks scheduled from follow-on schedule check
[2026-06-17T12:58:22.834+0000] {local_task_job_runner.py:222} INFO - ::endgroup::
