[2026-06-17T13:03:24.175+0000] {local_task_job_runner.py:120} INFO - ::group::Pre task execution logs
[2026-06-17T13:03:24.228+0000] {taskinstance.py:2076} INFO - Dependencies all met for dep_context=non-requeueable deps ti=<TaskInstance: references_etl.workspaces manual__2026-06-17T12:58:16.234878+00:00 [queued]>
[2026-06-17T13:03:24.243+0000] {taskinstance.py:2076} INFO - Dependencies all met for dep_context=requeueable deps ti=<TaskInstance: references_etl.workspaces manual__2026-06-17T12:58:16.234878+00:00 [queued]>
[2026-06-17T13:03:24.244+0000] {taskinstance.py:2306} INFO - Starting attempt 2 of 2
[2026-06-17T13:03:24.307+0000] {taskinstance.py:2330} INFO - Executing <Task(PythonOperator): workspaces> on 2026-06-17 12:58:16.234878+00:00
[2026-06-17T13:03:24.318+0000] {standard_task_runner.py:64} INFO - Started process 1574 to run task
[2026-06-17T13:03:24.333+0000] {standard_task_runner.py:90} INFO - Running: ['***', 'tasks', 'run', 'references_etl', 'workspaces', 'manual__2026-06-17T12:58:16.234878+00:00', '--job-id', '113', '--raw', '--subdir', 'DAGS_FOLDER/references_dag.py', '--cfg-path', '/tmp/tmp_64m748s']
[2026-06-17T13:03:24.342+0000] {standard_task_runner.py:91} INFO - Job 113: Subtask workspaces
[2026-06-17T13:03:24.497+0000] {task_command.py:426} INFO - Running <TaskInstance: references_etl.workspaces manual__2026-06-17T12:58:16.234878+00:00 [running]> on host 04e5673ffdd2
[2026-06-17T13:03:24.727+0000] {taskinstance.py:2648} INFO - Exporting env vars: AIRFLOW_CTX_DAG_OWNER='yusufjon' AIRFLOW_CTX_DAG_ID='references_etl' AIRFLOW_CTX_TASK_ID='workspaces' AIRFLOW_CTX_EXECUTION_DATE='2026-06-17T12:58:16.234878+00:00' AIRFLOW_CTX_TRY_NUMBER='2' AIRFLOW_CTX_DAG_RUN_ID='manual__2026-06-17T12:58:16.234878+00:00'
[2026-06-17T13:03:24.730+0000] {taskinstance.py:430} INFO - ::endgroup::
[2026-06-17T13:03:24.763+0000] {logging_mixin.py:188} INFO - === Workspace pipeline ===
[2026-06-17T13:03:24.768+0000] {logging_mixin.py:188} INFO - [FETCH] https://smartup.online/b/anor/mxsx/mrf/room$export
[2026-06-17T13:03:32.108+0000] {taskinstance.py:441} INFO - ::group::Post task execution logs
[2026-06-17T13:03:32.113+0000] {taskinstance.py:2905} ERROR - Task failed with exception
Traceback (most recent call last):
  File "/home/airflow/.local/lib/python3.11/site-packages/airflow/models/taskinstance.py", line 465, in _execute_task
    result = _execute_callable(context=context, **execute_callable_kwargs)
             ^^^^^^^^^^^^^^^^^^^^^^^^^^^^^^^^^^^^^^^^^^^^^^^^^^^^^^^^^^^^^
  File "/home/airflow/.local/lib/python3.11/site-packages/airflow/models/taskinstance.py", line 432, in _execute_callable
    return execute_callable(context=context, **execute_callable_kwargs)
           ^^^^^^^^^^^^^^^^^^^^^^^^^^^^^^^^^^^^^^^^^^^^^^^^^^^^^^^^^^^^
  File "/home/airflow/.local/lib/python3.11/site-packages/airflow/models/baseoperator.py", line 401, in wrapper
    return func(self, *args, **kwargs)
           ^^^^^^^^^^^^^^^^^^^^^^^^^^^
  File "/home/airflow/.local/lib/python3.11/site-packages/airflow/operators/python.py", line 235, in execute
    return_value = self.execute_callable()
                   ^^^^^^^^^^^^^^^^^^^^^^^
  File "/home/airflow/.local/lib/python3.11/site-packages/airflow/operators/python.py", line 252, in execute_callable
    return self.python_callable(*self.op_args, **self.op_kwargs)
           ^^^^^^^^^^^^^^^^^^^^^^^^^^^^^^^^^^^^^^^^^^^^^^^^^^^^^
  File "/opt/etl/pipelines/workspaces.py", line 48, in run
    raw = fetch(
          ^^^^^^
  File "/opt/etl/client.py", line 131, in fetch
    raise Exception(f"[XATO] Status: {response.status_code} — {response.text}")
Exception: [XATO] Status: 400 — {"error_code":"A02-24-122","message":"Неверный формат даты в фильтре"}

[2026-06-17T13:03:32.182+0000] {taskinstance.py:1206} INFO - Marking task as FAILED. dag_id=references_etl, task_id=workspaces, run_id=manual__2026-06-17T12:58:16.234878+00:00, execution_date=20260617T125816, start_date=20260617T130324, end_date=20260617T130332
[2026-06-17T13:03:32.216+0000] {standard_task_runner.py:110} ERROR - Failed to execute job 113 for task workspaces ([XATO] Status: 400 — {"error_code":"A02-24-122","message":"Неверный формат даты в фильтре"}
; 1574)
[2026-06-17T13:03:32.275+0000] {local_task_job_runner.py:243} INFO - Task exited with return code 1
[2026-06-17T13:03:32.303+0000] {local_task_job_runner.py:222} INFO - ::endgroup::
